[0.261s] DEBUG:colcon:Command line arguments: ['/usr/bin/colcon', 'build', '--symlink-install']
[0.262s] DEBUG:colcon:Parsed command line arguments: Namespace(log_base=None, log_level=None, verb_name='build', build_base='build', install_base='install', merge_install=False, symlink_install=True, test_result_base=None, continue_on_error=False, executor='parallel', parallel_workers=4, event_handlers=None, ignore_user_meta=False, metas=['./colcon.meta'], base_paths=['.'], packages_ignore=None, packages_ignore_regex=None, paths=None, packages_up_to=None, packages_up_to_regex=None, packages_above=None, packages_above_and_dependencies=None, packages_above_depth=None, packages_select_by_dep=None, packages_skip_by_dep=None, packages_skip_up_to=None, packages_select_build_failed=False, packages_skip_build_finished=False, packages_select_test_failures=False, packages_skip_test_passed=False, packages_select=None, packages_skip=None, packages_select_regex=None, packages_skip_regex=None, packages_start=None, packages_end=None, allow_overriding=[], cmake_args=None, cmake_target=None, cmake_target_skip_unavailable=False, cmake_clean_cache=False, cmake_clean_first=False, cmake_force_configure=False, ament_cmake_args=None, catkin_cmake_args=None, catkin_skip_building_tests=False, verb_parser=<colcon_defaults.argument_parser.defaults.DefaultArgumentsDecorator object at 0xffff9e0fc9b0>, verb_extension=<colcon_core.verb.build.BuildVerb object at 0xffff9e2a54c0>, main=<bound method BuildVerb.main of <colcon_core.verb.build.BuildVerb object at 0xffff9e2a54c0>>)
[0.375s] Level 1:colcon.colcon_core.package_discovery:discover_packages(colcon_meta) check parameters
[0.375s] Level 1:colcon.colcon_core.package_discovery:discover_packages(recursive) check parameters
[0.376s] Level 1:colcon.colcon_core.package_discovery:discover_packages(ignore) check parameters
[0.376s] Level 1:colcon.colcon_core.package_discovery:discover_packages(path) check parameters
[0.376s] Level 1:colcon.colcon_core.package_discovery:discover_packages(colcon_meta) discover
[0.376s] Level 1:colcon.colcon_core.package_discovery:discover_packages(recursive) discover
[0.376s] INFO:colcon.colcon_core.package_discovery:Crawling recursively for packages in '/home/roy/biped_lower/deploy/biped_ws'
[0.376s] Level 1:colcon.colcon_core.package_identification:_identify(.) by extensions ['ignore', 'ignore_ament_install']
[0.376s] Level 1:colcon.colcon_core.package_identification:_identify(.) by extension 'ignore'
[0.376s] Level 1:colcon.colcon_core.package_identification:_identify(.) by extension 'ignore_ament_install'
[0.376s] Level 1:colcon.colcon_core.package_identification:_identify(.) by extensions ['colcon_pkg']
[0.376s] Level 1:colcon.colcon_core.package_identification:_identify(.) by extension 'colcon_pkg'
[0.376s] Level 1:colcon.colcon_core.package_identification:_identify(.) by extensions ['colcon_meta']
[0.376s] Level 1:colcon.colcon_core.package_identification:_identify(.) by extension 'colcon_meta'
[0.376s] Level 1:colcon.colcon_core.package_identification:_identify(.) by extensions ['ros']
[0.376s] Level 1:colcon.colcon_core.package_identification:_identify(.) by extension 'ros'
[0.435s] Level 1:colcon.colcon_core.package_identification:_identify(.) by extensions ['cmake', 'python']
[0.435s] Level 1:colcon.colcon_core.package_identification:_identify(.) by extension 'cmake'
[0.435s] Level 1:colcon.colcon_core.package_identification:_identify(.) by extension 'python'
[0.435s] Level 1:colcon.colcon_core.package_identification:_identify(.) by extensions ['python_setup_py']
[0.435s] Level 1:colcon.colcon_core.package_identification:_identify(.) by extension 'python_setup_py'
[0.436s] Level 1:colcon.colcon_core.package_identification:_identify(build) by extensions ['ignore', 'ignore_ament_install']
[0.436s] Level 1:colcon.colcon_core.package_identification:_identify(build) by extension 'ignore'
[0.436s] Level 1:colcon.colcon_core.package_identification:_identify(build) ignored
[0.436s] Level 1:colcon.colcon_core.package_identification:_identify(install) by extensions ['ignore', 'ignore_ament_install']
[0.436s] Level 1:colcon.colcon_core.package_identification:_identify(install) by extension 'ignore'
[0.436s] Level 1:colcon.colcon_core.package_identification:_identify(install) ignored
[0.436s] Level 1:colcon.colcon_core.package_identification:_identify(log) by extensions ['ignore', 'ignore_ament_install']
[0.436s] Level 1:colcon.colcon_core.package_identification:_identify(log) by extension 'ignore'
[0.436s] Level 1:colcon.colcon_core.package_identification:_identify(log) ignored
[0.436s] Level 1:colcon.colcon_core.package_identification:_identify(src) by extensions ['ignore', 'ignore_ament_install']
[0.437s] Level 1:colcon.colcon_core.package_identification:_identify(src) by extension 'ignore'
[0.437s] Level 1:colcon.colcon_core.package_identification:_identify(src) by extension 'ignore_ament_install'
[0.437s] Level 1:colcon.colcon_core.package_identification:_identify(src) by extensions ['colcon_pkg']
[0.437s] Level 1:colcon.colcon_core.package_identification:_identify(src) by extension 'colcon_pkg'
[0.437s] Level 1:colcon.colcon_core.package_identification:_identify(src) by extensions ['colcon_meta']
[0.437s] Level 1:colcon.colcon_core.package_identification:_identify(src) by extension 'colcon_meta'
[0.437s] Level 1:colcon.colcon_core.package_identification:_identify(src) by extensions ['ros']
[0.437s] Level 1:colcon.colcon_core.package_identification:_identify(src) by extension 'ros'
[0.437s] Level 1:colcon.colcon_core.package_identification:_identify(src) by extensions ['cmake', 'python']
[0.437s] Level 1:colcon.colcon_core.package_identification:_identify(src) by extension 'cmake'
[0.437s] Level 1:colcon.colcon_core.package_identification:_identify(src) by extension 'python'
[0.437s] Level 1:colcon.colcon_core.package_identification:_identify(src) by extensions ['python_setup_py']
[0.437s] Level 1:colcon.colcon_core.package_identification:_identify(src) by extension 'python_setup_py'
[0.437s] Level 1:colcon.colcon_core.package_identification:_identify(src/biped_bringup) by extensions ['ignore', 'ignore_ament_install']
[0.437s] Level 1:colcon.colcon_core.package_identification:_identify(src/biped_bringup) by extension 'ignore'
[0.438s] Level 1:colcon.colcon_core.package_identification:_identify(src/biped_bringup) by extension 'ignore_ament_install'
[0.438s] Level 1:colcon.colcon_core.package_identification:_identify(src/biped_bringup) by extensions ['colcon_pkg']
[0.438s] Level 1:colcon.colcon_core.package_identification:_identify(src/biped_bringup) by extension 'colcon_pkg'
[0.438s] Level 1:colcon.colcon_core.package_identification:_identify(src/biped_bringup) by extensions ['colcon_meta']
[0.438s] Level 1:colcon.colcon_core.package_identification:_identify(src/biped_bringup) by extension 'colcon_meta'
[0.438s] Level 1:colcon.colcon_core.package_identification:_identify(src/biped_bringup) by extensions ['ros']
[0.438s] Level 1:colcon.colcon_core.package_identification:_identify(src/biped_bringup) by extension 'ros'
[0.445s] DEBUG:colcon.colcon_core.package_identification:Package 'src/biped_bringup' with type 'ros.ament_python' and name 'biped_bringup'
[0.446s] Level 1:colcon.colcon_core.package_identification:_identify(src/biped_control) by extensions ['ignore', 'ignore_ament_install']
[0.446s] Level 1:colcon.colcon_core.package_identification:_identify(src/biped_control) by extension 'ignore'
[0.446s] Level 1:colcon.colcon_core.package_identification:_identify(src/biped_control) by extension 'ignore_ament_install'
[0.446s] Level 1:colcon.colcon_core.package_identification:_identify(src/biped_control) by extensions ['colcon_pkg']
[0.446s] Level 1:colcon.colcon_core.package_identification:_identify(src/biped_control) by extension 'colcon_pkg'
[0.446s] Level 1:colcon.colcon_core.package_identification:_identify(src/biped_control) by extensions ['colcon_meta']
[0.446s] Level 1:colcon.colcon_core.package_identification:_identify(src/biped_control) by extension 'colcon_meta'
[0.446s] Level 1:colcon.colcon_core.package_identification:_identify(src/biped_control) by extensions ['ros']
[0.446s] Level 1:colcon.colcon_core.package_identification:_identify(src/biped_control) by extension 'ros'
[0.447s] DEBUG:colcon.colcon_core.package_identification:Package 'src/biped_control' with type 'ros.ament_python' and name 'biped_control'
[0.448s] Level 1:colcon.colcon_core.package_identification:_identify(src/biped_description) by extensions ['ignore', 'ignore_ament_install']
[0.448s] Level 1:colcon.colcon_core.package_identification:_identify(src/biped_description) by extension 'ignore'
[0.448s] Level 1:colcon.colcon_core.package_identification:_identify(src/biped_description) by extension 'ignore_ament_install'
[0.448s] Level 1:colcon.colcon_core.package_identification:_identify(src/biped_description) by extensions ['colcon_pkg']
[0.448s] Level 1:colcon.colcon_core.package_identification:_identify(src/biped_description) by extension 'colcon_pkg'
[0.448s] Level 1:colcon.colcon_core.package_identification:_identify(src/biped_description) by extensions ['colcon_meta']
[0.448s] Level 1:colcon.colcon_core.package_identification:_identify(src/biped_description) by extension 'colcon_meta'
[0.448s] Level 1:colcon.colcon_core.package_identification:_identify(src/biped_description) by extensions ['ros']
[0.448s] Level 1:colcon.colcon_core.package_identification:_identify(src/biped_description) by extension 'ros'
[0.449s] DEBUG:colcon.colcon_core.package_identification:Package 'src/biped_description' with type 'ros.ament_cmake' and name 'biped_description'
[0.449s] Level 1:colcon.colcon_core.package_identification:_identify(src/biped_driver) by extensions ['ignore', 'ignore_ament_install']
[0.449s] Level 1:colcon.colcon_core.package_identification:_identify(src/biped_driver) by extension 'ignore'
[0.449s] Level 1:colcon.colcon_core.package_identification:_identify(src/biped_driver) by extension 'ignore_ament_install'
[0.449s] Level 1:colcon.colcon_core.package_identification:_identify(src/biped_driver) by extensions ['colcon_pkg']
[0.449s] Level 1:colcon.colcon_core.package_identification:_identify(src/biped_driver) by extension 'colcon_pkg'
[0.449s] Level 1:colcon.colcon_core.package_identification:_identify(src/biped_driver) by extensions ['colcon_meta']
[0.449s] Level 1:colcon.colcon_core.package_identification:_identify(src/biped_driver) by extension 'colcon_meta'
[0.449s] Level 1:colcon.colcon_core.package_identification:_identify(src/biped_driver) by extensions ['ros']
[0.449s] Level 1:colcon.colcon_core.package_identification:_identify(src/biped_driver) by extension 'ros'
[0.451s] DEBUG:colcon.colcon_core.package_identification:Package 'src/biped_driver' with type 'ros.ament_python' and name 'biped_driver'
[0.451s] Level 1:colcon.colcon_core.package_identification:_identify(src/biped_msgs) by extensions ['ignore', 'ignore_ament_install']
[0.451s] Level 1:colcon.colcon_core.package_identification:_identify(src/biped_msgs) by extension 'ignore'
[0.451s] Level 1:colcon.colcon_core.package_identification:_identify(src/biped_msgs) by extension 'ignore_ament_install'
[0.451s] Level 1:colcon.colcon_core.package_identification:_identify(src/biped_msgs) by extensions ['colcon_pkg']
[0.452s] Level 1:colcon.colcon_core.package_identification:_identify(src/biped_msgs) by extension 'colcon_pkg'
[0.452s] Level 1:colcon.colcon_core.package_identification:_identify(src/biped_msgs) by extensions ['colcon_meta']
[0.452s] Level 1:colcon.colcon_core.package_identification:_identify(src/biped_msgs) by extension 'colcon_meta'
[0.452s] Level 1:colcon.colcon_core.package_identification:_identify(src/biped_msgs) by extensions ['ros']
[0.452s] Level 1:colcon.colcon_core.package_identification:_identify(src/biped_msgs) by extension 'ros'
[0.453s] DEBUG:colcon.colcon_core.package_identification:Package 'src/biped_msgs' with type 'ros.catkin' and name 'biped_msgs'
[0.453s] Level 1:colcon.colcon_core.package_identification:_identify(src/biped_teleop) by extensions ['ignore', 'ignore_ament_install']
[0.453s] Level 1:colcon.colcon_core.package_identification:_identify(src/biped_teleop) by extension 'ignore'
[0.453s] Level 1:colcon.colcon_core.package_identification:_identify(src/biped_teleop) by extension 'ignore_ament_install'
[0.453s] Level 1:colcon.colcon_core.package_identification:_identify(src/biped_teleop) by extensions ['colcon_pkg']
[0.453s] Level 1:colcon.colcon_core.package_identification:_identify(src/biped_teleop) by extension 'colcon_pkg'
[0.453s] Level 1:colcon.colcon_core.package_identification:_identify(src/biped_teleop) by extensions ['colcon_meta']
[0.453s] Level 1:colcon.colcon_core.package_identification:_identify(src/biped_teleop) by extension 'colcon_meta'
[0.453s] Level 1:colcon.colcon_core.package_identification:_identify(src/biped_teleop) by extensions ['ros']
[0.453s] Level 1:colcon.colcon_core.package_identification:_identify(src/biped_teleop) by extension 'ros'
[0.454s] DEBUG:colcon.colcon_core.package_identification:Package 'src/biped_teleop' with type 'ros.ament_python' and name 'biped_teleop'
[0.454s] Level 1:colcon.colcon_core.package_identification:_identify(src/biped_tools) by extensions ['ignore', 'ignore_ament_install']
[0.454s] Level 1:colcon.colcon_core.package_identification:_identify(src/biped_tools) by extension 'ignore'
[0.454s] Level 1:colcon.colcon_core.package_identification:_identify(src/biped_tools) by extension 'ignore_ament_install'
[0.454s] Level 1:colcon.colcon_core.package_identification:_identify(src/biped_tools) by extensions ['colcon_pkg']
[0.454s] Level 1:colcon.colcon_core.package_identification:_identify(src/biped_tools) by extension 'colcon_pkg'
[0.454s] Level 1:colcon.colcon_core.package_identification:_identify(src/biped_tools) by extensions ['colcon_meta']
[0.454s] Level 1:colcon.colcon_core.package_identification:_identify(src/biped_tools) by extension 'colcon_meta'
[0.455s] Level 1:colcon.colcon_core.package_identification:_identify(src/biped_tools) by extensions ['ros']
[0.455s] Level 1:colcon.colcon_core.package_identification:_identify(src/biped_tools) by extension 'ros'
[0.455s] DEBUG:colcon.colcon_core.package_identification:Package 'src/biped_tools' with type 'ros.ament_python' and name 'biped_tools'
[0.455s] Level 1:colcon.colcon_core.package_discovery:discover_packages(recursive) using defaults
[0.456s] Level 1:colcon.colcon_core.package_discovery:discover_packages(ignore) discover
[0.456s] Level 1:colcon.colcon_core.package_discovery:discover_packages(ignore) using defaults
[0.456s] Level 1:colcon.colcon_core.package_discovery:discover_packages(path) discover
[0.456s] Level 1:colcon.colcon_core.package_discovery:discover_packages(path) using defaults
[0.498s] Level 1:colcon.colcon_core.package_discovery:discover_packages(prefix_path) check parameters
[0.498s] Level 1:colcon.colcon_core.package_discovery:discover_packages(prefix_path) discover
[0.504s] DEBUG:colcon.colcon_installed_package_information.package_discovery:Found 197 installed packages in /opt/ros/jazzy
[0.506s] DEBUG:colcon.colcon_installed_package_information.package_discovery:Found 7 installed packages in /home/roy/biped_lower/deploy/biped_ws/install
[0.506s] Level 1:colcon.colcon_core.package_discovery:discover_packages(prefix_path) using defaults
[0.552s] Level 5:colcon.colcon_core.verb:set package 'biped_description' build argument 'cmake_args' from command line to 'None'
[0.552s] Level 5:colcon.colcon_core.verb:set package 'biped_description' build argument 'cmake_target' from command line to 'None'
[0.552s] Level 5:colcon.colcon_core.verb:set package 'biped_description' build argument 'cmake_target_skip_unavailable' from command line to 'False'
[0.552s] Level 5:colcon.colcon_core.verb:set package 'biped_description' build argument 'cmake_clean_cache' from command line to 'False'
[0.552s] Level 5:colcon.colcon_core.verb:set package 'biped_description' build argument 'cmake_clean_first' from command line to 'False'
[0.552s] Level 5:colcon.colcon_core.verb:set package 'biped_description' build argument 'cmake_force_configure' from command line to 'False'
[0.552s] Level 5:colcon.colcon_core.verb:set package 'biped_description' build argument 'ament_cmake_args' from command line to 'None'
[0.552s] Level 5:colcon.colcon_core.verb:set package 'biped_description' build argument 'catkin_cmake_args' from command line to 'None'
[0.552s] Level 5:colcon.colcon_core.verb:set package 'biped_description' build argument 'catkin_skip_building_tests' from command line to 'False'
[0.553s] DEBUG:colcon.colcon_core.verb:Building package 'biped_description' with the following arguments: {'ament_cmake_args': None, 'build_base': '/home/roy/biped_lower/deploy/biped_ws/build/biped_description', 'catkin_cmake_args': None, 'catkin_skip_building_tests': False, 'cmake_args': None, 'cmake_clean_cache': False, 'cmake_clean_first': False, 'cmake_force_configure': False, 'cmake_target': None, 'cmake_target_skip_unavailable': False, 'install_base': '/home/roy/biped_lower/deploy/biped_ws/install/biped_description', 'merge_install': False, 'path': '/home/roy/biped_lower/deploy/biped_ws/src/biped_description', 'symlink_install': True, 'test_result_base': None}
[0.553s] Level 5:colcon.colcon_core.verb:set package 'biped_msgs' build argument 'cmake_args' from command line to 'None'
[0.553s] Level 5:colcon.colcon_core.verb:set package 'biped_msgs' build argument 'cmake_target' from command line to 'None'
[0.553s] Level 5:colcon.colcon_core.verb:set package 'biped_msgs' build argument 'cmake_target_skip_unavailable' from command line to 'False'
[0.553s] Level 5:colcon.colcon_core.verb:set package 'biped_msgs' build argument 'cmake_clean_cache' from command line to 'False'
[0.553s] Level 5:colcon.colcon_core.verb:set package 'biped_msgs' build argument 'cmake_clean_first' from command line to 'False'
[0.553s] Level 5:colcon.colcon_core.verb:set package 'biped_msgs' build argument 'cmake_force_configure' from command line to 'False'
[0.553s] Level 5:colcon.colcon_core.verb:set package 'biped_msgs' build argument 'ament_cmake_args' from command line to 'None'
[0.553s] Level 5:colcon.colcon_core.verb:set package 'biped_msgs' build argument 'catkin_cmake_args' from command line to 'None'
[0.553s] Level 5:colcon.colcon_core.verb:set package 'biped_msgs' build argument 'catkin_skip_building_tests' from command line to 'False'
[0.553s] DEBUG:colcon.colcon_core.verb:Building package 'biped_msgs' with the following arguments: {'ament_cmake_args': None, 'build_base': '/home/roy/biped_lower/deploy/biped_ws/build/biped_msgs', 'catkin_cmake_args': None, 'catkin_skip_building_tests': False, 'cmake_args': None, 'cmake_clean_cache': False, 'cmake_clean_first': False, 'cmake_force_configure': False, 'cmake_target': None, 'cmake_target_skip_unavailable': False, 'install_base': '/home/roy/biped_lower/deploy/biped_ws/install/biped_msgs', 'merge_install': False, 'path': '/home/roy/biped_lower/deploy/biped_ws/src/biped_msgs', 'symlink_install': True, 'test_result_base': None}
[0.553s] Level 5:colcon.colcon_core.verb:set package 'biped_teleop' build argument 'cmake_args' from command line to 'None'
[0.553s] Level 5:colcon.colcon_core.verb:set package 'biped_teleop' build argument 'cmake_target' from command line to 'None'
[0.554s] Level 5:colcon.colcon_core.verb:set package 'biped_teleop' build argument 'cmake_target_skip_unavailable' from command line to 'False'
[0.554s] Level 5:colcon.colcon_core.verb:set package 'biped_teleop' build argument 'cmake_clean_cache' from command line to 'False'
[0.554s] Level 5:colcon.colcon_core.verb:set package 'biped_teleop' build argument 'cmake_clean_first' from command line to 'False'
[0.554s] Level 5:colcon.colcon_core.verb:set package 'biped_teleop' build argument 'cmake_force_configure' from command line to 'False'
[0.554s] Level 5:colcon.colcon_core.verb:set package 'biped_teleop' build argument 'ament_cmake_args' from command line to 'None'
[0.554s] Level 5:colcon.colcon_core.verb:set package 'biped_teleop' build argument 'catkin_cmake_args' from command line to 'None'
[0.554s] Level 5:colcon.colcon_core.verb:set package 'biped_teleop' build argument 'catkin_skip_building_tests' from command line to 'False'
[0.554s] DEBUG:colcon.colcon_core.verb:Building package 'biped_teleop' with the following arguments: {'ament_cmake_args': None, 'build_base': '/home/roy/biped_lower/deploy/biped_ws/build/biped_teleop', 'catkin_cmake_args': None, 'catkin_skip_building_tests': False, 'cmake_args': None, 'cmake_clean_cache': False, 'cmake_clean_first': False, 'cmake_force_configure': False, 'cmake_target': None, 'cmake_target_skip_unavailable': False, 'install_base': '/home/roy/biped_lower/deploy/biped_ws/install/biped_teleop', 'merge_install': False, 'path': '/home/roy/biped_lower/deploy/biped_ws/src/biped_teleop', 'symlink_install': True, 'test_result_base': None}
[0.554s] Level 5:colcon.colcon_core.verb:set package 'biped_control' build argument 'cmake_args' from command line to 'None'
[0.554s] Level 5:colcon.colcon_core.verb:set package 'biped_control' build argument 'cmake_target' from command line to 'None'
[0.554s] Level 5:colcon.colcon_core.verb:set package 'biped_control' build argument 'cmake_target_skip_unavailable' from command line to 'False'
[0.554s] Level 5:colcon.colcon_core.verb:set package 'biped_control' build argument 'cmake_clean_cache' from command line to 'False'
[0.554s] Level 5:colcon.colcon_core.verb:set package 'biped_control' build argument 'cmake_clean_first' from command line to 'False'
[0.554s] Level 5:colcon.colcon_core.verb:set package 'biped_control' build argument 'cmake_force_configure' from command line to 'False'
[0.554s] Level 5:colcon.colcon_core.verb:set package 'biped_control' build argument 'ament_cmake_args' from command line to 'None'
[0.554s] Level 5:colcon.colcon_core.verb:set package 'biped_control' build argument 'catkin_cmake_args' from command line to 'None'
[0.554s] Level 5:colcon.colcon_core.verb:set package 'biped_control' build argument 'catkin_skip_building_tests' from command line to 'False'
[0.554s] DEBUG:colcon.colcon_core.verb:Building package 'biped_control' with the following arguments: {'ament_cmake_args': None, 'build_base': '/home/roy/biped_lower/deploy/biped_ws/build/biped_control', 'catkin_cmake_args': None, 'catkin_skip_building_tests': False, 'cmake_args': None, 'cmake_clean_cache': False, 'cmake_clean_first': False, 'cmake_force_configure': False, 'cmake_target': None, 'cmake_target_skip_unavailable': False, 'install_base': '/home/roy/biped_lower/deploy/biped_ws/install/biped_control', 'merge_install': False, 'path': '/home/roy/biped_lower/deploy/biped_ws/src/biped_control', 'symlink_install': True, 'test_result_base': None}
[0.554s] Level 5:colcon.colcon_core.verb:set package 'biped_driver' build argument 'cmake_args' from command line to 'None'
[0.555s] Level 5:colcon.colcon_core.verb:set package 'biped_driver' build argument 'cmake_target' from command line to 'None'
[0.555s] Level 5:colcon.colcon_core.verb:set package 'biped_driver' build argument 'cmake_target_skip_unavailable' from command line to 'False'
[0.555s] Level 5:colcon.colcon_core.verb:set package 'biped_driver' build argument 'cmake_clean_cache' from command line to 'False'
[0.555s] Level 5:colcon.colcon_core.verb:set package 'biped_driver' build argument 'cmake_clean_first' from command line to 'False'
[0.555s] Level 5:colcon.colcon_core.verb:set package 'biped_driver' build argument 'cmake_force_configure' from command line to 'False'
[0.555s] Level 5:colcon.colcon_core.verb:set package 'biped_driver' build argument 'ament_cmake_args' from command line to 'None'
[0.555s] Level 5:colcon.colcon_core.verb:set package 'biped_driver' build argument 'catkin_cmake_args' from command line to 'None'
[0.555s] Level 5:colcon.colcon_core.verb:set package 'biped_driver' build argument 'catkin_skip_building_tests' from command line to 'False'
[0.555s] DEBUG:colcon.colcon_core.verb:Building package 'biped_driver' with the following arguments: {'ament_cmake_args': None, 'build_base': '/home/roy/biped_lower/deploy/biped_ws/build/biped_driver', 'catkin_cmake_args': None, 'catkin_skip_building_tests': False, 'cmake_args': None, 'cmake_clean_cache': False, 'cmake_clean_first': False, 'cmake_force_configure': False, 'cmake_target': None, 'cmake_target_skip_unavailable': False, 'install_base': '/home/roy/biped_lower/deploy/biped_ws/install/biped_driver', 'merge_install': False, 'path': '/home/roy/biped_lower/deploy/biped_ws/src/biped_driver', 'symlink_install': True, 'test_result_base': None}
[0.555s] Level 5:colcon.colcon_core.verb:set package 'biped_tools' build argument 'cmake_args' from command line to 'None'
[0.555s] Level 5:colcon.colcon_core.verb:set package 'biped_tools' build argument 'cmake_target' from command line to 'None'
[0.555s] Level 5:colcon.colcon_core.verb:set package 'biped_tools' build argument 'cmake_target_skip_unavailable' from command line to 'False'
[0.555s] Level 5:colcon.colcon_core.verb:set package 'biped_tools' build argument 'cmake_clean_cache' from command line to 'False'
[0.555s] Level 5:colcon.colcon_core.verb:set package 'biped_tools' build argument 'cmake_clean_first' from command line to 'False'
[0.555s] Level 5:colcon.colcon_core.verb:set package 'biped_tools' build argument 'cmake_force_configure' from command line to 'False'
[0.555s] Level 5:colcon.colcon_core.verb:set package 'biped_tools' build argument 'ament_cmake_args' from command line to 'None'
[0.555s] Level 5:colcon.colcon_core.verb:set package 'biped_tools' build argument 'catkin_cmake_args' from command line to 'None'
[0.555s] Level 5:colcon.colcon_core.verb:set package 'biped_tools' build argument 'catkin_skip_building_tests' from command line to 'False'
[0.555s] DEBUG:colcon.colcon_core.verb:Building package 'biped_tools' with the following arguments: {'ament_cmake_args': None, 'build_base': '/home/roy/biped_lower/deploy/biped_ws/build/biped_tools', 'catkin_cmake_args': None, 'catkin_skip_building_tests': False, 'cmake_args': None, 'cmake_clean_cache': False, 'cmake_clean_first': False, 'cmake_force_configure': False, 'cmake_target': None, 'cmake_target_skip_unavailable': False, 'install_base': '/home/roy/biped_lower/deploy/biped_ws/install/biped_tools', 'merge_install': False, 'path': '/home/roy/biped_lower/deploy/biped_ws/src/biped_tools', 'symlink_install': True, 'test_result_base': None}
[0.555s] Level 5:colcon.colcon_core.verb:set package 'biped_bringup' build argument 'cmake_args' from command line to 'None'
[0.556s] Level 5:colcon.colcon_core.verb:set package 'biped_bringup' build argument 'cmake_target' from command line to 'None'
[0.556s] Level 5:colcon.colcon_core.verb:set package 'biped_bringup' build argument 'cmake_target_skip_unavailable' from command line to 'False'
[0.556s] Level 5:colcon.colcon_core.verb:set package 'biped_bringup' build argument 'cmake_clean_cache' from command line to 'False'
[0.556s] Level 5:colcon.colcon_core.verb:set package 'biped_bringup' build argument 'cmake_clean_first' from command line to 'False'
[0.556s] Level 5:colcon.colcon_core.verb:set package 'biped_bringup' build argument 'cmake_force_configure' from command line to 'False'
[0.556s] Level 5:colcon.colcon_core.verb:set package 'biped_bringup' build argument 'ament_cmake_args' from command line to 'None'
[0.556s] Level 5:colcon.colcon_core.verb:set package 'biped_bringup' build argument 'catkin_cmake_args' from command line to 'None'
[0.556s] Level 5:colcon.colcon_core.verb:set package 'biped_bringup' build argument 'catkin_skip_building_tests' from command line to 'False'
[0.556s] DEBUG:colcon.colcon_core.verb:Building package 'biped_bringup' with the following arguments: {'ament_cmake_args': None, 'build_base': '/home/roy/biped_lower/deploy/biped_ws/build/biped_bringup', 'catkin_cmake_args': None, 'catkin_skip_building_tests': False, 'cmake_args': None, 'cmake_clean_cache': False, 'cmake_clean_first': False, 'cmake_force_configure': False, 'cmake_target': None, 'cmake_target_skip_unavailable': False, 'install_base': '/home/roy/biped_lower/deploy/biped_ws/install/biped_bringup', 'merge_install': False, 'path': '/home/roy/biped_lower/deploy/biped_ws/src/biped_bringup', 'symlink_install': True, 'test_result_base': None}
[0.556s] INFO:colcon.colcon_core.executor:Executing jobs using 'parallel' executor
[0.557s] DEBUG:colcon.colcon_parallel_executor.executor.parallel:run_until_complete
[0.558s] INFO:colcon.colcon_ros.task.catkin.build:Building ROS package in '/home/roy/biped_lower/deploy/biped_ws/src/biped_msgs' with build type 'catkin'
[0.558s] INFO:colcon.colcon_cmake.task.cmake.build:Building CMake package in '/home/roy/biped_lower/deploy/biped_ws/src/biped_msgs'
[0.570s] INFO:colcon.colcon_core.plugin_system:Skipping extension 'colcon_core.shell.bat': Not used on non-Windows systems
[0.570s] INFO:colcon.colcon_core.shell:Skip shell extension 'powershell' for command environment: Not usable outside of PowerShell
[0.570s] DEBUG:colcon.colcon_core.shell:Skip shell extension 'dsv' for command environment
[0.576s] INFO:colcon.colcon_ros.task.ament_cmake.build:Building ROS package in '/home/roy/biped_lower/deploy/biped_ws/src/biped_description' with build type 'ament_cmake'
[0.576s] INFO:colcon.colcon_cmake.task.cmake.build:Building CMake package in '/home/roy/biped_lower/deploy/biped_ws/src/biped_description'
[0.576s] INFO:colcon.colcon_core.shell:Skip shell extension 'powershell' for command environment: Not usable outside of PowerShell
[0.576s] DEBUG:colcon.colcon_core.shell:Skip shell extension 'dsv' for command environment
[0.581s] INFO:colcon.colcon_ros.task.ament_python.build:Building ROS package in '/home/roy/biped_lower/deploy/biped_ws/src/biped_teleop' with build type 'ament_python'
[0.581s] Level 1:colcon.colcon_core.shell:create_environment_hook('biped_teleop', 'ament_prefix_path')
[0.581s] INFO:colcon.colcon_core.shell:Creating environment hook '/home/roy/biped_lower/deploy/biped_ws/install/biped_teleop/share/biped_teleop/hook/ament_prefix_path.ps1'
[0.584s] INFO:colcon.colcon_core.shell:Creating environment descriptor '/home/roy/biped_lower/deploy/biped_ws/install/biped_teleop/share/biped_teleop/hook/ament_prefix_path.dsv'
[0.585s] INFO:colcon.colcon_core.shell:Creating environment hook '/home/roy/biped_lower/deploy/biped_ws/install/biped_teleop/share/biped_teleop/hook/ament_prefix_path.sh'
[0.587s] INFO:colcon.colcon_core.shell:Skip shell extension 'powershell' for command environment: Not usable outside of PowerShell
[0.587s] DEBUG:colcon.colcon_core.shell:Skip shell extension 'dsv' for command environment
[0.597s] DEBUG:colcon.colcon_core.event_handler.log_command:Invoking command in '/home/roy/biped_lower/deploy/biped_ws/build/biped_msgs': /usr/bin/cmake --build /home/roy/biped_lower/deploy/biped_ws/build/biped_msgs -- -j4 -l4
[0.605s] DEBUG:colcon.colcon_core.event_handler.log_command:Invoking command in '/home/roy/biped_lower/deploy/biped_ws/build/biped_description': CMAKE_PREFIX_PATH=/opt/ros/jazzy:/home/roy/biped_lower/deploy/biped_ws/install/biped_msgs /usr/bin/cmake --build /home/roy/biped_lower/deploy/biped_ws/build/biped_description -- -j4 -l4
[1.105s] INFO:colcon.colcon_core.task.python.build:Building Python package in '/home/roy/biped_lower/deploy/biped_ws/src/biped_teleop'
[1.106s] INFO:colcon.colcon_core.shell:Skip shell extension 'powershell' for command environment: Not usable outside of PowerShell
[1.106s] DEBUG:colcon.colcon_core.shell:Skip shell extension 'dsv' for command environment
[1.124s] DEBUG:colcon.colcon_core.event_handler.log_command:Invoked command in '/home/roy/biped_lower/deploy/biped_ws/build/biped_description' returned '0': CMAKE_PREFIX_PATH=/opt/ros/jazzy:/home/roy/biped_lower/deploy/biped_ws/install/biped_msgs /usr/bin/cmake --build /home/roy/biped_lower/deploy/biped_ws/build/biped_description -- -j4 -l4
[1.159s] DEBUG:colcon.colcon_core.event_handler.log_command:Invoking command in '/home/roy/biped_lower/deploy/biped_ws/build/biped_description': CMAKE_PREFIX_PATH=/opt/ros/jazzy:/home/roy/biped_lower/deploy/biped_ws/install/biped_msgs /usr/bin/cmake --install /home/roy/biped_lower/deploy/biped_ws/build/biped_description
[1.301s] Level 1:colcon.colcon_core.environment:create_environment_scripts_only(biped_description)
[1.301s] DEBUG:colcon.colcon_core.event_handler.log_command:Invoked command in '/home/roy/biped_lower/deploy/biped_ws/build/biped_description' returned '0': CMAKE_PREFIX_PATH=/opt/ros/jazzy:/home/roy/biped_lower/deploy/biped_ws/install/biped_msgs /usr/bin/cmake --install /home/roy/biped_lower/deploy/biped_ws/build/biped_description
[1.323s] Level 1:colcon.colcon_core.environment:checking '/home/roy/biped_lower/deploy/biped_ws/install/biped_description' for CMake module files
[1.324s] Level 1:colcon.colcon_core.environment:checking '/home/roy/biped_lower/deploy/biped_ws/install/biped_description' for CMake config files
[1.325s] Level 1:colcon.colcon_core.shell:create_environment_hook('biped_description', 'cmake_prefix_path')
[1.326s] INFO:colcon.colcon_core.shell:Creating environment hook '/home/roy/biped_lower/deploy/biped_ws/install/biped_description/share/biped_description/hook/cmake_prefix_path.ps1'
[1.327s] INFO:colcon.colcon_core.shell:Creating environment descriptor '/home/roy/biped_lower/deploy/biped_ws/install/biped_description/share/biped_description/hook/cmake_prefix_path.dsv'
[1.327s] INFO:colcon.colcon_core.shell:Creating environment hook '/home/roy/biped_lower/deploy/biped_ws/install/biped_description/share/biped_description/hook/cmake_prefix_path.sh'
[1.329s] Level 1:colcon.colcon_core.environment:checking '/home/roy/biped_lower/deploy/biped_ws/install/biped_description/bin'
[1.329s] Level 1:colcon.colcon_core.environment:checking '/home/roy/biped_lower/deploy/biped_ws/install/biped_description/lib/pkgconfig/biped_description.pc'
[1.330s] Level 1:colcon.colcon_core.environment:checking '/home/roy/biped_lower/deploy/biped_ws/install/biped_description/lib/python3.12/site-packages'
[1.330s] Level 1:colcon.colcon_core.environment:checking '/home/roy/biped_lower/deploy/biped_ws/install/biped_description/bin'
[1.331s] INFO:colcon.colcon_core.shell:Creating package script '/home/roy/biped_lower/deploy/biped_ws/install/biped_description/share/biped_description/package.ps1'
[1.333s] INFO:colcon.colcon_core.shell:Creating package descriptor '/home/roy/biped_lower/deploy/biped_ws/install/biped_description/share/biped_description/package.dsv'
[1.338s] INFO:colcon.colcon_core.shell:Creating package script '/home/roy/biped_lower/deploy/biped_ws/install/biped_description/share/biped_description/package.sh'
[1.339s] INFO:colcon.colcon_core.shell:Creating package script '/home/roy/biped_lower/deploy/biped_ws/install/biped_description/share/biped_description/package.bash'
[1.345s] INFO:colcon.colcon_core.shell:Creating package script '/home/roy/biped_lower/deploy/biped_ws/install/biped_description/share/biped_description/package.zsh'
[1.350s] Level 1:colcon.colcon_core.environment:create_file_with_runtime_dependencies(/home/roy/biped_lower/deploy/biped_ws/install/biped_description/share/colcon-core/packages/biped_description)
[1.351s] Level 1:colcon.colcon_core.environment:create_environment_scripts_only(biped_description)
[1.352s] Level 1:colcon.colcon_core.environment:checking '/home/roy/biped_lower/deploy/biped_ws/install/biped_description' for CMake module files
[1.353s] Level 1:colcon.colcon_core.environment:checking '/home/roy/biped_lower/deploy/biped_ws/install/biped_description' for CMake config files
[1.353s] Level 1:colcon.colcon_core.shell:create_environment_hook('biped_description', 'cmake_prefix_path')
[1.354s] INFO:colcon.colcon_core.shell:Creating environment hook '/home/roy/biped_lower/deploy/biped_ws/install/biped_description/share/biped_description/hook/cmake_prefix_path.ps1'
[1.355s] INFO:colcon.colcon_core.shell:Creating environment descriptor '/home/roy/biped_lower/deploy/biped_ws/install/biped_description/share/biped_description/hook/cmake_prefix_path.dsv'
[1.355s] INFO:colcon.colcon_core.shell:Creating environment hook '/home/roy/biped_lower/deploy/biped_ws/install/biped_description/share/biped_description/hook/cmake_prefix_path.sh'
[1.356s] Level 1:colcon.colcon_core.environment:checking '/home/roy/biped_lower/deploy/biped_ws/install/biped_description/bin'
[1.356s] Level 1:colcon.colcon_core.environment:checking '/home/roy/biped_lower/deploy/biped_ws/install/biped_description/lib/pkgconfig/biped_description.pc'
[1.357s] Level 1:colcon.colcon_core.environment:checking '/home/roy/biped_lower/deploy/biped_ws/install/biped_description/lib/python3.12/site-packages'
[1.358s] Level 1:colcon.colcon_core.environment:checking '/home/roy/biped_lower/deploy/biped_ws/install/biped_description/bin'
[1.358s] INFO:colcon.colcon_core.shell:Creating package script '/home/roy/biped_lower/deploy/biped_ws/install/biped_description/share/biped_description/package.ps1'
[1.360s] INFO:colcon.colcon_core.shell:Creating package descriptor '/home/roy/biped_lower/deploy/biped_ws/install/biped_description/share/biped_description/package.dsv'
[1.361s] INFO:colcon.colcon_core.shell:Creating package script '/home/roy/biped_lower/deploy/biped_ws/install/biped_description/share/biped_description/package.sh'
[1.363s] INFO:colcon.colcon_core.shell:Creating package script '/home/roy/biped_lower/deploy/biped_ws/install/biped_description/share/biped_description/package.bash'
[1.363s] INFO:colcon.colcon_core.shell:Creating package script '/home/roy/biped_lower/deploy/biped_ws/install/biped_description/share/biped_description/package.zsh'
[1.364s] Level 1:colcon.colcon_core.environment:create_file_with_runtime_dependencies(/home/roy/biped_lower/deploy/biped_ws/install/biped_description/share/colcon-core/packages/biped_description)
[1.648s] DEBUG:colcon.colcon_core.event_handler.log_command:Invoked command in '/home/roy/biped_lower/deploy/biped_ws/build/biped_msgs' returned '0': /usr/bin/cmake --build /home/roy/biped_lower/deploy/biped_ws/build/biped_msgs -- -j4 -l4
[1.653s] DEBUG:colcon.colcon_core.event_handler.log_command:Invoking command in '/home/roy/biped_lower/deploy/biped_ws/build/biped_msgs': /usr/bin/cmake --install /home/roy/biped_lower/deploy/biped_ws/build/biped_msgs
[1.821s] DEBUG:colcon.colcon_core.event_handler.log_command:Invoked command in '/home/roy/biped_lower/deploy/biped_ws/build/biped_msgs' returned '0': /usr/bin/cmake --install /home/roy/biped_lower/deploy/biped_ws/build/biped_msgs
[1.822s] Level 1:colcon.colcon_core.shell:create_environment_hook('biped_msgs', 'ros_package_path')
[1.822s] INFO:colcon.colcon_core.shell:Creating environment hook '/home/roy/biped_lower/deploy/biped_ws/install/biped_msgs/share/biped_msgs/hook/ros_package_path.ps1'
[1.823s] INFO:colcon.colcon_core.shell:Creating environment descriptor '/home/roy/biped_lower/deploy/biped_ws/install/biped_msgs/share/biped_msgs/hook/ros_package_path.dsv'
[1.824s] INFO:colcon.colcon_core.shell:Creating environment hook '/home/roy/biped_lower/deploy/biped_ws/install/biped_msgs/share/biped_msgs/hook/ros_package_path.sh'
[1.825s] Level 1:colcon.colcon_ros.task.catkin:checking '/home/roy/biped_lower/deploy/biped_ws/install/biped_msgs/lib/python3.12/site-packages'
[1.825s] Level 1:colcon.colcon_core.shell:create_environment_hook('biped_msgs', 'catkin_pythonpath')
[1.825s] INFO:colcon.colcon_core.shell:Creating environment hook '/home/roy/biped_lower/deploy/biped_ws/install/biped_msgs/share/biped_msgs/hook/catkin_pythonpath.ps1'
[1.826s] INFO:colcon.colcon_core.shell:Creating environment descriptor '/home/roy/biped_lower/deploy/biped_ws/install/biped_msgs/share/biped_msgs/hook/catkin_pythonpath.dsv'
[1.826s] INFO:colcon.colcon_core.shell:Creating environment hook '/home/roy/biped_lower/deploy/biped_ws/install/biped_msgs/share/biped_msgs/hook/catkin_pythonpath.sh'
[1.828s] Level 1:colcon.colcon_core.shell:create_environment_hook('biped_msgs', 'pkg_config_path')
[1.828s] INFO:colcon.colcon_core.shell:Creating environment hook '/home/roy/biped_lower/deploy/biped_ws/install/biped_msgs/share/biped_msgs/hook/pkg_config_path.ps1'
[1.829s] INFO:colcon.colcon_core.shell:Creating environment descriptor '/home/roy/biped_lower/deploy/biped_ws/install/biped_msgs/share/biped_msgs/hook/pkg_config_path.dsv'
[1.829s] INFO:colcon.colcon_core.shell:Creating environment hook '/home/roy/biped_lower/deploy/biped_ws/install/biped_msgs/share/biped_msgs/hook/pkg_config_path.sh'
[1.854s] Level 1:colcon.colcon_core.shell:create_environment_hook('biped_msgs', 'pkg_config_path_multiarch')
[1.855s] INFO:colcon.colcon_core.shell:Creating environment hook '/home/roy/biped_lower/deploy/biped_ws/install/biped_msgs/share/biped_msgs/hook/pkg_config_path_multiarch.ps1'
[1.856s] INFO:colcon.colcon_core.shell:Creating environment descriptor '/home/roy/biped_lower/deploy/biped_ws/install/biped_msgs/share/biped_msgs/hook/pkg_config_path_multiarch.dsv'
[1.856s] INFO:colcon.colcon_core.shell:Creating environment hook '/home/roy/biped_lower/deploy/biped_ws/install/biped_msgs/share/biped_msgs/hook/pkg_config_path_multiarch.sh'
[1.859s] Level 1:colcon.colcon_core.environment:create_environment_scripts_only(biped_msgs)
[1.859s] Level 1:colcon.colcon_core.environment:checking '/home/roy/biped_lower/deploy/biped_ws/install/biped_msgs' for CMake module files
[1.861s] Level 1:colcon.colcon_core.environment:checking '/home/roy/biped_lower/deploy/biped_ws/install/biped_msgs' for CMake config files
[1.863s] Level 1:colcon.colcon_core.shell:create_environment_hook('biped_msgs', 'cmake_prefix_path')
[1.863s] INFO:colcon.colcon_core.shell:Creating environment hook '/home/roy/biped_lower/deploy/biped_ws/install/biped_msgs/share/biped_msgs/hook/cmake_prefix_path.ps1'
[1.864s] INFO:colcon.colcon_core.shell:Creating environment descriptor '/home/roy/biped_lower/deploy/biped_ws/install/biped_msgs/share/biped_msgs/hook/cmake_prefix_path.dsv'
[1.867s] INFO:colcon.colcon_core.shell:Creating environment hook '/home/roy/biped_lower/deploy/biped_ws/install/biped_msgs/share/biped_msgs/hook/cmake_prefix_path.sh'
[1.868s] Level 1:colcon.colcon_core.environment:checking '/home/roy/biped_lower/deploy/biped_ws/install/biped_msgs/lib'
[1.868s] Level 1:colcon.colcon_core.shell:create_environment_hook('biped_msgs', 'ld_library_path_lib')
[1.869s] INFO:colcon.colcon_core.shell:Creating environment hook '/home/roy/biped_lower/deploy/biped_ws/install/biped_msgs/share/biped_msgs/hook/ld_library_path_lib.ps1'
[1.870s] INFO:colcon.colcon_core.shell:Creating environment descriptor '/home/roy/biped_lower/deploy/biped_ws/install/biped_msgs/share/biped_msgs/hook/ld_library_path_lib.dsv'
[1.871s] INFO:colcon.colcon_core.shell:Creating environment hook '/home/roy/biped_lower/deploy/biped_ws/install/biped_msgs/share/biped_msgs/hook/ld_library_path_lib.sh'
[1.872s] Level 1:colcon.colcon_core.environment:checking '/home/roy/biped_lower/deploy/biped_ws/install/biped_msgs/bin'
[1.872s] Level 1:colcon.colcon_core.environment:checking '/home/roy/biped_lower/deploy/biped_ws/install/biped_msgs/lib/pkgconfig/biped_msgs.pc'
[1.872s] Level 1:colcon.colcon_core.environment:checking '/home/roy/biped_lower/deploy/biped_ws/install/biped_msgs/lib/python3.12/site-packages'
[1.873s] Level 1:colcon.colcon_core.shell:create_environment_hook('biped_msgs', 'pythonpath')
[1.873s] INFO:colcon.colcon_core.shell:Creating environment hook '/home/roy/biped_lower/deploy/biped_ws/install/biped_msgs/share/biped_msgs/hook/pythonpath.ps1'
[1.875s] INFO:colcon.colcon_core.shell:Creating environment descriptor '/home/roy/biped_lower/deploy/biped_ws/install/biped_msgs/share/biped_msgs/hook/pythonpath.dsv'
[1.879s] INFO:colcon.colcon_core.shell:Creating environment hook '/home/roy/biped_lower/deploy/biped_ws/install/biped_msgs/share/biped_msgs/hook/pythonpath.sh'
[1.881s] Level 1:colcon.colcon_core.environment:checking '/home/roy/biped_lower/deploy/biped_ws/install/biped_msgs/bin'
[1.882s] INFO:colcon.colcon_core.shell:Creating package script '/home/roy/biped_lower/deploy/biped_ws/install/biped_msgs/share/biped_msgs/package.ps1'
[1.883s] INFO:colcon.colcon_core.shell:Creating package descriptor '/home/roy/biped_lower/deploy/biped_ws/install/biped_msgs/share/biped_msgs/package.dsv'
[1.885s] INFO:colcon.colcon_core.shell:Creating package script '/home/roy/biped_lower/deploy/biped_ws/install/biped_msgs/share/biped_msgs/package.sh'
[1.886s] INFO:colcon.colcon_core.shell:Creating package script '/home/roy/biped_lower/deploy/biped_ws/install/biped_msgs/share/biped_msgs/package.bash'
[1.886s] INFO:colcon.colcon_core.shell:Creating package script '/home/roy/biped_lower/deploy/biped_ws/install/biped_msgs/share/biped_msgs/package.zsh'
[1.888s] Level 1:colcon.colcon_core.environment:create_file_with_runtime_dependencies(/home/roy/biped_lower/deploy/biped_ws/install/biped_msgs/share/colcon-core/packages/biped_msgs)
[1.889s] INFO:colcon.colcon_ros.task.ament_python.build:Building ROS package in '/home/roy/biped_lower/deploy/biped_ws/src/biped_driver' with build type 'ament_python'
[1.889s] Level 1:colcon.colcon_core.shell:create_environment_hook('biped_driver', 'ament_prefix_path')
[1.890s] INFO:colcon.colcon_core.shell:Creating environment hook '/home/roy/biped_lower/deploy/biped_ws/install/biped_driver/share/biped_driver/hook/ament_prefix_path.ps1'
[1.891s] INFO:colcon.colcon_core.shell:Creating environment descriptor '/home/roy/biped_lower/deploy/biped_ws/install/biped_driver/share/biped_driver/hook/ament_prefix_path.dsv'
[1.891s] INFO:colcon.colcon_core.shell:Creating environment hook '/home/roy/biped_lower/deploy/biped_ws/install/biped_driver/share/biped_driver/hook/ament_prefix_path.sh'
[1.892s] INFO:colcon.colcon_core.shell:Skip shell extension 'powershell' for command environment: Not usable outside of PowerShell
[1.892s] DEBUG:colcon.colcon_core.shell:Skip shell extension 'dsv' for command environment
[1.899s] INFO:colcon.colcon_ros.task.ament_python.build:Building ROS package in '/home/roy/biped_lower/deploy/biped_ws/src/biped_control' with build type 'ament_python'
[1.900s] Level 1:colcon.colcon_core.shell:create_environment_hook('biped_control', 'ament_prefix_path')
[1.900s] INFO:colcon.colcon_core.shell:Creating environment hook '/home/roy/biped_lower/deploy/biped_ws/install/biped_control/share/biped_control/hook/ament_prefix_path.ps1'
[1.901s] INFO:colcon.colcon_core.shell:Creating environment descriptor '/home/roy/biped_lower/deploy/biped_ws/install/biped_control/share/biped_control/hook/ament_prefix_path.dsv'
[1.902s] INFO:colcon.colcon_core.shell:Creating environment hook '/home/roy/biped_lower/deploy/biped_ws/install/biped_control/share/biped_control/hook/ament_prefix_path.sh'
[1.903s] INFO:colcon.colcon_core.shell:Skip shell extension 'powershell' for command environment: Not usable outside of PowerShell
[1.903s] DEBUG:colcon.colcon_core.shell:Skip shell extension 'dsv' for command environment
[2.229s] INFO:colcon.colcon_core.task.python.build:Building Python package in '/home/roy/biped_lower/deploy/biped_ws/src/biped_driver'
[2.229s] INFO:colcon.colcon_core.shell:Skip shell extension 'powershell' for command environment: Not usable outside of PowerShell
[2.230s] DEBUG:colcon.colcon_core.shell:Skip shell extension 'dsv' for command environment
[2.588s] INFO:colcon.colcon_core.task.python.build:Building Python package in '/home/roy/biped_lower/deploy/biped_ws/src/biped_control'
[2.588s] INFO:colcon.colcon_core.shell:Skip shell extension 'powershell' for command environment: Not usable outside of PowerShell
[2.588s] DEBUG:colcon.colcon_core.shell:Skip shell extension 'dsv' for command environment
[2.644s] DEBUG:colcon.colcon_core.event_handler.log_command:Invoking command in '/home/roy/biped_lower/deploy/biped_ws/build/biped_teleop': PYTHONPATH=/home/roy/biped_lower/deploy/biped_ws/build/biped_teleop/prefix_override:/usr/lib/python3/dist-packages/colcon_core/task/python/colcon_distutils_commands:/home/roy/biped_lower/deploy/biped_ws/install/biped_teleop/lib/python3.12/site-packages:${PYTHONPATH} /usr/bin/python3 -W ignore:setup.py install is deprecated -W ignore:easy_install command is deprecated setup.py develop --editable --build-directory /home/roy/biped_lower/deploy/biped_ws/build/biped_teleop/build --no-deps symlink_data
[3.610s] DEBUG:colcon.colcon_core.event_handler.log_command:Invoking command in '/home/roy/biped_lower/deploy/biped_ws/build/biped_driver': CMAKE_PREFIX_PATH=/home/roy/biped_lower/deploy/biped_ws/install/biped_msgs LD_LIBRARY_PATH=/home/roy/biped_lower/deploy/biped_ws/install/biped_msgs/lib:${LD_LIBRARY_PATH} PKG_CONFIG_PATH=/home/roy/biped_lower/deploy/biped_ws/install/biped_msgs/lib/aarch64-linux-gnu/pkgconfig:/home/roy/biped_lower/deploy/biped_ws/install/biped_msgs/lib/pkgconfig PYTHONPATH=/home/roy/biped_lower/deploy/biped_ws/build/biped_driver/prefix_override:/usr/lib/python3/dist-packages/colcon_core/task/python/colcon_distutils_commands:/home/roy/biped_lower/deploy/biped_ws/install/biped_driver/lib/python3.12/site-packages:/home/roy/biped_lower/deploy/biped_ws/install/biped_msgs/lib/python3.12/site-packages:${PYTHONPATH} ROS_PACKAGE_PATH=/home/roy/biped_lower/deploy/biped_ws/install/biped_msgs/share /usr/bin/python3 -W ignore:setup.py install is deprecated -W ignore:easy_install command is deprecated setup.py develop --editable --build-directory /home/roy/biped_lower/deploy/biped_ws/build/biped_driver/build --no-deps symlink_data
[3.616s] DEBUG:colcon.colcon_core.event_handler.log_command:Invoking command in '/home/roy/biped_lower/deploy/biped_ws/build/biped_control': CMAKE_PREFIX_PATH=/home/roy/biped_lower/deploy/biped_ws/install/biped_msgs LD_LIBRARY_PATH=/home/roy/biped_lower/deploy/biped_ws/install/biped_msgs/lib:${LD_LIBRARY_PATH} PKG_CONFIG_PATH=/home/roy/biped_lower/deploy/biped_ws/install/biped_msgs/lib/aarch64-linux-gnu/pkgconfig:/home/roy/biped_lower/deploy/biped_ws/install/biped_msgs/lib/pkgconfig PYTHONPATH=/home/roy/biped_lower/deploy/biped_ws/build/biped_control/prefix_override:/usr/lib/python3/dist-packages/colcon_core/task/python/colcon_distutils_commands:/home/roy/biped_lower/deploy/biped_ws/install/biped_control/lib/python3.12/site-packages:/home/roy/biped_lower/deploy/biped_ws/install/biped_msgs/lib/python3.12/site-packages:${PYTHONPATH} ROS_PACKAGE_PATH=/home/roy/biped_lower/deploy/biped_ws/install/biped_msgs/share /usr/bin/python3 -W ignore:setup.py install is deprecated -W ignore:easy_install command is deprecated setup.py develop --editable --build-directory /home/roy/biped_lower/deploy/biped_ws/build/biped_control/build --no-deps symlink_data
[3.997s] Level 1:colcon.colcon_core.shell:create_environment_hook('biped_teleop', 'pythonpath_develop')
[3.998s] INFO:colcon.colcon_core.shell:Creating environment hook '/home/roy/biped_lower/deploy/biped_ws/build/biped_teleop/share/biped_teleop/hook/pythonpath_develop.ps1'
[3.998s] INFO:colcon.colcon_core.shell:Creating environment descriptor '/home/roy/biped_lower/deploy/biped_ws/build/biped_teleop/share/biped_teleop/hook/pythonpath_develop.dsv'
[3.997s] DEBUG:colcon.colcon_core.event_handler.log_command:Invoked command in '/home/roy/biped_lower/deploy/biped_ws/build/biped_teleop' returned '0': PYTHONPATH=/home/roy/biped_lower/deploy/biped_ws/build/biped_teleop/prefix_override:/usr/lib/python3/dist-packages/colcon_core/task/python/colcon_distutils_commands:/home/roy/biped_lower/deploy/biped_ws/install/biped_teleop/lib/python3.12/site-packages:${PYTHONPATH} /usr/bin/python3 -W ignore:setup.py install is deprecated -W ignore:easy_install command is deprecated setup.py develop --editable --build-directory /home/roy/biped_lower/deploy/biped_ws/build/biped_teleop/build --no-deps symlink_data
[4.003s] INFO:colcon.colcon_core.shell:Creating environment hook '/home/roy/biped_lower/deploy/biped_ws/build/biped_teleop/share/biped_teleop/hook/pythonpath_develop.sh'
[4.006s] Level 1:colcon.colcon_core.environment:checking '/home/roy/biped_lower/deploy/biped_ws/install/biped_teleop' for CMake module files
[4.007s] Level 1:colcon.colcon_core.environment:checking '/home/roy/biped_lower/deploy/biped_ws/install/biped_teleop' for CMake config files
[4.008s] Level 1:colcon.colcon_core.environment:checking '/home/roy/biped_lower/deploy/biped_ws/install/biped_teleop/lib'
[4.008s] Level 1:colcon.colcon_core.environment:checking '/home/roy/biped_lower/deploy/biped_ws/install/biped_teleop/bin'
[4.008s] Level 1:colcon.colcon_core.environment:checking '/home/roy/biped_lower/deploy/biped_ws/install/biped_teleop/lib/pkgconfig/biped_teleop.pc'
[4.008s] Level 1:colcon.colcon_core.environment:checking '/home/roy/biped_lower/deploy/biped_ws/install/biped_teleop/lib/python3.12/site-packages'
[4.008s] Level 1:colcon.colcon_core.shell:create_environment_hook('biped_teleop', 'pythonpath')
[4.009s] INFO:colcon.colcon_core.shell:Creating environment hook '/home/roy/biped_lower/deploy/biped_ws/install/biped_teleop/share/biped_teleop/hook/pythonpath.ps1'
[4.010s] INFO:colcon.colcon_core.shell:Creating environment descriptor '/home/roy/biped_lower/deploy/biped_ws/install/biped_teleop/share/biped_teleop/hook/pythonpath.dsv'
[4.011s] INFO:colcon.colcon_core.shell:Creating environment hook '/home/roy/biped_lower/deploy/biped_ws/install/biped_teleop/share/biped_teleop/hook/pythonpath.sh'
[4.012s] Level 1:colcon.colcon_core.environment:checking '/home/roy/biped_lower/deploy/biped_ws/install/biped_teleop/bin'
[4.012s] Level 1:colcon.colcon_core.environment:create_environment_scripts_only(biped_teleop)
[4.012s] INFO:colcon.colcon_core.shell:Creating package script '/home/roy/biped_lower/deploy/biped_ws/install/biped_teleop/share/biped_teleop/package.ps1'
[4.013s] INFO:colcon.colcon_core.shell:Creating package descriptor '/home/roy/biped_lower/deploy/biped_ws/install/biped_teleop/share/biped_teleop/package.dsv'
[4.014s] INFO:colcon.colcon_core.shell:Creating package script '/home/roy/biped_lower/deploy/biped_ws/install/biped_teleop/share/biped_teleop/package.sh'
[4.014s] INFO:colcon.colcon_core.shell:Creating package script '/home/roy/biped_lower/deploy/biped_ws/install/biped_teleop/share/biped_teleop/package.bash'
[4.015s] INFO:colcon.colcon_core.shell:Creating package script '/home/roy/biped_lower/deploy/biped_ws/install/biped_teleop/share/biped_teleop/package.zsh'
[4.016s] Level 1:colcon.colcon_core.environment:create_file_with_runtime_dependencies(/home/roy/biped_lower/deploy/biped_ws/install/biped_teleop/share/colcon-core/packages/biped_teleop)
[4.561s] Level 1:colcon.colcon_core.shell:create_environment_hook('biped_control', 'pythonpath_develop')
[4.563s] INFO:colcon.colcon_core.shell:Creating environment hook '/home/roy/biped_lower/deploy/biped_ws/build/biped_control/share/biped_control/hook/pythonpath_develop.ps1'
[4.564s] DEBUG:colcon.colcon_core.event_handler.log_command:Invoked command in '/home/roy/biped_lower/deploy/biped_ws/build/biped_control' returned '0': CMAKE_PREFIX_PATH=/home/roy/biped_lower/deploy/biped_ws/install/biped_msgs LD_LIBRARY_PATH=/home/roy/biped_lower/deploy/biped_ws/install/biped_msgs/lib:${LD_LIBRARY_PATH} PKG_CONFIG_PATH=/home/roy/biped_lower/deploy/biped_ws/install/biped_msgs/lib/aarch64-linux-gnu/pkgconfig:/home/roy/biped_lower/deploy/biped_ws/install/biped_msgs/lib/pkgconfig PYTHONPATH=/home/roy/biped_lower/deploy/biped_ws/build/biped_control/prefix_override:/usr/lib/python3/dist-packages/colcon_core/task/python/colcon_distutils_commands:/home/roy/biped_lower/deploy/biped_ws/install/biped_control/lib/python3.12/site-packages:/home/roy/biped_lower/deploy/biped_ws/install/biped_msgs/lib/python3.12/site-packages:${PYTHONPATH} ROS_PACKAGE_PATH=/home/roy/biped_lower/deploy/biped_ws/install/biped_msgs/share /usr/bin/python3 -W ignore:setup.py install is deprecated -W ignore:easy_install command is deprecated setup.py develop --editable --build-directory /home/roy/biped_lower/deploy/biped_ws/build/biped_control/build --no-deps symlink_data
[4.564s] INFO:colcon.colcon_core.shell:Creating environment descriptor '/home/roy/biped_lower/deploy/biped_ws/build/biped_control/share/biped_control/hook/pythonpath_develop.dsv'
[4.568s] INFO:colcon.colcon_core.shell:Creating environment hook '/home/roy/biped_lower/deploy/biped_ws/build/biped_control/share/biped_control/hook/pythonpath_develop.sh'
[4.569s] Level 1:colcon.colcon_core.environment:checking '/home/roy/biped_lower/deploy/biped_ws/install/biped_control' for CMake module files
[4.570s] Level 1:colcon.colcon_core.environment:checking '/home/roy/biped_lower/deploy/biped_ws/install/biped_control' for CMake config files
[4.570s] Level 1:colcon.colcon_core.environment:checking '/home/roy/biped_lower/deploy/biped_ws/install/biped_control/lib'
[4.570s] Level 1:colcon.colcon_core.environment:checking '/home/roy/biped_lower/deploy/biped_ws/install/biped_control/bin'
[4.570s] Level 1:colcon.colcon_core.environment:checking '/home/roy/biped_lower/deploy/biped_ws/install/biped_control/lib/pkgconfig/biped_control.pc'
[4.571s] Level 1:colcon.colcon_core.environment:checking '/home/roy/biped_lower/deploy/biped_ws/install/biped_control/lib/python3.12/site-packages'
[4.571s] Level 1:colcon.colcon_core.shell:create_environment_hook('biped_control', 'pythonpath')
[4.571s] INFO:colcon.colcon_core.shell:Creating environment hook '/home/roy/biped_lower/deploy/biped_ws/install/biped_control/share/biped_control/hook/pythonpath.ps1'
[4.572s] INFO:colcon.colcon_core.shell:Creating environment descriptor '/home/roy/biped_lower/deploy/biped_ws/install/biped_control/share/biped_control/hook/pythonpath.dsv'
[4.572s] INFO:colcon.colcon_core.shell:Creating environment hook '/home/roy/biped_lower/deploy/biped_ws/install/biped_control/share/biped_control/hook/pythonpath.sh'
[4.573s] Level 1:colcon.colcon_core.environment:checking '/home/roy/biped_lower/deploy/biped_ws/install/biped_control/bin'
[4.573s] Level 1:colcon.colcon_core.environment:create_environment_scripts_only(biped_control)
[4.574s] INFO:colcon.colcon_core.shell:Creating package script '/home/roy/biped_lower/deploy/biped_ws/install/biped_control/share/biped_control/package.ps1'
[4.575s] INFO:colcon.colcon_core.shell:Creating package descriptor '/home/roy/biped_lower/deploy/biped_ws/install/biped_control/share/biped_control/package.dsv'
[4.575s] INFO:colcon.colcon_core.shell:Creating package script '/home/roy/biped_lower/deploy/biped_ws/install/biped_control/share/biped_control/package.sh'
[4.576s] INFO:colcon.colcon_core.shell:Creating package script '/home/roy/biped_lower/deploy/biped_ws/install/biped_control/share/biped_control/package.bash'
[4.577s] INFO:colcon.colcon_core.shell:Creating package script '/home/roy/biped_lower/deploy/biped_ws/install/biped_control/share/biped_control/package.zsh'
[4.577s] Level 1:colcon.colcon_core.environment:create_file_with_runtime_dependencies(/home/roy/biped_lower/deploy/biped_ws/install/biped_control/share/colcon-core/packages/biped_control)
[4.579s] Level 1:colcon.colcon_core.shell:create_environment_hook('biped_driver', 'pythonpath_develop')
[4.579s] INFO:colcon.colcon_core.shell:Creating environment hook '/home/roy/biped_lower/deploy/biped_ws/build/biped_driver/share/biped_driver/hook/pythonpath_develop.ps1'
[4.580s] INFO:colcon.colcon_core.shell:Creating environment descriptor '/home/roy/biped_lower/deploy/biped_ws/build/biped_driver/share/biped_driver/hook/pythonpath_develop.dsv'
[4.580s] INFO:colcon.colcon_core.shell:Creating environment hook '/home/roy/biped_lower/deploy/biped_ws/build/biped_driver/share/biped_driver/hook/pythonpath_develop.sh'
[4.581s] Level 1:colcon.colcon_core.environment:checking '/home/roy/biped_lower/deploy/biped_ws/install/biped_driver' for CMake module files
[4.581s] Level 1:colcon.colcon_core.environment:checking '/home/roy/biped_lower/deploy/biped_ws/install/biped_driver' for CMake config files
[4.582s] Level 1:colcon.colcon_core.environment:checking '/home/roy/biped_lower/deploy/biped_ws/install/biped_driver/lib'
[4.583s] DEBUG:colcon.colcon_core.event_handler.log_command:Invoked command in '/home/roy/biped_lower/deploy/biped_ws/build/biped_driver' returned '0': CMAKE_PREFIX_PATH=/home/roy/biped_lower/deploy/biped_ws/install/biped_msgs LD_LIBRARY_PATH=/home/roy/biped_lower/deploy/biped_ws/install/biped_msgs/lib:${LD_LIBRARY_PATH} PKG_CONFIG_PATH=/home/roy/biped_lower/deploy/biped_ws/install/biped_msgs/lib/aarch64-linux-gnu/pkgconfig:/home/roy/biped_lower/deploy/biped_ws/install/biped_msgs/lib/pkgconfig PYTHONPATH=/home/roy/biped_lower/deploy/biped_ws/build/biped_driver/prefix_override:/usr/lib/python3/dist-packages/colcon_core/task/python/colcon_distutils_commands:/home/roy/biped_lower/deploy/biped_ws/install/biped_driver/lib/python3.12/site-packages:/home/roy/biped_lower/deploy/biped_ws/install/biped_msgs/lib/python3.12/site-packages:${PYTHONPATH} ROS_PACKAGE_PATH=/home/roy/biped_lower/deploy/biped_ws/install/biped_msgs/share /usr/bin/python3 -W ignore:setup.py install is deprecated -W ignore:easy_install command is deprecated setup.py develop --editable --build-directory /home/roy/biped_lower/deploy/biped_ws/build/biped_driver/build --no-deps symlink_data
[4.583s] Level 1:colcon.colcon_core.environment:checking '/home/roy/biped_lower/deploy/biped_ws/install/biped_driver/bin'
[4.583s] Level 1:colcon.colcon_core.environment:checking '/home/roy/biped_lower/deploy/biped_ws/install/biped_driver/lib/pkgconfig/biped_driver.pc'
[4.583s] Level 1:colcon.colcon_core.environment:checking '/home/roy/biped_lower/deploy/biped_ws/install/biped_driver/lib/python3.12/site-packages'
[4.583s] Level 1:colcon.colcon_core.shell:create_environment_hook('biped_driver', 'pythonpath')
[4.583s] INFO:colcon.colcon_core.shell:Creating environment hook '/home/roy/biped_lower/deploy/biped_ws/install/biped_driver/share/biped_driver/hook/pythonpath.ps1'
[4.584s] INFO:colcon.colcon_core.shell:Creating environment descriptor '/home/roy/biped_lower/deploy/biped_ws/install/biped_driver/share/biped_driver/hook/pythonpath.dsv'
[4.584s] INFO:colcon.colcon_core.shell:Creating environment hook '/home/roy/biped_lower/deploy/biped_ws/install/biped_driver/share/biped_driver/hook/pythonpath.sh'
[4.586s] Level 1:colcon.colcon_core.environment:checking '/home/roy/biped_lower/deploy/biped_ws/install/biped_driver/bin'
[4.586s] Level 1:colcon.colcon_core.environment:create_environment_scripts_only(biped_driver)
[4.586s] INFO:colcon.colcon_core.shell:Creating package script '/home/roy/biped_lower/deploy/biped_ws/install/biped_driver/share/biped_driver/package.ps1'
[4.587s] INFO:colcon.colcon_core.shell:Creating package descriptor '/home/roy/biped_lower/deploy/biped_ws/install/biped_driver/share/biped_driver/package.dsv'
[4.587s] INFO:colcon.colcon_core.shell:Creating package script '/home/roy/biped_lower/deploy/biped_ws/install/biped_driver/share/biped_driver/package.sh'
[4.588s] INFO:colcon.colcon_core.shell:Creating package script '/home/roy/biped_lower/deploy/biped_ws/install/biped_driver/share/biped_driver/package.bash'
[4.589s] INFO:colcon.colcon_core.shell:Creating package script '/home/roy/biped_lower/deploy/biped_ws/install/biped_driver/share/biped_driver/package.zsh'
[4.589s] Level 1:colcon.colcon_core.environment:create_file_with_runtime_dependencies(/home/roy/biped_lower/deploy/biped_ws/install/biped_driver/share/colcon-core/packages/biped_driver)
[4.590s] INFO:colcon.colcon_ros.task.ament_python.build:Building ROS package in '/home/roy/biped_lower/deploy/biped_ws/src/biped_tools' with build type 'ament_python'
[4.590s] Level 1:colcon.colcon_core.shell:create_environment_hook('biped_tools', 'ament_prefix_path')
[4.591s] INFO:colcon.colcon_core.shell:Creating environment hook '/home/roy/biped_lower/deploy/biped_ws/install/biped_tools/share/biped_tools/hook/ament_prefix_path.ps1'
[4.591s] INFO:colcon.colcon_core.shell:Creating environment descriptor '/home/roy/biped_lower/deploy/biped_ws/install/biped_tools/share/biped_tools/hook/ament_prefix_path.dsv'
[4.592s] INFO:colcon.colcon_core.shell:Creating environment hook '/home/roy/biped_lower/deploy/biped_ws/install/biped_tools/share/biped_tools/hook/ament_prefix_path.sh'
[4.592s] INFO:colcon.colcon_core.shell:Skip shell extension 'powershell' for command environment: Not usable outside of PowerShell
[4.592s] DEBUG:colcon.colcon_core.shell:Skip shell extension 'dsv' for command environment
[4.910s] INFO:colcon.colcon_core.task.python.build:Building Python package in '/home/roy/biped_lower/deploy/biped_ws/src/biped_tools'
[4.910s] INFO:colcon.colcon_core.shell:Skip shell extension 'powershell' for command environment: Not usable outside of PowerShell
[4.910s] DEBUG:colcon.colcon_core.shell:Skip shell extension 'dsv' for command environment
[5.682s] DEBUG:colcon.colcon_core.event_handler.log_command:Invoking command in '/home/roy/biped_lower/deploy/biped_ws/build/biped_tools': AMENT_PREFIX_PATH=/home/roy/biped_lower/deploy/biped_ws/install/biped_driver:${AMENT_PREFIX_PATH} CMAKE_PREFIX_PATH=/home/roy/biped_lower/deploy/biped_ws/install/biped_msgs LD_LIBRARY_PATH=/home/roy/biped_lower/deploy/biped_ws/install/biped_msgs/lib:${LD_LIBRARY_PATH} PKG_CONFIG_PATH=/home/roy/biped_lower/deploy/biped_ws/install/biped_msgs/lib/aarch64-linux-gnu/pkgconfig:/home/roy/biped_lower/deploy/biped_ws/install/biped_msgs/lib/pkgconfig PYTHONPATH=/home/roy/biped_lower/deploy/biped_ws/build/biped_tools/prefix_override:/usr/lib/python3/dist-packages/colcon_core/task/python/colcon_distutils_commands:/home/roy/biped_lower/deploy/biped_ws/install/biped_tools/lib/python3.12/site-packages:/home/roy/biped_lower/deploy/biped_ws/build/biped_driver:/home/roy/biped_lower/deploy/biped_ws/install/biped_driver/lib/python3.12/site-packages:/home/roy/biped_lower/deploy/biped_ws/install/biped_msgs/lib/python3.12/site-packages:${PYTHONPATH} ROS_PACKAGE_PATH=/home/roy/biped_lower/deploy/biped_ws/install/biped_msgs/share /usr/bin/python3 -W ignore:setup.py install is deprecated -W ignore:easy_install command is deprecated setup.py develop --editable --build-directory /home/roy/biped_lower/deploy/biped_ws/build/biped_tools/build --no-deps symlink_data
[6.466s] Level 1:colcon.colcon_core.shell:create_environment_hook('biped_tools', 'pythonpath_develop')
[6.467s] INFO:colcon.colcon_core.shell:Creating environment hook '/home/roy/biped_lower/deploy/biped_ws/build/biped_tools/share/biped_tools/hook/pythonpath_develop.ps1'
[6.467s] DEBUG:colcon.colcon_core.event_handler.log_command:Invoked command in '/home/roy/biped_lower/deploy/biped_ws/build/biped_tools' returned '0': AMENT_PREFIX_PATH=/home/roy/biped_lower/deploy/biped_ws/install/biped_driver:${AMENT_PREFIX_PATH} CMAKE_PREFIX_PATH=/home/roy/biped_lower/deploy/biped_ws/install/biped_msgs LD_LIBRARY_PATH=/home/roy/biped_lower/deploy/biped_ws/install/biped_msgs/lib:${LD_LIBRARY_PATH} PKG_CONFIG_PATH=/home/roy/biped_lower/deploy/biped_ws/install/biped_msgs/lib/aarch64-linux-gnu/pkgconfig:/home/roy/biped_lower/deploy/biped_ws/install/biped_msgs/lib/pkgconfig PYTHONPATH=/home/roy/biped_lower/deploy/biped_ws/build/biped_tools/prefix_override:/usr/lib/python3/dist-packages/colcon_core/task/python/colcon_distutils_commands:/home/roy/biped_lower/deploy/biped_ws/install/biped_tools/lib/python3.12/site-packages:/home/roy/biped_lower/deploy/biped_ws/build/biped_driver:/home/roy/biped_lower/deploy/biped_ws/install/biped_driver/lib/python3.12/site-packages:/home/roy/biped_lower/deploy/biped_ws/install/biped_msgs/lib/python3.12/site-packages:${PYTHONPATH} ROS_PACKAGE_PATH=/home/roy/biped_lower/deploy/biped_ws/install/biped_msgs/share /usr/bin/python3 -W ignore:setup.py install is deprecated -W ignore:easy_install command is deprecated setup.py develop --editable --build-directory /home/roy/biped_lower/deploy/biped_ws/build/biped_tools/build --no-deps symlink_data
[6.468s] INFO:colcon.colcon_core.shell:Creating environment descriptor '/home/roy/biped_lower/deploy/biped_ws/build/biped_tools/share/biped_tools/hook/pythonpath_develop.dsv'
[6.469s] INFO:colcon.colcon_core.shell:Creating environment hook '/home/roy/biped_lower/deploy/biped_ws/build/biped_tools/share/biped_tools/hook/pythonpath_develop.sh'
[6.470s] Level 1:colcon.colcon_core.environment:checking '/home/roy/biped_lower/deploy/biped_ws/install/biped_tools' for CMake module files
[6.470s] Level 1:colcon.colcon_core.environment:checking '/home/roy/biped_lower/deploy/biped_ws/install/biped_tools' for CMake config files
[6.471s] Level 1:colcon.colcon_core.environment:checking '/home/roy/biped_lower/deploy/biped_ws/install/biped_tools/lib'
[6.471s] Level 1:colcon.colcon_core.environment:checking '/home/roy/biped_lower/deploy/biped_ws/install/biped_tools/bin'
[6.471s] Level 1:colcon.colcon_core.environment:checking '/home/roy/biped_lower/deploy/biped_ws/install/biped_tools/lib/pkgconfig/biped_tools.pc'
[6.472s] Level 1:colcon.colcon_core.environment:checking '/home/roy/biped_lower/deploy/biped_ws/install/biped_tools/lib/python3.12/site-packages'
[6.472s] Level 1:colcon.colcon_core.shell:create_environment_hook('biped_tools', 'pythonpath')
[6.472s] INFO:colcon.colcon_core.shell:Creating environment hook '/home/roy/biped_lower/deploy/biped_ws/install/biped_tools/share/biped_tools/hook/pythonpath.ps1'
[6.473s] INFO:colcon.colcon_core.shell:Creating environment descriptor '/home/roy/biped_lower/deploy/biped_ws/install/biped_tools/share/biped_tools/hook/pythonpath.dsv'
[6.473s] INFO:colcon.colcon_core.shell:Creating environment hook '/home/roy/biped_lower/deploy/biped_ws/install/biped_tools/share/biped_tools/hook/pythonpath.sh'
[6.474s] Level 1:colcon.colcon_core.environment:checking '/home/roy/biped_lower/deploy/biped_ws/install/biped_tools/bin'
[6.474s] Level 1:colcon.colcon_core.environment:create_environment_scripts_only(biped_tools)
[6.475s] INFO:colcon.colcon_core.shell:Creating package script '/home/roy/biped_lower/deploy/biped_ws/install/biped_tools/share/biped_tools/package.ps1'
[6.475s] INFO:colcon.colcon_core.shell:Creating package descriptor '/home/roy/biped_lower/deploy/biped_ws/install/biped_tools/share/biped_tools/package.dsv'
[6.476s] INFO:colcon.colcon_core.shell:Creating package script '/home/roy/biped_lower/deploy/biped_ws/install/biped_tools/share/biped_tools/package.sh'
[6.477s] INFO:colcon.colcon_core.shell:Creating package script '/home/roy/biped_lower/deploy/biped_ws/install/biped_tools/share/biped_tools/package.bash'
[6.480s] INFO:colcon.colcon_core.shell:Creating package script '/home/roy/biped_lower/deploy/biped_ws/install/biped_tools/share/biped_tools/package.zsh'
[6.481s] Level 1:colcon.colcon_core.environment:create_file_with_runtime_dependencies(/home/roy/biped_lower/deploy/biped_ws/install/biped_tools/share/colcon-core/packages/biped_tools)
[6.482s] INFO:colcon.colcon_ros.task.ament_python.build:Building ROS package in '/home/roy/biped_lower/deploy/biped_ws/src/biped_bringup' with build type 'ament_python'
[6.482s] Level 1:colcon.colcon_core.shell:create_environment_hook('biped_bringup', 'ament_prefix_path')
[6.482s] INFO:colcon.colcon_core.shell:Creating environment hook '/home/roy/biped_lower/deploy/biped_ws/install/biped_bringup/share/biped_bringup/hook/ament_prefix_path.ps1'
[6.483s] INFO:colcon.colcon_core.shell:Creating environment descriptor '/home/roy/biped_lower/deploy/biped_ws/install/biped_bringup/share/biped_bringup/hook/ament_prefix_path.dsv'
[6.484s] INFO:colcon.colcon_core.shell:Creating environment hook '/home/roy/biped_lower/deploy/biped_ws/install/biped_bringup/share/biped_bringup/hook/ament_prefix_path.sh'
[6.485s] INFO:colcon.colcon_core.shell:Skip shell extension 'powershell' for command environment: Not usable outside of PowerShell
[6.485s] DEBUG:colcon.colcon_core.shell:Skip shell extension 'dsv' for command environment
[6.812s] INFO:colcon.colcon_core.task.python.build:Building Python package in '/home/roy/biped_lower/deploy/biped_ws/src/biped_bringup'
[6.813s] INFO:colcon.colcon_core.shell:Skip shell extension 'powershell' for command environment: Not usable outside of PowerShell
[6.813s] DEBUG:colcon.colcon_core.shell:Skip shell extension 'dsv' for command environment
[7.603s] DEBUG:colcon.colcon_core.event_handler.log_command:Invoking command in '/home/roy/biped_lower/deploy/biped_ws/build/biped_bringup': AMENT_PREFIX_PATH=/home/roy/biped_lower/deploy/biped_ws/install/biped_tools:/home/roy/biped_lower/deploy/biped_ws/install/biped_driver:/home/roy/biped_lower/deploy/biped_ws/install/biped_control:/home/roy/biped_lower/deploy/biped_ws/install/biped_teleop:/home/roy/biped_lower/deploy/biped_ws/install/biped_description:${AMENT_PREFIX_PATH} CMAKE_PREFIX_PATH=/home/roy/biped_lower/deploy/biped_ws/install/biped_msgs:/home/roy/biped_lower/deploy/biped_ws/install/biped_description LD_LIBRARY_PATH=/home/roy/biped_lower/deploy/biped_ws/install/biped_msgs/lib:${LD_LIBRARY_PATH} PKG_CONFIG_PATH=/home/roy/biped_lower/deploy/biped_ws/install/biped_msgs/lib/aarch64-linux-gnu/pkgconfig:/home/roy/biped_lower/deploy/biped_ws/install/biped_msgs/lib/pkgconfig PYTHONPATH=/home/roy/biped_lower/deploy/biped_ws/build/biped_bringup/prefix_override:/usr/lib/python3/dist-packages/colcon_core/task/python/colcon_distutils_commands:/home/roy/biped_lower/deploy/biped_ws/install/biped_bringup/lib/python3.12/site-packages:/home/roy/biped_lower/deploy/biped_ws/build/biped_tools:/home/roy/biped_lower/deploy/biped_ws/install/biped_tools/lib/python3.12/site-packages:/home/roy/biped_lower/deploy/biped_ws/build/biped_driver:/home/roy/biped_lower/deploy/biped_ws/install/biped_driver/lib/python3.12/site-packages:/home/roy/biped_lower/deploy/biped_ws/build/biped_control:/home/roy/biped_lower/deploy/biped_ws/install/biped_control/lib/python3.12/site-packages:/home/roy/biped_lower/deploy/biped_ws/build/biped_teleop:/home/roy/biped_lower/deploy/biped_ws/install/biped_teleop/lib/python3.12/site-packages:/home/roy/biped_lower/deploy/biped_ws/install/biped_msgs/lib/python3.12/site-packages:${PYTHONPATH} ROS_PACKAGE_PATH=/home/roy/biped_lower/deploy/biped_ws/install/biped_msgs/share /usr/bin/python3 -W ignore:setup.py install is deprecated -W ignore:easy_install command is deprecated setup.py develop --editable --build-directory /home/roy/biped_lower/deploy/biped_ws/build/biped_bringup/build --no-deps symlink_data
[8.405s] Level 1:colcon.colcon_core.shell:create_environment_hook('biped_bringup', 'pythonpath_develop')
[8.405s] INFO:colcon.colcon_core.shell:Creating environment hook '/home/roy/biped_lower/deploy/biped_ws/build/biped_bringup/share/biped_bringup/hook/pythonpath_develop.ps1'
[8.405s] DEBUG:colcon.colcon_core.event_handler.log_command:Invoked command in '/home/roy/biped_lower/deploy/biped_ws/build/biped_bringup' returned '0': AMENT_PREFIX_PATH=/home/roy/biped_lower/deploy/biped_ws/install/biped_tools:/home/roy/biped_lower/deploy/biped_ws/install/biped_driver:/home/roy/biped_lower/deploy/biped_ws/install/biped_control:/home/roy/biped_lower/deploy/biped_ws/install/biped_teleop:/home/roy/biped_lower/deploy/biped_ws/install/biped_description:${AMENT_PREFIX_PATH} CMAKE_PREFIX_PATH=/home/roy/biped_lower/deploy/biped_ws/install/biped_msgs:/home/roy/biped_lower/deploy/biped_ws/install/biped_description LD_LIBRARY_PATH=/home/roy/biped_lower/deploy/biped_ws/install/biped_msgs/lib:${LD_LIBRARY_PATH} PKG_CONFIG_PATH=/home/roy/biped_lower/deploy/biped_ws/install/biped_msgs/lib/aarch64-linux-gnu/pkgconfig:/home/roy/biped_lower/deploy/biped_ws/install/biped_msgs/lib/pkgconfig PYTHONPATH=/home/roy/biped_lower/deploy/biped_ws/build/biped_bringup/prefix_override:/usr/lib/python3/dist-packages/colcon_core/task/python/colcon_distutils_commands:/home/roy/biped_lower/deploy/biped_ws/install/biped_bringup/lib/python3.12/site-packages:/home/roy/biped_lower/deploy/biped_ws/build/biped_tools:/home/roy/biped_lower/deploy/biped_ws/install/biped_tools/lib/python3.12/site-packages:/home/roy/biped_lower/deploy/biped_ws/build/biped_driver:/home/roy/biped_lower/deploy/biped_ws/install/biped_driver/lib/python3.12/site-packages:/home/roy/biped_lower/deploy/biped_ws/build/biped_control:/home/roy/biped_lower/deploy/biped_ws/install/biped_control/lib/python3.12/site-packages:/home/roy/biped_lower/deploy/biped_ws/build/biped_teleop:/home/roy/biped_lower/deploy/biped_ws/install/biped_teleop/lib/python3.12/site-packages:/home/roy/biped_lower/deploy/biped_ws/install/biped_msgs/lib/python3.12/site-packages:${PYTHONPATH} ROS_PACKAGE_PATH=/home/roy/biped_lower/deploy/biped_ws/install/biped_msgs/share /usr/bin/python3 -W ignore:setup.py install is deprecated -W ignore:easy_install command is deprecated setup.py develop --editable --build-directory /home/roy/biped_lower/deploy/biped_ws/build/biped_bringup/build --no-deps symlink_data
[8.406s] INFO:colcon.colcon_core.shell:Creating environment descriptor '/home/roy/biped_lower/deploy/biped_ws/build/biped_bringup/share/biped_bringup/hook/pythonpath_develop.dsv'
[8.407s] INFO:colcon.colcon_core.shell:Creating environment hook '/home/roy/biped_lower/deploy/biped_ws/build/biped_bringup/share/biped_bringup/hook/pythonpath_develop.sh'
[8.408s] Level 1:colcon.colcon_core.environment:checking '/home/roy/biped_lower/deploy/biped_ws/install/biped_bringup' for CMake module files
[8.408s] Level 1:colcon.colcon_core.environment:checking '/home/roy/biped_lower/deploy/biped_ws/install/biped_bringup' for CMake config files
[8.409s] Level 1:colcon.colcon_core.environment:checking '/home/roy/biped_lower/deploy/biped_ws/install/biped_bringup/lib'
[8.410s] Level 1:colcon.colcon_core.environment:checking '/home/roy/biped_lower/deploy/biped_ws/install/biped_bringup/bin'
[8.410s] Level 1:colcon.colcon_core.environment:checking '/home/roy/biped_lower/deploy/biped_ws/install/biped_bringup/lib/pkgconfig/biped_bringup.pc'
[8.410s] Level 1:colcon.colcon_core.environment:checking '/home/roy/biped_lower/deploy/biped_ws/install/biped_bringup/lib/python3.12/site-packages'
[8.410s] Level 1:colcon.colcon_core.shell:create_environment_hook('biped_bringup', 'pythonpath')
[8.410s] INFO:colcon.colcon_core.shell:Creating environment hook '/home/roy/biped_lower/deploy/biped_ws/install/biped_bringup/share/biped_bringup/hook/pythonpath.ps1'
[8.411s] INFO:colcon.colcon_core.shell:Creating environment descriptor '/home/roy/biped_lower/deploy/biped_ws/install/biped_bringup/share/biped_bringup/hook/pythonpath.dsv'
[8.411s] INFO:colcon.colcon_core.shell:Creating environment hook '/home/roy/biped_lower/deploy/biped_ws/install/biped_bringup/share/biped_bringup/hook/pythonpath.sh'
[8.413s] Level 1:colcon.colcon_core.environment:checking '/home/roy/biped_lower/deploy/biped_ws/install/biped_bringup/bin'
[8.413s] Level 1:colcon.colcon_core.environment:create_environment_scripts_only(biped_bringup)
[8.413s] INFO:colcon.colcon_core.shell:Creating package script '/home/roy/biped_lower/deploy/biped_ws/install/biped_bringup/share/biped_bringup/package.ps1'
[8.414s] INFO:colcon.colcon_core.shell:Creating package descriptor '/home/roy/biped_lower/deploy/biped_ws/install/biped_bringup/share/biped_bringup/package.dsv'
[8.415s] INFO:colcon.colcon_core.shell:Creating package script '/home/roy/biped_lower/deploy/biped_ws/install/biped_bringup/share/biped_bringup/package.sh'
[8.419s] INFO:colcon.colcon_core.shell:Creating package script '/home/roy/biped_lower/deploy/biped_ws/install/biped_bringup/share/biped_bringup/package.bash'
[8.419s] INFO:colcon.colcon_core.shell:Creating package script '/home/roy/biped_lower/deploy/biped_ws/install/biped_bringup/share/biped_bringup/package.zsh'
[8.420s] Level 1:colcon.colcon_core.environment:create_file_with_runtime_dependencies(/home/roy/biped_lower/deploy/biped_ws/install/biped_bringup/share/colcon-core/packages/biped_bringup)
[8.421s] DEBUG:colcon.colcon_parallel_executor.executor.parallel:closing loop
[8.421s] DEBUG:colcon.colcon_parallel_executor.executor.parallel:loop closed
[8.421s] DEBUG:colcon.colcon_parallel_executor.executor.parallel:run_until_complete finished with '0'
[8.421s] DEBUG:colcon.colcon_core.event_reactor:joining thread
[8.431s] INFO:colcon.colcon_core.plugin_system:Skipping extension 'colcon_notification.desktop_notification.notify_send': Could not find 'notify-send'
[8.431s] INFO:colcon.colcon_core.plugin_system:Skipping extension 'colcon_notification.desktop_notification.terminal_notifier': Not used on non-Darwin systems
[8.432s] INFO:colcon.colcon_core.plugin_system:Skipping extension 'colcon_notification.desktop_notification.win32': Not used on non-Windows systems
[8.432s] INFO:colcon.colcon_notification.desktop_notification:Sending desktop notification using 'notify2'
[8.456s] DEBUG:colcon.colcon_notification.desktop_notification.notify2:Failed to initialize notify2: org.freedesktop.DBus.Error.ServiceUnknown: The name org.freedesktop.Notifications was not provided by any .service files
[8.456s] DEBUG:colcon.colcon_core.event_reactor:joined thread
[8.457s] INFO:colcon.colcon_core.shell:Creating prefix script '/home/roy/biped_lower/deploy/biped_ws/install/local_setup.ps1'
[8.459s] INFO:colcon.colcon_core.shell:Creating prefix util module '/home/roy/biped_lower/deploy/biped_ws/install/_local_setup_util_ps1.py'
[8.461s] INFO:colcon.colcon_core.shell:Creating prefix chain script '/home/roy/biped_lower/deploy/biped_ws/install/setup.ps1'
[8.463s] INFO:colcon.colcon_core.shell:Creating prefix script '/home/roy/biped_lower/deploy/biped_ws/install/local_setup.sh'
[8.465s] INFO:colcon.colcon_core.shell:Creating prefix util module '/home/roy/biped_lower/deploy/biped_ws/install/_local_setup_util_sh.py'
[8.466s] INFO:colcon.colcon_core.shell:Creating prefix chain script '/home/roy/biped_lower/deploy/biped_ws/install/setup.sh'
[8.468s] INFO:colcon.colcon_core.shell:Creating prefix script '/home/roy/biped_lower/deploy/biped_ws/install/local_setup.bash'
[8.472s] INFO:colcon.colcon_core.shell:Creating prefix chain script '/home/roy/biped_lower/deploy/biped_ws/install/setup.bash'
[8.473s] INFO:colcon.colcon_core.shell:Creating prefix script '/home/roy/biped_lower/deploy/biped_ws/install/local_setup.zsh'
[8.475s] INFO:colcon.colcon_core.shell:Creating prefix chain script '/home/roy/biped_lower/deploy/biped_ws/install/setup.zsh'
