running develop
running egg_info
creating biped_teleop.egg-info
writing biped_teleop.egg-info/PKG-INFO
writing dependency_links to biped_teleop.egg-info/dependency_links.txt
writing entry points to biped_teleop.egg-info/entry_points.txt
writing requirements to biped_teleop.egg-info/requires.txt
writing top-level names to biped_teleop.egg-info/top_level.txt
writing manifest file 'biped_teleop.egg-info/SOURCES.txt'
reading manifest file 'biped_teleop.egg-info/SOURCES.txt'
writing manifest file 'biped_teleop.egg-info/SOURCES.txt'
running build_ext
Creating /home/roy/biped_lower/deploy/biped_ws/install/biped_teleop/lib/python3.12/site-packages/biped-teleop.egg-link (link to .)
Installing keyboard_teleop script to /home/roy/biped_lower/deploy/biped_ws/install/biped_teleop/lib/biped_teleop

Installed /home/roy/biped_lower/deploy/biped_ws/build/biped_teleop
running symlink_data
creating /home/roy/biped_lower/deploy/biped_ws/install/biped_teleop/share/ament_index
creating /home/roy/biped_lower/deploy/biped_ws/install/biped_teleop/share/ament_index/resource_index
creating /home/roy/biped_lower/deploy/biped_ws/install/biped_teleop/share/ament_index/resource_index/packages
symbolically linking /home/roy/biped_lower/deploy/biped_ws/build/biped_teleop/resource/biped_teleop -> /home/roy/biped_lower/deploy/biped_ws/install/biped_teleop/share/ament_index/resource_index/packages
symbolically linking /home/roy/biped_lower/deploy/biped_ws/build/biped_teleop/package.xml -> /home/roy/biped_lower/deploy/biped_ws/install/biped_teleop/share/biped_teleop
