[1.576s] Invoking command in '/home/roy/biped_lower/deploy/biped_ws/build/biped_teleop': PYTHONPATH=/home/roy/biped_lower/deploy/biped_ws/build/biped_teleop/prefix_override:/usr/lib/python3/dist-packages/colcon_core/task/python/colcon_distutils_commands:/home/roy/biped_lower/deploy/biped_ws/install/biped_teleop/lib/python3.12/site-packages:${PYTHONPATH} /usr/bin/python3 -W ignore:setup.py install is deprecated -W ignore:easy_install command is deprecated setup.py develop --editable --build-directory /home/roy/biped_lower/deploy/biped_ws/build/biped_teleop/build --no-deps symlink_data
[2.100s] running develop
[2.384s] running egg_info
[2.384s] creating biped_teleop.egg-info
[2.405s] writing biped_teleop.egg-info/PKG-INFO
[2.406s] writing dependency_links to biped_teleop.egg-info/dependency_links.txt
[2.407s] writing entry points to biped_teleop.egg-info/entry_points.txt
[2.408s] writing requirements to biped_teleop.egg-info/requires.txt
[2.410s] writing top-level names to biped_teleop.egg-info/top_level.txt
[2.410s] writing manifest file 'biped_teleop.egg-info/SOURCES.txt'
[2.458s] reading manifest file 'biped_teleop.egg-info/SOURCES.txt'
[2.460s] writing manifest file 'biped_teleop.egg-info/SOURCES.txt'
[2.487s] running build_ext
[2.487s] Creating /home/roy/biped_lower/deploy/biped_ws/install/biped_teleop/lib/python3.12/site-packages/biped-teleop.egg-link (link to .)
[2.488s] Installing keyboard_teleop script to /home/roy/biped_lower/deploy/biped_ws/install/biped_teleop/lib/biped_teleop
[2.488s] 
[2.489s] Installed /home/roy/biped_lower/deploy/biped_ws/build/biped_teleop
[2.489s] running symlink_data
[2.489s] creating /home/roy/biped_lower/deploy/biped_ws/install/biped_teleop/share/ament_index
[2.489s] creating /home/roy/biped_lower/deploy/biped_ws/install/biped_teleop/share/ament_index/resource_index
[2.489s] creating /home/roy/biped_lower/deploy/biped_ws/install/biped_teleop/share/ament_index/resource_index/packages
[2.489s] symbolically linking /home/roy/biped_lower/deploy/biped_ws/build/biped_teleop/resource/biped_teleop -> /home/roy/biped_lower/deploy/biped_ws/install/biped_teleop/share/ament_index/resource_index/packages
[2.489s] symbolically linking /home/roy/biped_lower/deploy/biped_ws/build/biped_teleop/package.xml -> /home/roy/biped_lower/deploy/biped_ws/install/biped_teleop/share/biped_teleop
[2.612s] Invoked command in '/home/roy/biped_lower/deploy/biped_ws/build/biped_teleop' returned '0': PYTHONPATH=/home/roy/biped_lower/deploy/biped_ws/build/biped_teleop/prefix_override:/usr/lib/python3/dist-packages/colcon_core/task/python/colcon_distutils_commands:/home/roy/biped_lower/deploy/biped_ws/install/biped_teleop/lib/python3.12/site-packages:${PYTHONPATH} /usr/bin/python3 -W ignore:setup.py install is deprecated -W ignore:easy_install command is deprecated setup.py develop --editable --build-directory /home/roy/biped_lower/deploy/biped_ws/build/biped_teleop/build --no-deps symlink_data
