[0.312s] DEBUG:colcon:Command line arguments: ['/usr/bin/colcon', 'build', '--symlink-install', '--packages-select', 'biped_bringup']
[0.313s] DEBUG:colcon:Parsed command line arguments: Namespace(log_base=None, log_level=None, verb_name='build', build_base='build', install_base='install', merge_install=False, symlink_install=True, test_result_base=None, continue_on_error=False, executor='parallel', parallel_workers=4, event_handlers=None, ignore_user_meta=False, metas=['./colcon.meta'], base_paths=['.'], packages_ignore=None, packages_ignore_regex=None, paths=None, packages_up_to=None, packages_up_to_regex=None, packages_above=None, packages_above_and_dependencies=None, packages_above_depth=None, packages_select_by_dep=None, packages_skip_by_dep=None, packages_skip_up_to=None, packages_select_build_failed=False, packages_skip_build_finished=False, packages_select_test_failures=False, packages_skip_test_passed=False, packages_select=['biped_bringup'], packages_skip=None, packages_select_regex=None, packages_skip_regex=None, packages_start=None, packages_end=None, allow_overriding=[], cmake_args=None, cmake_target=None, cmake_target_skip_unavailable=False, cmake_clean_cache=False, cmake_clean_first=False, cmake_force_configure=False, ament_cmake_args=None, catkin_cmake_args=None, catkin_skip_building_tests=False, verb_parser=<colcon_defaults.argument_parser.defaults.DefaultArgumentsDecorator object at 0xffffb6bb09b0>, verb_extension=<colcon_core.verb.build.BuildVerb object at 0xffffb6d55160>, main=<bound method BuildVerb.main of <colcon_core.verb.build.BuildVerb object at 0xffffb6d55160>>)
[0.498s] Level 1:colcon.colcon_core.package_discovery:discover_packages(colcon_meta) check parameters
[0.499s] Level 1:colcon.colcon_core.package_discovery:discover_packages(recursive) check parameters
[0.499s] Level 1:colcon.colcon_core.package_discovery:discover_packages(ignore) check parameters
[0.499s] Level 1:colcon.colcon_core.package_discovery:discover_packages(path) check parameters
[0.499s] Level 1:colcon.colcon_core.package_discovery:discover_packages(colcon_meta) discover
[0.499s] Level 1:colcon.colcon_core.package_discovery:discover_packages(recursive) discover
[0.499s] INFO:colcon.colcon_core.package_discovery:Crawling recursively for packages in '/home/roy/biped_lower/deploy/biped_ws'
[0.499s] Level 1:colcon.colcon_core.package_identification:_identify(.) by extensions ['ignore', 'ignore_ament_install']
[0.499s] Level 1:colcon.colcon_core.package_identification:_identify(.) by extension 'ignore'
[0.499s] Level 1:colcon.colcon_core.package_identification:_identify(.) by extension 'ignore_ament_install'
[0.499s] Level 1:colcon.colcon_core.package_identification:_identify(.) by extensions ['colcon_pkg']
[0.499s] Level 1:colcon.colcon_core.package_identification:_identify(.) by extension 'colcon_pkg'
[0.499s] Level 1:colcon.colcon_core.package_identification:_identify(.) by extensions ['colcon_meta']
[0.499s] Level 1:colcon.colcon_core.package_identification:_identify(.) by extension 'colcon_meta'
[0.499s] Level 1:colcon.colcon_core.package_identification:_identify(.) by extensions ['ros']
[0.500s] Level 1:colcon.colcon_core.package_identification:_identify(.) by extension 'ros'
[0.562s] Level 1:colcon.colcon_core.package_identification:_identify(.) by extensions ['cmake', 'python']
[0.562s] Level 1:colcon.colcon_core.package_identification:_identify(.) by extension 'cmake'
[0.562s] Level 1:colcon.colcon_core.package_identification:_identify(.) by extension 'python'
[0.562s] Level 1:colcon.colcon_core.package_identification:_identify(.) by extensions ['python_setup_py']
[0.562s] Level 1:colcon.colcon_core.package_identification:_identify(.) by extension 'python_setup_py'
[0.562s] Level 1:colcon.colcon_core.package_identification:_identify(build) by extensions ['ignore', 'ignore_ament_install']
[0.562s] Level 1:colcon.colcon_core.package_identification:_identify(build) by extension 'ignore'
[0.562s] Level 1:colcon.colcon_core.package_identification:_identify(build) ignored
[0.562s] Level 1:colcon.colcon_core.package_identification:_identify(install) by extensions ['ignore', 'ignore_ament_install']
[0.563s] Level 1:colcon.colcon_core.package_identification:_identify(install) by extension 'ignore'
[0.563s] Level 1:colcon.colcon_core.package_identification:_identify(install) ignored
[0.563s] Level 1:colcon.colcon_core.package_identification:_identify(log) by extensions ['ignore', 'ignore_ament_install']
[0.563s] Level 1:colcon.colcon_core.package_identification:_identify(log) by extension 'ignore'
[0.563s] Level 1:colcon.colcon_core.package_identification:_identify(log) ignored
[0.563s] Level 1:colcon.colcon_core.package_identification:_identify(src) by extensions ['ignore', 'ignore_ament_install']
[0.563s] Level 1:colcon.colcon_core.package_identification:_identify(src) by extension 'ignore'
[0.563s] Level 1:colcon.colcon_core.package_identification:_identify(src) by extension 'ignore_ament_install'
[0.563s] Level 1:colcon.colcon_core.package_identification:_identify(src) by extensions ['colcon_pkg']
[0.563s] Level 1:colcon.colcon_core.package_identification:_identify(src) by extension 'colcon_pkg'
[0.563s] Level 1:colcon.colcon_core.package_identification:_identify(src) by extensions ['colcon_meta']
[0.563s] Level 1:colcon.colcon_core.package_identification:_identify(src) by extension 'colcon_meta'
[0.563s] Level 1:colcon.colcon_core.package_identification:_identify(src) by extensions ['ros']
[0.563s] Level 1:colcon.colcon_core.package_identification:_identify(src) by extension 'ros'
[0.563s] Level 1:colcon.colcon_core.package_identification:_identify(src) by extensions ['cmake', 'python']
[0.564s] Level 1:colcon.colcon_core.package_identification:_identify(src) by extension 'cmake'
[0.564s] Level 1:colcon.colcon_core.package_identification:_identify(src) by extension 'python'
[0.564s] Level 1:colcon.colcon_core.package_identification:_identify(src) by extensions ['python_setup_py']
[0.564s] Level 1:colcon.colcon_core.package_identification:_identify(src) by extension 'python_setup_py'
[0.564s] Level 1:colcon.colcon_core.package_identification:_identify(src/biped_bringup) by extensions ['ignore', 'ignore_ament_install']
[0.564s] Level 1:colcon.colcon_core.package_identification:_identify(src/biped_bringup) by extension 'ignore'
[0.564s] Level 1:colcon.colcon_core.package_identification:_identify(src/biped_bringup) by extension 'ignore_ament_install'
[0.564s] Level 1:colcon.colcon_core.package_identification:_identify(src/biped_bringup) by extensions ['colcon_pkg']
[0.564s] Level 1:colcon.colcon_core.package_identification:_identify(src/biped_bringup) by extension 'colcon_pkg'
[0.564s] Level 1:colcon.colcon_core.package_identification:_identify(src/biped_bringup) by extensions ['colcon_meta']
[0.564s] Level 1:colcon.colcon_core.package_identification:_identify(src/biped_bringup) by extension 'colcon_meta'
[0.564s] Level 1:colcon.colcon_core.package_identification:_identify(src/biped_bringup) by extensions ['ros']
[0.564s] Level 1:colcon.colcon_core.package_identification:_identify(src/biped_bringup) by extension 'ros'
[0.577s] DEBUG:colcon.colcon_core.package_identification:Package 'src/biped_bringup' with type 'ros.ament_python' and name 'biped_bringup'
[0.578s] Level 1:colcon.colcon_core.package_identification:_identify(src/biped_control) by extensions ['ignore', 'ignore_ament_install']
[0.578s] Level 1:colcon.colcon_core.package_identification:_identify(src/biped_control) by extension 'ignore'
[0.578s] Level 1:colcon.colcon_core.package_identification:_identify(src/biped_control) by extension 'ignore_ament_install'
[0.578s] Level 1:colcon.colcon_core.package_identification:_identify(src/biped_control) by extensions ['colcon_pkg']
[0.578s] Level 1:colcon.colcon_core.package_identification:_identify(src/biped_control) by extension 'colcon_pkg'
[0.578s] Level 1:colcon.colcon_core.package_identification:_identify(src/biped_control) by extensions ['colcon_meta']
[0.578s] Level 1:colcon.colcon_core.package_identification:_identify(src/biped_control) by extension 'colcon_meta'
[0.578s] Level 1:colcon.colcon_core.package_identification:_identify(src/biped_control) by extensions ['ros']
[0.578s] Level 1:colcon.colcon_core.package_identification:_identify(src/biped_control) by extension 'ros'
[0.580s] DEBUG:colcon.colcon_core.package_identification:Package 'src/biped_control' with type 'ros.ament_python' and name 'biped_control'
[0.580s] Level 1:colcon.colcon_core.package_identification:_identify(src/biped_description) by extensions ['ignore', 'ignore_ament_install']
[0.580s] Level 1:colcon.colcon_core.package_identification:_identify(src/biped_description) by extension 'ignore'
[0.580s] Level 1:colcon.colcon_core.package_identification:_identify(src/biped_description) by extension 'ignore_ament_install'
[0.580s] Level 1:colcon.colcon_core.package_identification:_identify(src/biped_description) by extensions ['colcon_pkg']
[0.580s] Level 1:colcon.colcon_core.package_identification:_identify(src/biped_description) by extension 'colcon_pkg'
[0.580s] Level 1:colcon.colcon_core.package_identification:_identify(src/biped_description) by extensions ['colcon_meta']
[0.580s] Level 1:colcon.colcon_core.package_identification:_identify(src/biped_description) by extension 'colcon_meta'
[0.580s] Level 1:colcon.colcon_core.package_identification:_identify(src/biped_description) by extensions ['ros']
[0.580s] Level 1:colcon.colcon_core.package_identification:_identify(src/biped_description) by extension 'ros'
[0.581s] DEBUG:colcon.colcon_core.package_identification:Package 'src/biped_description' with type 'ros.ament_cmake' and name 'biped_description'
[0.581s] Level 1:colcon.colcon_core.package_identification:_identify(src/biped_driver) by extensions ['ignore', 'ignore_ament_install']
[0.581s] Level 1:colcon.colcon_core.package_identification:_identify(src/biped_driver) by extension 'ignore'
[0.581s] Level 1:colcon.colcon_core.package_identification:_identify(src/biped_driver) by extension 'ignore_ament_install'
[0.581s] Level 1:colcon.colcon_core.package_identification:_identify(src/biped_driver) by extensions ['colcon_pkg']
[0.581s] Level 1:colcon.colcon_core.package_identification:_identify(src/biped_driver) by extension 'colcon_pkg'
[0.581s] Level 1:colcon.colcon_core.package_identification:_identify(src/biped_driver) by extensions ['colcon_meta']
[0.582s] Level 1:colcon.colcon_core.package_identification:_identify(src/biped_driver) by extension 'colcon_meta'
[0.582s] Level 1:colcon.colcon_core.package_identification:_identify(src/biped_driver) by extensions ['ros']
[0.582s] Level 1:colcon.colcon_core.package_identification:_identify(src/biped_driver) by extension 'ros'
[0.583s] DEBUG:colcon.colcon_core.package_identification:Package 'src/biped_driver' with type 'ros.ament_python' and name 'biped_driver'
[0.584s] Level 1:colcon.colcon_core.package_identification:_identify(src/biped_msgs) by extensions ['ignore', 'ignore_ament_install']
[0.584s] Level 1:colcon.colcon_core.package_identification:_identify(src/biped_msgs) by extension 'ignore'
[0.584s] Level 1:colcon.colcon_core.package_identification:_identify(src/biped_msgs) by extension 'ignore_ament_install'
[0.584s] Level 1:colcon.colcon_core.package_identification:_identify(src/biped_msgs) by extensions ['colcon_pkg']
[0.584s] Level 1:colcon.colcon_core.package_identification:_identify(src/biped_msgs) by extension 'colcon_pkg'
[0.584s] Level 1:colcon.colcon_core.package_identification:_identify(src/biped_msgs) by extensions ['colcon_meta']
[0.585s] Level 1:colcon.colcon_core.package_identification:_identify(src/biped_msgs) by extension 'colcon_meta'
[0.585s] Level 1:colcon.colcon_core.package_identification:_identify(src/biped_msgs) by extensions ['ros']
[0.585s] Level 1:colcon.colcon_core.package_identification:_identify(src/biped_msgs) by extension 'ros'
[0.586s] DEBUG:colcon.colcon_core.package_identification:Package 'src/biped_msgs' with type 'ros.catkin' and name 'biped_msgs'
[0.586s] Level 1:colcon.colcon_core.package_identification:_identify(src/biped_teleop) by extensions ['ignore', 'ignore_ament_install']
[0.586s] Level 1:colcon.colcon_core.package_identification:_identify(src/biped_teleop) by extension 'ignore'
[0.586s] Level 1:colcon.colcon_core.package_identification:_identify(src/biped_teleop) by extension 'ignore_ament_install'
[0.586s] Level 1:colcon.colcon_core.package_identification:_identify(src/biped_teleop) by extensions ['colcon_pkg']
[0.586s] Level 1:colcon.colcon_core.package_identification:_identify(src/biped_teleop) by extension 'colcon_pkg'
[0.586s] Level 1:colcon.colcon_core.package_identification:_identify(src/biped_teleop) by extensions ['colcon_meta']
[0.586s] Level 1:colcon.colcon_core.package_identification:_identify(src/biped_teleop) by extension 'colcon_meta'
[0.586s] Level 1:colcon.colcon_core.package_identification:_identify(src/biped_teleop) by extensions ['ros']
[0.586s] Level 1:colcon.colcon_core.package_identification:_identify(src/biped_teleop) by extension 'ros'
[0.587s] DEBUG:colcon.colcon_core.package_identification:Package 'src/biped_teleop' with type 'ros.ament_python' and name 'biped_teleop'
[0.587s] Level 1:colcon.colcon_core.package_identification:_identify(src/biped_tools) by extensions ['ignore', 'ignore_ament_install']
[0.587s] Level 1:colcon.colcon_core.package_identification:_identify(src/biped_tools) by extension 'ignore'
[0.587s] Level 1:colcon.colcon_core.package_identification:_identify(src/biped_tools) by extension 'ignore_ament_install'
[0.587s] Level 1:colcon.colcon_core.package_identification:_identify(src/biped_tools) by extensions ['colcon_pkg']
[0.587s] Level 1:colcon.colcon_core.package_identification:_identify(src/biped_tools) by extension 'colcon_pkg'
[0.588s] Level 1:colcon.colcon_core.package_identification:_identify(src/biped_tools) by extensions ['colcon_meta']
[0.588s] Level 1:colcon.colcon_core.package_identification:_identify(src/biped_tools) by extension 'colcon_meta'
[0.588s] Level 1:colcon.colcon_core.package_identification:_identify(src/biped_tools) by extensions ['ros']
[0.588s] Level 1:colcon.colcon_core.package_identification:_identify(src/biped_tools) by extension 'ros'
[0.589s] DEBUG:colcon.colcon_core.package_identification:Package 'src/biped_tools' with type 'ros.ament_python' and name 'biped_tools'
[0.589s] Level 1:colcon.colcon_core.package_discovery:discover_packages(recursive) using defaults
[0.589s] Level 1:colcon.colcon_core.package_discovery:discover_packages(ignore) discover
[0.589s] Level 1:colcon.colcon_core.package_discovery:discover_packages(ignore) using defaults
[0.589s] Level 1:colcon.colcon_core.package_discovery:discover_packages(path) discover
[0.589s] Level 1:colcon.colcon_core.package_discovery:discover_packages(path) using defaults
[0.633s] INFO:colcon.colcon_core.package_selection:Skipping not selected package 'biped_description' in 'src/biped_description'
[0.633s] INFO:colcon.colcon_core.package_selection:Skipping not selected package 'biped_msgs' in 'src/biped_msgs'
[0.633s] INFO:colcon.colcon_core.package_selection:Skipping not selected package 'biped_teleop' in 'src/biped_teleop'
[0.633s] INFO:colcon.colcon_core.package_selection:Skipping not selected package 'biped_control' in 'src/biped_control'
[0.634s] INFO:colcon.colcon_core.package_selection:Skipping not selected package 'biped_driver' in 'src/biped_driver'
[0.634s] INFO:colcon.colcon_core.package_selection:Skipping not selected package 'biped_tools' in 'src/biped_tools'
[0.635s] Level 1:colcon.colcon_core.package_discovery:discover_packages(prefix_path) check parameters
[0.635s] Level 1:colcon.colcon_core.package_discovery:discover_packages(prefix_path) discover
[0.642s] DEBUG:colcon.colcon_installed_package_information.package_discovery:Found 197 installed packages in /opt/ros/jazzy
[0.643s] DEBUG:colcon.colcon_installed_package_information.package_discovery:Found 7 installed packages in /home/roy/biped_lower/deploy/biped_ws/install
[0.643s] Level 1:colcon.colcon_core.package_discovery:discover_packages(prefix_path) using defaults
[0.690s] Level 5:colcon.colcon_core.verb:set package 'biped_bringup' build argument 'cmake_args' from command line to 'None'
[0.690s] Level 5:colcon.colcon_core.verb:set package 'biped_bringup' build argument 'cmake_target' from command line to 'None'
[0.690s] Level 5:colcon.colcon_core.verb:set package 'biped_bringup' build argument 'cmake_target_skip_unavailable' from command line to 'False'
[0.690s] Level 5:colcon.colcon_core.verb:set package 'biped_bringup' build argument 'cmake_clean_cache' from command line to 'False'
[0.690s] Level 5:colcon.colcon_core.verb:set package 'biped_bringup' build argument 'cmake_clean_first' from command line to 'False'
[0.690s] Level 5:colcon.colcon_core.verb:set package 'biped_bringup' build argument 'cmake_force_configure' from command line to 'False'
[0.690s] Level 5:colcon.colcon_core.verb:set package 'biped_bringup' build argument 'ament_cmake_args' from command line to 'None'
[0.690s] Level 5:colcon.colcon_core.verb:set package 'biped_bringup' build argument 'catkin_cmake_args' from command line to 'None'
[0.690s] Level 5:colcon.colcon_core.verb:set package 'biped_bringup' build argument 'catkin_skip_building_tests' from command line to 'False'
[0.690s] DEBUG:colcon.colcon_core.verb:Building package 'biped_bringup' with the following arguments: {'ament_cmake_args': None, 'build_base': '/home/roy/biped_lower/deploy/biped_ws/build/biped_bringup', 'catkin_cmake_args': None, 'catkin_skip_building_tests': False, 'cmake_args': None, 'cmake_clean_cache': False, 'cmake_clean_first': False, 'cmake_force_configure': False, 'cmake_target': None, 'cmake_target_skip_unavailable': False, 'install_base': '/home/roy/biped_lower/deploy/biped_ws/install/biped_bringup', 'merge_install': False, 'path': '/home/roy/biped_lower/deploy/biped_ws/src/biped_bringup', 'symlink_install': True, 'test_result_base': None}
[0.690s] INFO:colcon.colcon_core.executor:Executing jobs using 'parallel' executor
[0.692s] DEBUG:colcon.colcon_parallel_executor.executor.parallel:run_until_complete
[0.692s] INFO:colcon.colcon_ros.task.ament_python.build:Building ROS package in '/home/roy/biped_lower/deploy/biped_ws/src/biped_bringup' with build type 'ament_python'
[0.692s] Level 1:colcon.colcon_core.shell:create_environment_hook('biped_bringup', 'ament_prefix_path')
[0.703s] INFO:colcon.colcon_core.plugin_system:Skipping extension 'colcon_core.shell.bat': Not used on non-Windows systems
[0.703s] INFO:colcon.colcon_core.shell:Creating environment hook '/home/roy/biped_lower/deploy/biped_ws/install/biped_bringup/share/biped_bringup/hook/ament_prefix_path.ps1'
[0.704s] INFO:colcon.colcon_core.shell:Creating environment descriptor '/home/roy/biped_lower/deploy/biped_ws/install/biped_bringup/share/biped_bringup/hook/ament_prefix_path.dsv'
[0.706s] INFO:colcon.colcon_core.shell:Creating environment hook '/home/roy/biped_lower/deploy/biped_ws/install/biped_bringup/share/biped_bringup/hook/ament_prefix_path.sh'
[0.708s] INFO:colcon.colcon_core.shell:Skip shell extension 'powershell' for command environment: Not usable outside of PowerShell
[0.708s] DEBUG:colcon.colcon_core.shell:Skip shell extension 'dsv' for command environment
[1.170s] INFO:colcon.colcon_core.task.python.build:Building Python package in '/home/roy/biped_lower/deploy/biped_ws/src/biped_bringup'
[1.170s] INFO:colcon.colcon_core.shell:Skip shell extension 'powershell' for command environment: Not usable outside of PowerShell
[1.170s] DEBUG:colcon.colcon_core.shell:Skip shell extension 'dsv' for command environment
[2.678s] DEBUG:colcon.colcon_core.event_handler.log_command:Invoking command in '/home/roy/biped_lower/deploy/biped_ws/build/biped_bringup': AMENT_PREFIX_PATH=/home/roy/biped_lower/deploy/biped_ws/install/biped_tools:/home/roy/biped_lower/deploy/biped_ws/install/biped_driver:/home/roy/biped_lower/deploy/biped_ws/install/biped_control:/home/roy/biped_lower/deploy/biped_ws/install/biped_teleop:/home/roy/biped_lower/deploy/biped_ws/install/biped_description:${AMENT_PREFIX_PATH} CMAKE_PREFIX_PATH=/home/roy/biped_lower/deploy/biped_ws/install/biped_msgs:/home/roy/biped_lower/deploy/biped_ws/install/biped_description LD_LIBRARY_PATH=/home/roy/biped_lower/deploy/biped_ws/install/biped_msgs/lib:${LD_LIBRARY_PATH} PKG_CONFIG_PATH=/home/roy/biped_lower/deploy/biped_ws/install/biped_msgs/lib/aarch64-linux-gnu/pkgconfig:/home/roy/biped_lower/deploy/biped_ws/install/biped_msgs/lib/pkgconfig PYTHONPATH=/home/roy/biped_lower/deploy/biped_ws/build/biped_bringup/prefix_override:/usr/lib/python3/dist-packages/colcon_core/task/python/colcon_distutils_commands:/home/roy/biped_lower/deploy/biped_ws/install/biped_bringup/lib/python3.12/site-packages:/home/roy/biped_lower/deploy/biped_ws/build/biped_tools:/home/roy/biped_lower/deploy/biped_ws/install/biped_tools/lib/python3.12/site-packages:/home/roy/biped_lower/deploy/biped_ws/build/biped_driver:/home/roy/biped_lower/deploy/biped_ws/install/biped_driver/lib/python3.12/site-packages:/home/roy/biped_lower/deploy/biped_ws/build/biped_control:/home/roy/biped_lower/deploy/biped_ws/install/biped_control/lib/python3.12/site-packages:/home/roy/biped_lower/deploy/biped_ws/build/biped_teleop:/home/roy/biped_lower/deploy/biped_ws/install/biped_teleop/lib/python3.12/site-packages:/home/roy/biped_lower/deploy/biped_ws/install/biped_msgs/lib/python3.12/site-packages:${PYTHONPATH} ROS_PACKAGE_PATH=/home/roy/biped_lower/deploy/biped_ws/install/biped_msgs/share /usr/bin/python3 -W ignore:setup.py install is deprecated -W ignore:easy_install command is deprecated setup.py develop --editable --build-directory /home/roy/biped_lower/deploy/biped_ws/build/biped_bringup/build --no-deps symlink_data
[3.729s] Level 1:colcon.colcon_core.shell:create_environment_hook('biped_bringup', 'pythonpath_develop')
[3.729s] INFO:colcon.colcon_core.shell:Creating environment hook '/home/roy/biped_lower/deploy/biped_ws/build/biped_bringup/share/biped_bringup/hook/pythonpath_develop.ps1'
[3.730s] INFO:colcon.colcon_core.shell:Creating environment descriptor '/home/roy/biped_lower/deploy/biped_ws/build/biped_bringup/share/biped_bringup/hook/pythonpath_develop.dsv'
[3.731s] DEBUG:colcon.colcon_core.event_handler.log_command:Invoked command in '/home/roy/biped_lower/deploy/biped_ws/build/biped_bringup' returned '0': AMENT_PREFIX_PATH=/home/roy/biped_lower/deploy/biped_ws/install/biped_tools:/home/roy/biped_lower/deploy/biped_ws/install/biped_driver:/home/roy/biped_lower/deploy/biped_ws/install/biped_control:/home/roy/biped_lower/deploy/biped_ws/install/biped_teleop:/home/roy/biped_lower/deploy/biped_ws/install/biped_description:${AMENT_PREFIX_PATH} CMAKE_PREFIX_PATH=/home/roy/biped_lower/deploy/biped_ws/install/biped_msgs:/home/roy/biped_lower/deploy/biped_ws/install/biped_description LD_LIBRARY_PATH=/home/roy/biped_lower/deploy/biped_ws/install/biped_msgs/lib:${LD_LIBRARY_PATH} PKG_CONFIG_PATH=/home/roy/biped_lower/deploy/biped_ws/install/biped_msgs/lib/aarch64-linux-gnu/pkgconfig:/home/roy/biped_lower/deploy/biped_ws/install/biped_msgs/lib/pkgconfig PYTHONPATH=/home/roy/biped_lower/deploy/biped_ws/build/biped_bringup/prefix_override:/usr/lib/python3/dist-packages/colcon_core/task/python/colcon_distutils_commands:/home/roy/biped_lower/deploy/biped_ws/install/biped_bringup/lib/python3.12/site-packages:/home/roy/biped_lower/deploy/biped_ws/build/biped_tools:/home/roy/biped_lower/deploy/biped_ws/install/biped_tools/lib/python3.12/site-packages:/home/roy/biped_lower/deploy/biped_ws/build/biped_driver:/home/roy/biped_lower/deploy/biped_ws/install/biped_driver/lib/python3.12/site-packages:/home/roy/biped_lower/deploy/biped_ws/build/biped_control:/home/roy/biped_lower/deploy/biped_ws/install/biped_control/lib/python3.12/site-packages:/home/roy/biped_lower/deploy/biped_ws/build/biped_teleop:/home/roy/biped_lower/deploy/biped_ws/install/biped_teleop/lib/python3.12/site-packages:/home/roy/biped_lower/deploy/biped_ws/install/biped_msgs/lib/python3.12/site-packages:${PYTHONPATH} ROS_PACKAGE_PATH=/home/roy/biped_lower/deploy/biped_ws/install/biped_msgs/share /usr/bin/python3 -W ignore:setup.py install is deprecated -W ignore:easy_install command is deprecated setup.py develop --editable --build-directory /home/roy/biped_lower/deploy/biped_ws/build/biped_bringup/build --no-deps symlink_data
[3.733s] INFO:colcon.colcon_core.shell:Creating environment hook '/home/roy/biped_lower/deploy/biped_ws/build/biped_bringup/share/biped_bringup/hook/pythonpath_develop.sh'
[3.743s] Level 1:colcon.colcon_core.environment:checking '/home/roy/biped_lower/deploy/biped_ws/install/biped_bringup' for CMake module files
[3.744s] Level 1:colcon.colcon_core.environment:checking '/home/roy/biped_lower/deploy/biped_ws/install/biped_bringup' for CMake config files
[3.745s] Level 1:colcon.colcon_core.environment:checking '/home/roy/biped_lower/deploy/biped_ws/install/biped_bringup/lib'
[3.745s] Level 1:colcon.colcon_core.environment:checking '/home/roy/biped_lower/deploy/biped_ws/install/biped_bringup/bin'
[3.745s] Level 1:colcon.colcon_core.environment:checking '/home/roy/biped_lower/deploy/biped_ws/install/biped_bringup/lib/pkgconfig/biped_bringup.pc'
[3.746s] Level 1:colcon.colcon_core.environment:checking '/home/roy/biped_lower/deploy/biped_ws/install/biped_bringup/lib/python3.12/site-packages'
[3.746s] Level 1:colcon.colcon_core.shell:create_environment_hook('biped_bringup', 'pythonpath')
[3.746s] INFO:colcon.colcon_core.shell:Creating environment hook '/home/roy/biped_lower/deploy/biped_ws/install/biped_bringup/share/biped_bringup/hook/pythonpath.ps1'
[3.747s] INFO:colcon.colcon_core.shell:Creating environment descriptor '/home/roy/biped_lower/deploy/biped_ws/install/biped_bringup/share/biped_bringup/hook/pythonpath.dsv'
[3.748s] INFO:colcon.colcon_core.shell:Creating environment hook '/home/roy/biped_lower/deploy/biped_ws/install/biped_bringup/share/biped_bringup/hook/pythonpath.sh'
[3.754s] Level 1:colcon.colcon_core.environment:checking '/home/roy/biped_lower/deploy/biped_ws/install/biped_bringup/bin'
[3.754s] Level 1:colcon.colcon_core.environment:create_environment_scripts_only(biped_bringup)
[3.755s] INFO:colcon.colcon_core.shell:Creating package script '/home/roy/biped_lower/deploy/biped_ws/install/biped_bringup/share/biped_bringup/package.ps1'
[3.759s] INFO:colcon.colcon_core.shell:Creating package descriptor '/home/roy/biped_lower/deploy/biped_ws/install/biped_bringup/share/biped_bringup/package.dsv'
[3.761s] INFO:colcon.colcon_core.shell:Creating package script '/home/roy/biped_lower/deploy/biped_ws/install/biped_bringup/share/biped_bringup/package.sh'
[3.763s] INFO:colcon.colcon_core.shell:Creating package script '/home/roy/biped_lower/deploy/biped_ws/install/biped_bringup/share/biped_bringup/package.bash'
[3.766s] INFO:colcon.colcon_core.shell:Creating package script '/home/roy/biped_lower/deploy/biped_ws/install/biped_bringup/share/biped_bringup/package.zsh'
[3.767s] Level 1:colcon.colcon_core.environment:create_file_with_runtime_dependencies(/home/roy/biped_lower/deploy/biped_ws/install/biped_bringup/share/colcon-core/packages/biped_bringup)
[3.768s] DEBUG:colcon.colcon_parallel_executor.executor.parallel:closing loop
[3.769s] DEBUG:colcon.colcon_parallel_executor.executor.parallel:loop closed
[3.769s] DEBUG:colcon.colcon_parallel_executor.executor.parallel:run_until_complete finished with '0'
[3.769s] DEBUG:colcon.colcon_core.event_reactor:joining thread
[3.789s] INFO:colcon.colcon_core.plugin_system:Skipping extension 'colcon_notification.desktop_notification.notify_send': Could not find 'notify-send'
[3.789s] INFO:colcon.colcon_core.plugin_system:Skipping extension 'colcon_notification.desktop_notification.terminal_notifier': Not used on non-Darwin systems
[3.789s] INFO:colcon.colcon_core.plugin_system:Skipping extension 'colcon_notification.desktop_notification.win32': Not used on non-Windows systems
[3.789s] INFO:colcon.colcon_notification.desktop_notification:Sending desktop notification using 'notify2'
[3.826s] DEBUG:colcon.colcon_notification.desktop_notification.notify2:Failed to initialize notify2: org.freedesktop.DBus.Error.ServiceUnknown: The name org.freedesktop.Notifications was not provided by any .service files
[3.826s] DEBUG:colcon.colcon_core.event_reactor:joined thread
[3.828s] INFO:colcon.colcon_core.shell:Creating prefix script '/home/roy/biped_lower/deploy/biped_ws/install/local_setup.ps1'
[3.831s] INFO:colcon.colcon_core.shell:Creating prefix util module '/home/roy/biped_lower/deploy/biped_ws/install/_local_setup_util_ps1.py'
[3.839s] INFO:colcon.colcon_core.shell:Creating prefix chain script '/home/roy/biped_lower/deploy/biped_ws/install/setup.ps1'
[3.842s] INFO:colcon.colcon_core.shell:Creating prefix script '/home/roy/biped_lower/deploy/biped_ws/install/local_setup.sh'
[3.847s] INFO:colcon.colcon_core.shell:Creating prefix util module '/home/roy/biped_lower/deploy/biped_ws/install/_local_setup_util_sh.py'
[3.848s] INFO:colcon.colcon_core.shell:Creating prefix chain script '/home/roy/biped_lower/deploy/biped_ws/install/setup.sh'
[3.852s] INFO:colcon.colcon_core.shell:Creating prefix script '/home/roy/biped_lower/deploy/biped_ws/install/local_setup.bash'
[3.854s] INFO:colcon.colcon_core.shell:Creating prefix chain script '/home/roy/biped_lower/deploy/biped_ws/install/setup.bash'
[3.856s] INFO:colcon.colcon_core.shell:Creating prefix script '/home/roy/biped_lower/deploy/biped_ws/install/local_setup.zsh'
[3.857s] INFO:colcon.colcon_core.shell:Creating prefix chain script '/home/roy/biped_lower/deploy/biped_ws/install/setup.zsh'
