-- The C compiler identification is GNU 13.3.0
-- The CXX compiler identification is GNU 13.3.0
-- Detecting C compiler ABI info
-- Detecting C compiler ABI info - done
-- Check for working C compiler: /usr/bin/cc - skipped
-- Detecting C compile features
-- Detecting C compile features - done
-- Detecting CXX compiler ABI info
-- Detecting CXX compiler ABI info - done
-- Check for working CXX compiler: /usr/bin/c++ - skipped
-- Detecting CXX compile features
-- Detecting CXX compile features - done
-- Found ament_cmake: 2.5.5 (/opt/ros/jazzy/share/ament_cmake/cmake)
-- Found Python3: /usr/bin/python3 (found version "3.12.3") found components: Interpreter 
-- Override CMake install command with custom implementation using symlinks instead of copying resources
-- Configuring done (1.7s)
-- Generating done (0.0s)
-- Build files have been written to: /home/roy/biped_lower/deploy/biped_ws/build/biped_description
-- Install configuration: ""
-- Execute custom install script
-- Symlinking: /home/roy/biped_lower/deploy/biped_ws/install/biped_description/share/biped_description/urdf/robot.urdf
-- Symlinking: /home/roy/biped_lower/deploy/biped_ws/install/biped_description/share/biped_description/meshes/arb_uj111_cross_bearing.stl
-- Symlinking: /home/roy/biped_lower/deploy/biped_ws/install/biped_description/share/biped_description/meshes/assy_formfg___kc_d_107l_l_cover.stl
-- Symlinking: /home/roy/biped_lower/deploy/biped_ws/install/biped_description/share/biped_description/meshes/assy_formfg___kc_d_107r_r_cover.stl
-- Symlinking: /home/roy/biped_lower/deploy/biped_ws/install/biped_description/share/biped_description/meshes/assy_formfg___kd_b_102b_torso_btm.stl
-- Symlinking: /home/roy/biped_lower/deploy/biped_ws/install/biped_description/share/biped_description/meshes/ball_bearing_37x25x7.stl
-- Symlinking: /home/roy/biped_lower/deploy/biped_ws/install/biped_description/share/biped_description/meshes/foot_6061.stl
-- Symlinking: /home/roy/biped_lower/deploy/biped_ws/install/biped_description/share/biped_description/meshes/kd_d_101l_6061.stl
-- Symlinking: /home/roy/biped_lower/deploy/biped_ws/install/biped_description/share/biped_description/meshes/kd_d_101r_6061.stl
-- Symlinking: /home/roy/biped_lower/deploy/biped_ws/install/biped_description/share/biped_description/meshes/kd_d_102l_6061.stl
-- Symlinking: /home/roy/biped_lower/deploy/biped_ws/install/biped_description/share/biped_description/meshes/kd_d_102r_6061.stl
-- Symlinking: /home/roy/biped_lower/deploy/biped_ws/install/biped_description/share/biped_description/meshes/kd_d_103l_6061.stl
-- Symlinking: /home/roy/biped_lower/deploy/biped_ws/install/biped_description/share/biped_description/meshes/kd_d_103r_6061.stl
-- Symlinking: /home/roy/biped_lower/deploy/biped_ws/install/biped_description/share/biped_description/meshes/kd_d_104l_sus304.stl
-- Symlinking: /home/roy/biped_lower/deploy/biped_ws/install/biped_description/share/biped_description/meshes/kd_d_104r_sus304.stl
-- Symlinking: /home/roy/biped_lower/deploy/biped_ws/install/biped_description/share/biped_description/meshes/kd_d_105_sus304.stl
-- Symlinking: /home/roy/biped_lower/deploy/biped_ws/install/biped_description/share/biped_description/meshes/kd_d_201l_6061.stl
-- Symlinking: /home/roy/biped_lower/deploy/biped_ws/install/biped_description/share/biped_description/meshes/kd_d_201r_6061.stl
-- Symlinking: /home/roy/biped_lower/deploy/biped_ws/install/biped_description/share/biped_description/meshes/kd_d_202l_6061.stl
-- Symlinking: /home/roy/biped_lower/deploy/biped_ws/install/biped_description/share/biped_description/meshes/kd_d_202r_6061.stl
-- Symlinking: /home/roy/biped_lower/deploy/biped_ws/install/biped_description/share/biped_description/meshes/kd_d_203_sus304.stl
-- Symlinking: /home/roy/biped_lower/deploy/biped_ws/install/biped_description/share/biped_description/meshes/kd_d_301l_6061.stl
-- Symlinking: /home/roy/biped_lower/deploy/biped_ws/install/biped_description/share/biped_description/meshes/kd_d_301r_6061.stl
-- Symlinking: /home/roy/biped_lower/deploy/biped_ws/install/biped_description/share/biped_description/meshes/kd_d_302l_6061.stl
-- Symlinking: /home/roy/biped_lower/deploy/biped_ws/install/biped_description/share/biped_description/meshes/kd_d_302r_6061.stl
-- Symlinking: /home/roy/biped_lower/deploy/biped_ws/install/biped_description/share/biped_description/meshes/kd_d_401l_6061.stl
-- Symlinking: /home/roy/biped_lower/deploy/biped_ws/install/biped_description/share/biped_description/meshes/kd_d_401r_6061.stl
-- Symlinking: /home/roy/biped_lower/deploy/biped_ws/install/biped_description/share/biped_description/meshes/kd_d_402l_6061.stl
-- Symlinking: /home/roy/biped_lower/deploy/biped_ws/install/biped_description/share/biped_description/meshes/kd_d_402r_6061.stl
-- Symlinking: /home/roy/biped_lower/deploy/biped_ws/install/biped_description/share/biped_description/meshes/kd_d_403_6061.stl
-- Symlinking: /home/roy/biped_lower/deploy/biped_ws/install/biped_description/share/biped_description/meshes/kd_d_502_6061.stl
-- Symlinking: /home/roy/biped_lower/deploy/biped_ws/install/biped_description/share/biped_description/meshes/l_end_stop_ankle_6061.stl
-- Symlinking: /home/roy/biped_lower/deploy/biped_ws/install/biped_description/share/biped_description/meshes/r_end_stop_ankle_6061.stl
-- Symlinking: /home/roy/biped_lower/deploy/biped_ws/install/biped_description/share/biped_description/meshes/rs02.stl
-- Symlinking: /home/roy/biped_lower/deploy/biped_ws/install/biped_description/share/biped_description/meshes/rs03.stl
-- Symlinking: /home/roy/biped_lower/deploy/biped_ws/install/biped_description/share/biped_description/meshes/rs04.stl
-- Symlinking: /home/roy/biped_lower/deploy/biped_ws/install/biped_description/share/ament_index/resource_index/package_run_dependencies/biped_description
-- Symlinking: /home/roy/biped_lower/deploy/biped_ws/install/biped_description/share/ament_index/resource_index/parent_prefix_path/biped_description
-- Symlinking: /home/roy/biped_lower/deploy/biped_ws/install/biped_description/share/biped_description/environment/ament_prefix_path.sh
-- Symlinking: /home/roy/biped_lower/deploy/biped_ws/install/biped_description/share/biped_description/environment/ament_prefix_path.dsv
-- Symlinking: /home/roy/biped_lower/deploy/biped_ws/install/biped_description/share/biped_description/environment/path.sh
-- Symlinking: /home/roy/biped_lower/deploy/biped_ws/install/biped_description/share/biped_description/environment/path.dsv
-- Symlinking: /home/roy/biped_lower/deploy/biped_ws/install/biped_description/share/biped_description/local_setup.bash
-- Symlinking: /home/roy/biped_lower/deploy/biped_ws/install/biped_description/share/biped_description/local_setup.sh
-- Symlinking: /home/roy/biped_lower/deploy/biped_ws/install/biped_description/share/biped_description/local_setup.zsh
-- Symlinking: /home/roy/biped_lower/deploy/biped_ws/install/biped_description/share/biped_description/local_setup.dsv
-- Symlinking: /home/roy/biped_lower/deploy/biped_ws/install/biped_description/share/biped_description/package.dsv
-- Symlinking: /home/roy/biped_lower/deploy/biped_ws/install/biped_description/share/ament_index/resource_index/packages/biped_description
-- Symlinking: /home/roy/biped_lower/deploy/biped_ws/install/biped_description/share/biped_description/cmake/biped_descriptionConfig.cmake
-- Symlinking: /home/roy/biped_lower/deploy/biped_ws/install/biped_description/share/biped_description/cmake/biped_descriptionConfig-version.cmake
-- Symlinking: /home/roy/biped_lower/deploy/biped_ws/install/biped_description/share/biped_description/package.xml
