[  1%] Built target biped_msgs__rosidl_generator_type_description
[  1%] Built target ament_cmake_python_copy_biped_msgs
[  2%] Built target biped_msgs__cpp
[ 25%] Built target biped_msgs__rosidl_generator_c
[ 35%] Built target biped_msgs__rosidl_typesupport_introspection_c
[ 44%] Built target biped_msgs__rosidl_typesupport_cpp
[ 54%] Built target biped_msgs__rosidl_typesupport_fastrtps_c
[ 63%] Built target biped_msgs__rosidl_typesupport_c
[ 72%] Built target biped_msgs__rosidl_typesupport_fastrtps_cpp
[ 82%] Built target biped_msgs__rosidl_typesupport_introspection_cpp
[ 82%] Built target biped_msgs
[ 83%] Built target biped_msgs__py
running egg_info
writing biped_msgs.egg-info/PKG-INFO
writing dependency_links to biped_msgs.egg-info/dependency_links.txt
writing top-level names to biped_msgs.egg-info/top_level.txt
[ 91%] Built target biped_msgs__rosidl_generator_py
reading manifest file 'biped_msgs.egg-info/SOURCES.txt'
writing manifest file 'biped_msgs.egg-info/SOURCES.txt'
[ 94%] Built target biped_msgs_s__rosidl_typesupport_introspection_c
[ 97%] Built target biped_msgs_s__rosidl_typesupport_fastrtps_c
[100%] Built target biped_msgs_s__rosidl_typesupport_c
[100%] Built target ament_cmake_python_build_biped_msgs_egg
-- Install configuration: ""
-- Up-to-date: /home/roy/biped_lower/deploy/biped_ws/install/biped_msgs/share/ament_index/resource_index/rosidl_interfaces/biped_msgs
-- Up-to-date: /home/roy/biped_lower/deploy/biped_ws/install/biped_msgs/share/biped_msgs/msg/MITCommand.json
-- Up-to-date: /home/roy/biped_lower/deploy/biped_ws/install/biped_msgs/share/biped_msgs/msg/MITCommandArray.json
-- Up-to-date: /home/roy/biped_lower/deploy/biped_ws/install/biped_msgs/share/biped_msgs/msg/MotorState.json
-- Up-to-date: /home/roy/biped_lower/deploy/biped_ws/install/biped_msgs/share/biped_msgs/msg/MotorStateArray.json
-- Up-to-date: /home/roy/biped_lower/deploy/biped_ws/install/biped_msgs/share/biped_msgs/msg/RobotState.json
-- Up-to-date: /home/roy/biped_lower/deploy/biped_ws/install/biped_msgs/include/biped_msgs/biped_msgs
-- Up-to-date: /home/roy/biped_lower/deploy/biped_ws/install/biped_msgs/include/biped_msgs/biped_msgs/msg
-- Up-to-date: /home/roy/biped_lower/deploy/biped_ws/install/biped_msgs/include/biped_msgs/biped_msgs/msg/mit_command_array.h
-- Up-to-date: /home/roy/biped_lower/deploy/biped_ws/install/biped_msgs/include/biped_msgs/biped_msgs/msg/motor_state.h
-- Up-to-date: /home/roy/biped_lower/deploy/biped_ws/install/biped_msgs/include/biped_msgs/biped_msgs/msg/detail
-- Installing: /home/roy/biped_lower/deploy/biped_ws/install/biped_msgs/include/biped_msgs/biped_msgs/msg/detail/motor_state_array__type_support.c
-- Up-to-date: /home/roy/biped_lower/deploy/biped_ws/install/biped_msgs/include/biped_msgs/biped_msgs/msg/detail/robot_state__description.c
-- Installing: /home/roy/biped_lower/deploy/biped_ws/install/biped_msgs/include/biped_msgs/biped_msgs/msg/detail/mit_command__type_support.c
-- Up-to-date: /home/roy/biped_lower/deploy/biped_ws/install/biped_msgs/include/biped_msgs/biped_msgs/msg/detail/robot_state__type_support.h
-- Up-to-date: /home/roy/biped_lower/deploy/biped_ws/install/biped_msgs/include/biped_msgs/biped_msgs/msg/detail/robot_state__functions.h
-- Up-to-date: /home/roy/biped_lower/deploy/biped_ws/install/biped_msgs/include/biped_msgs/biped_msgs/msg/detail/motor_state_array__type_support.h
-- Up-to-date: /home/roy/biped_lower/deploy/biped_ws/install/biped_msgs/include/biped_msgs/biped_msgs/msg/detail/motor_state__description.c
-- Up-to-date: /home/roy/biped_lower/deploy/biped_ws/install/biped_msgs/include/biped_msgs/biped_msgs/msg/detail/mit_command_array__struct.h
-- Up-to-date: /home/roy/biped_lower/deploy/biped_ws/install/biped_msgs/include/biped_msgs/biped_msgs/msg/detail/motor_state__functions.h
-- Up-to-date: /home/roy/biped_lower/deploy/biped_ws/install/biped_msgs/include/biped_msgs/biped_msgs/msg/detail/mit_command__functions.c
-- Up-to-date: /home/roy/biped_lower/deploy/biped_ws/install/biped_msgs/include/biped_msgs/biped_msgs/msg/detail/motor_state__functions.c
-- Installing: /home/roy/biped_lower/deploy/biped_ws/install/biped_msgs/include/biped_msgs/biped_msgs/msg/detail/mit_command_array__type_support.c
-- Up-to-date: /home/roy/biped_lower/deploy/biped_ws/install/biped_msgs/include/biped_msgs/biped_msgs/msg/detail/mit_command_array__functions.h
-- Up-to-date: /home/roy/biped_lower/deploy/biped_ws/install/biped_msgs/include/biped_msgs/biped_msgs/msg/detail/robot_state__functions.c
-- Installing: /home/roy/biped_lower/deploy/biped_ws/install/biped_msgs/include/biped_msgs/biped_msgs/msg/detail/motor_state__type_support.c
-- Up-to-date: /home/roy/biped_lower/deploy/biped_ws/install/biped_msgs/include/biped_msgs/biped_msgs/msg/detail/motor_state__type_support.h
-- Up-to-date: /home/roy/biped_lower/deploy/biped_ws/install/biped_msgs/include/biped_msgs/biped_msgs/msg/detail/mit_command__struct.h
-- Up-to-date: /home/roy/biped_lower/deploy/biped_ws/install/biped_msgs/include/biped_msgs/biped_msgs/msg/detail/motor_state_array__functions.h
-- Up-to-date: /home/roy/biped_lower/deploy/biped_ws/install/biped_msgs/include/biped_msgs/biped_msgs/msg/detail/mit_command_array__description.c
-- Installing: /home/roy/biped_lower/deploy/biped_ws/install/biped_msgs/include/biped_msgs/biped_msgs/msg/detail/robot_state__type_support.c
-- Up-to-date: /home/roy/biped_lower/deploy/biped_ws/install/biped_msgs/include/biped_msgs/biped_msgs/msg/detail/mit_command_array__functions.c
-- Up-to-date: /home/roy/biped_lower/deploy/biped_ws/install/biped_msgs/include/biped_msgs/biped_msgs/msg/detail/mit_command__type_support.h
-- Up-to-date: /home/roy/biped_lower/deploy/biped_ws/install/biped_msgs/include/biped_msgs/biped_msgs/msg/detail/motor_state_array__functions.c
-- Up-to-date: /home/roy/biped_lower/deploy/biped_ws/install/biped_msgs/include/biped_msgs/biped_msgs/msg/detail/mit_command_array__type_support.h
-- Up-to-date: /home/roy/biped_lower/deploy/biped_ws/install/biped_msgs/include/biped_msgs/biped_msgs/msg/detail/motor_state_array__description.c
-- Up-to-date: /home/roy/biped_lower/deploy/biped_ws/install/biped_msgs/include/biped_msgs/biped_msgs/msg/detail/motor_state_array__struct.h
-- Up-to-date: /home/roy/biped_lower/deploy/biped_ws/install/biped_msgs/include/biped_msgs/biped_msgs/msg/detail/mit_command__description.c
-- Up-to-date: /home/roy/biped_lower/deploy/biped_ws/install/biped_msgs/include/biped_msgs/biped_msgs/msg/detail/mit_command__functions.h
-- Up-to-date: /home/roy/biped_lower/deploy/biped_ws/install/biped_msgs/include/biped_msgs/biped_msgs/msg/detail/motor_state__struct.h
-- Up-to-date: /home/roy/biped_lower/deploy/biped_ws/install/biped_msgs/include/biped_msgs/biped_msgs/msg/detail/robot_state__struct.h
-- Up-to-date: /home/roy/biped_lower/deploy/biped_ws/install/biped_msgs/include/biped_msgs/biped_msgs/msg/rosidl_generator_c__visibility_control.h
-- Up-to-date: /home/roy/biped_lower/deploy/biped_ws/install/biped_msgs/include/biped_msgs/biped_msgs/msg/robot_state.h
-- Up-to-date: /home/roy/biped_lower/deploy/biped_ws/install/biped_msgs/include/biped_msgs/biped_msgs/msg/mit_command.h
-- Up-to-date: /home/roy/biped_lower/deploy/biped_ws/install/biped_msgs/include/biped_msgs/biped_msgs/msg/motor_state_array.h
-- Up-to-date: /home/roy/biped_lower/deploy/biped_ws/install/biped_msgs/share/biped_msgs/environment/library_path.sh
-- Up-to-date: /home/roy/biped_lower/deploy/biped_ws/install/biped_msgs/share/biped_msgs/environment/library_path.dsv
-- Up-to-date: /home/roy/biped_lower/deploy/biped_ws/install/biped_msgs/lib/libbiped_msgs__rosidl_generator_c.so
-- Up-to-date: /home/roy/biped_lower/deploy/biped_ws/install/biped_msgs/include/biped_msgs/biped_msgs
-- Up-to-date: /home/roy/biped_lower/deploy/biped_ws/install/biped_msgs/include/biped_msgs/biped_msgs/msg
-- Up-to-date: /home/roy/biped_lower/deploy/biped_ws/install/biped_msgs/include/biped_msgs/biped_msgs/msg/detail
-- Up-to-date: /home/roy/biped_lower/deploy/biped_ws/install/biped_msgs/include/biped_msgs/biped_msgs/msg/detail/robot_state__rosidl_typesupport_fastrtps_c.h
-- Up-to-date: /home/roy/biped_lower/deploy/biped_ws/install/biped_msgs/include/biped_msgs/biped_msgs/msg/detail/mit_command__rosidl_typesupport_fastrtps_c.h
-- Up-to-date: /home/roy/biped_lower/deploy/biped_ws/install/biped_msgs/include/biped_msgs/biped_msgs/msg/detail/mit_command_array__rosidl_typesupport_fastrtps_c.h
-- Up-to-date: /home/roy/biped_lower/deploy/biped_ws/install/biped_msgs/include/biped_msgs/biped_msgs/msg/detail/motor_state_array__rosidl_typesupport_fastrtps_c.h
-- Up-to-date: /home/roy/biped_lower/deploy/biped_ws/install/biped_msgs/include/biped_msgs/biped_msgs/msg/detail/motor_state__rosidl_typesupport_fastrtps_c.h
-- Up-to-date: /home/roy/biped_lower/deploy/biped_ws/install/biped_msgs/include/biped_msgs/biped_msgs/msg/rosidl_typesupport_fastrtps_c__visibility_control.h
-- Up-to-date: /home/roy/biped_lower/deploy/biped_ws/install/biped_msgs/lib/libbiped_msgs__rosidl_typesupport_fastrtps_c.so
-- Up-to-date: /home/roy/biped_lower/deploy/biped_ws/install/biped_msgs/include/biped_msgs/biped_msgs
-- Up-to-date: /home/roy/biped_lower/deploy/biped_ws/install/biped_msgs/include/biped_msgs/biped_msgs/msg
-- Up-to-date: /home/roy/biped_lower/deploy/biped_ws/install/biped_msgs/include/biped_msgs/biped_msgs/msg/rosidl_typesupport_introspection_c__visibility_control.h
-- Up-to-date: /home/roy/biped_lower/deploy/biped_ws/install/biped_msgs/include/biped_msgs/biped_msgs/msg/detail
-- Installing: /home/roy/biped_lower/deploy/biped_ws/install/biped_msgs/include/biped_msgs/biped_msgs/msg/detail/motor_state_array__type_support.c
-- Installing: /home/roy/biped_lower/deploy/biped_ws/install/biped_msgs/include/biped_msgs/biped_msgs/msg/detail/mit_command__type_support.c
-- Up-to-date: /home/roy/biped_lower/deploy/biped_ws/install/biped_msgs/include/biped_msgs/biped_msgs/msg/detail/mit_command__rosidl_typesupport_introspection_c.h
-- Up-to-date: /home/roy/biped_lower/deploy/biped_ws/install/biped_msgs/include/biped_msgs/biped_msgs/msg/detail/robot_state__rosidl_typesupport_introspection_c.h
-- Up-to-date: /home/roy/biped_lower/deploy/biped_ws/install/biped_msgs/include/biped_msgs/biped_msgs/msg/detail/motor_state__rosidl_typesupport_introspection_c.h
-- Installing: /home/roy/biped_lower/deploy/biped_ws/install/biped_msgs/include/biped_msgs/biped_msgs/msg/detail/mit_command_array__type_support.c
-- Installing: /home/roy/biped_lower/deploy/biped_ws/install/biped_msgs/include/biped_msgs/biped_msgs/msg/detail/motor_state__type_support.c
-- Installing: /home/roy/biped_lower/deploy/biped_ws/install/biped_msgs/include/biped_msgs/biped_msgs/msg/detail/robot_state__type_support.c
-- Up-to-date: /home/roy/biped_lower/deploy/biped_ws/install/biped_msgs/include/biped_msgs/biped_msgs/msg/detail/motor_state_array__rosidl_typesupport_introspection_c.h
-- Up-to-date: /home/roy/biped_lower/deploy/biped_ws/install/biped_msgs/include/biped_msgs/biped_msgs/msg/detail/mit_command_array__rosidl_typesupport_introspection_c.h
-- Up-to-date: /home/roy/biped_lower/deploy/biped_ws/install/biped_msgs/lib/libbiped_msgs__rosidl_typesupport_introspection_c.so
-- Up-to-date: /home/roy/biped_lower/deploy/biped_ws/install/biped_msgs/lib/libbiped_msgs__rosidl_typesupport_c.so
-- Up-to-date: /home/roy/biped_lower/deploy/biped_ws/install/biped_msgs/include/biped_msgs/biped_msgs
-- Up-to-date: /home/roy/biped_lower/deploy/biped_ws/install/biped_msgs/include/biped_msgs/biped_msgs/msg
-- Up-to-date: /home/roy/biped_lower/deploy/biped_ws/install/biped_msgs/include/biped_msgs/biped_msgs/msg/rosidl_generator_cpp__visibility_control.hpp
-- Up-to-date: /home/roy/biped_lower/deploy/biped_ws/install/biped_msgs/include/biped_msgs/biped_msgs/msg/mit_command_array.hpp
-- Up-to-date: /home/roy/biped_lower/deploy/biped_ws/install/biped_msgs/include/biped_msgs/biped_msgs/msg/motor_state.hpp
-- Up-to-date: /home/roy/biped_lower/deploy/biped_ws/install/biped_msgs/include/biped_msgs/biped_msgs/msg/robot_state.hpp
-- Up-to-date: /home/roy/biped_lower/deploy/biped_ws/install/biped_msgs/include/biped_msgs/biped_msgs/msg/detail
-- Up-to-date: /home/roy/biped_lower/deploy/biped_ws/install/biped_msgs/include/biped_msgs/biped_msgs/msg/detail/motor_state__builder.hpp
-- Up-to-date: /home/roy/biped_lower/deploy/biped_ws/install/biped_msgs/include/biped_msgs/biped_msgs/msg/detail/mit_command_array__traits.hpp
-- Up-to-date: /home/roy/biped_lower/deploy/biped_ws/install/biped_msgs/include/biped_msgs/biped_msgs/msg/detail/mit_command__builder.hpp
-- Up-to-date: /home/roy/biped_lower/deploy/biped_ws/install/biped_msgs/include/biped_msgs/biped_msgs/msg/detail/robot_state__builder.hpp
-- Up-to-date: /home/roy/biped_lower/deploy/biped_ws/install/biped_msgs/include/biped_msgs/biped_msgs/msg/detail/motor_state__type_support.hpp
-- Up-to-date: /home/roy/biped_lower/deploy/biped_ws/install/biped_msgs/include/biped_msgs/biped_msgs/msg/detail/robot_state__struct.hpp
-- Up-to-date: /home/roy/biped_lower/deploy/biped_ws/install/biped_msgs/include/biped_msgs/biped_msgs/msg/detail/robot_state__traits.hpp
-- Up-to-date: /home/roy/biped_lower/deploy/biped_ws/install/biped_msgs/include/biped_msgs/biped_msgs/msg/detail/motor_state_array__struct.hpp
-- Up-to-date: /home/roy/biped_lower/deploy/biped_ws/install/biped_msgs/include/biped_msgs/biped_msgs/msg/detail/mit_command_array__struct.hpp
-- Up-to-date: /home/roy/biped_lower/deploy/biped_ws/install/biped_msgs/include/biped_msgs/biped_msgs/msg/detail/mit_command__traits.hpp
-- Up-to-date: /home/roy/biped_lower/deploy/biped_ws/install/biped_msgs/include/biped_msgs/biped_msgs/msg/detail/mit_command_array__builder.hpp
-- Up-to-date: /home/roy/biped_lower/deploy/biped_ws/install/biped_msgs/include/biped_msgs/biped_msgs/msg/detail/motor_state_array__traits.hpp
-- Up-to-date: /home/roy/biped_lower/deploy/biped_ws/install/biped_msgs/include/biped_msgs/biped_msgs/msg/detail/motor_state__struct.hpp
-- Up-to-date: /home/roy/biped_lower/deploy/biped_ws/install/biped_msgs/include/biped_msgs/biped_msgs/msg/detail/motor_state_array__builder.hpp
-- Up-to-date: /home/roy/biped_lower/deploy/biped_ws/install/biped_msgs/include/biped_msgs/biped_msgs/msg/detail/motor_state__traits.hpp
-- Up-to-date: /home/roy/biped_lower/deploy/biped_ws/install/biped_msgs/include/biped_msgs/biped_msgs/msg/detail/motor_state_array__type_support.hpp
-- Up-to-date: /home/roy/biped_lower/deploy/biped_ws/install/biped_msgs/include/biped_msgs/biped_msgs/msg/detail/mit_command__struct.hpp
-- Up-to-date: /home/roy/biped_lower/deploy/biped_ws/install/biped_msgs/include/biped_msgs/biped_msgs/msg/detail/mit_command_array__type_support.hpp
-- Up-to-date: /home/roy/biped_lower/deploy/biped_ws/install/biped_msgs/include/biped_msgs/biped_msgs/msg/detail/robot_state__type_support.hpp
-- Up-to-date: /home/roy/biped_lower/deploy/biped_ws/install/biped_msgs/include/biped_msgs/biped_msgs/msg/detail/mit_command__type_support.hpp
-- Up-to-date: /home/roy/biped_lower/deploy/biped_ws/install/biped_msgs/include/biped_msgs/biped_msgs/msg/mit_command.hpp
-- Up-to-date: /home/roy/biped_lower/deploy/biped_ws/install/biped_msgs/include/biped_msgs/biped_msgs/msg/motor_state_array.hpp
-- Up-to-date: /home/roy/biped_lower/deploy/biped_ws/install/biped_msgs/include/biped_msgs/biped_msgs
-- Up-to-date: /home/roy/biped_lower/deploy/biped_ws/install/biped_msgs/include/biped_msgs/biped_msgs/msg
-- Up-to-date: /home/roy/biped_lower/deploy/biped_ws/install/biped_msgs/include/biped_msgs/biped_msgs/msg/rosidl_typesupport_fastrtps_cpp__visibility_control.h
-- Up-to-date: /home/roy/biped_lower/deploy/biped_ws/install/biped_msgs/include/biped_msgs/biped_msgs/msg/detail
-- Up-to-date: /home/roy/biped_lower/deploy/biped_ws/install/biped_msgs/include/biped_msgs/biped_msgs/msg/detail/dds_fastrtps
-- Up-to-date: /home/roy/biped_lower/deploy/biped_ws/install/biped_msgs/include/biped_msgs/biped_msgs/msg/detail/motor_state_array__rosidl_typesupport_fastrtps_cpp.hpp
-- Up-to-date: /home/roy/biped_lower/deploy/biped_ws/install/biped_msgs/include/biped_msgs/biped_msgs/msg/detail/motor_state__rosidl_typesupport_fastrtps_cpp.hpp
-- Up-to-date: /home/roy/biped_lower/deploy/biped_ws/install/biped_msgs/include/biped_msgs/biped_msgs/msg/detail/mit_command__rosidl_typesupport_fastrtps_cpp.hpp
-- Up-to-date: /home/roy/biped_lower/deploy/biped_ws/install/biped_msgs/include/biped_msgs/biped_msgs/msg/detail/mit_command_array__rosidl_typesupport_fastrtps_cpp.hpp
-- Up-to-date: /home/roy/biped_lower/deploy/biped_ws/install/biped_msgs/include/biped_msgs/biped_msgs/msg/detail/robot_state__rosidl_typesupport_fastrtps_cpp.hpp
-- Up-to-date: /home/roy/biped_lower/deploy/biped_ws/install/biped_msgs/lib/libbiped_msgs__rosidl_typesupport_fastrtps_cpp.so
-- Up-to-date: /home/roy/biped_lower/deploy/biped_ws/install/biped_msgs/include/biped_msgs/biped_msgs
-- Up-to-date: /home/roy/biped_lower/deploy/biped_ws/install/biped_msgs/include/biped_msgs/biped_msgs/msg
-- Up-to-date: /home/roy/biped_lower/deploy/biped_ws/install/biped_msgs/include/biped_msgs/biped_msgs/msg/detail
-- Up-to-date: /home/roy/biped_lower/deploy/biped_ws/install/biped_msgs/include/biped_msgs/biped_msgs/msg/detail/robot_state__type_support.cpp
-- Up-to-date: /home/roy/biped_lower/deploy/biped_ws/install/biped_msgs/include/biped_msgs/biped_msgs/msg/detail/mit_command__rosidl_typesupport_introspection_cpp.hpp
-- Up-to-date: /home/roy/biped_lower/deploy/biped_ws/install/biped_msgs/include/biped_msgs/biped_msgs/msg/detail/motor_state_array__type_support.cpp
-- Up-to-date: /home/roy/biped_lower/deploy/biped_ws/install/biped_msgs/include/biped_msgs/biped_msgs/msg/detail/mit_command__type_support.cpp
-- Up-to-date: /home/roy/biped_lower/deploy/biped_ws/install/biped_msgs/include/biped_msgs/biped_msgs/msg/detail/robot_state__rosidl_typesupport_introspection_cpp.hpp
-- Up-to-date: /home/roy/biped_lower/deploy/biped_ws/install/biped_msgs/include/biped_msgs/biped_msgs/msg/detail/motor_state_array__rosidl_typesupport_introspection_cpp.hpp
-- Up-to-date: /home/roy/biped_lower/deploy/biped_ws/install/biped_msgs/include/biped_msgs/biped_msgs/msg/detail/mit_command_array__rosidl_typesupport_introspection_cpp.hpp
-- Up-to-date: /home/roy/biped_lower/deploy/biped_ws/install/biped_msgs/include/biped_msgs/biped_msgs/msg/detail/mit_command_array__type_support.cpp
-- Up-to-date: /home/roy/biped_lower/deploy/biped_ws/install/biped_msgs/include/biped_msgs/biped_msgs/msg/detail/motor_state__type_support.cpp
-- Up-to-date: /home/roy/biped_lower/deploy/biped_ws/install/biped_msgs/include/biped_msgs/biped_msgs/msg/detail/motor_state__rosidl_typesupport_introspection_cpp.hpp
-- Up-to-date: /home/roy/biped_lower/deploy/biped_ws/install/biped_msgs/lib/libbiped_msgs__rosidl_typesupport_introspection_cpp.so
-- Up-to-date: /home/roy/biped_lower/deploy/biped_ws/install/biped_msgs/lib/libbiped_msgs__rosidl_typesupport_cpp.so
-- Up-to-date: /home/roy/biped_lower/deploy/biped_ws/install/biped_msgs/share/biped_msgs/environment/pythonpath.sh
-- Up-to-date: /home/roy/biped_lower/deploy/biped_ws/install/biped_msgs/share/biped_msgs/environment/pythonpath.dsv
-- Up-to-date: /home/roy/biped_lower/deploy/biped_ws/install/biped_msgs/lib/python3.12/site-packages/biped_msgs-0.1.0-py3.12.egg-info
-- Installing: /home/roy/biped_lower/deploy/biped_ws/install/biped_msgs/lib/python3.12/site-packages/biped_msgs-0.1.0-py3.12.egg-info/dependency_links.txt
-- Installing: /home/roy/biped_lower/deploy/biped_ws/install/biped_msgs/lib/python3.12/site-packages/biped_msgs-0.1.0-py3.12.egg-info/SOURCES.txt
-- Installing: /home/roy/biped_lower/deploy/biped_ws/install/biped_msgs/lib/python3.12/site-packages/biped_msgs-0.1.0-py3.12.egg-info/top_level.txt
-- Installing: /home/roy/biped_lower/deploy/biped_ws/install/biped_msgs/lib/python3.12/site-packages/biped_msgs-0.1.0-py3.12.egg-info/PKG-INFO
-- Up-to-date: /home/roy/biped_lower/deploy/biped_ws/install/biped_msgs/lib/python3.12/site-packages/biped_msgs
-- Up-to-date: /home/roy/biped_lower/deploy/biped_ws/install/biped_msgs/lib/python3.12/site-packages/biped_msgs/_biped_msgs_s.ep.rosidl_typesupport_c.c
-- Up-to-date: /home/roy/biped_lower/deploy/biped_ws/install/biped_msgs/lib/python3.12/site-packages/biped_msgs/biped_msgs_s__rosidl_typesupport_fastrtps_c.so
-- Up-to-date: /home/roy/biped_lower/deploy/biped_ws/install/biped_msgs/lib/python3.12/site-packages/biped_msgs/msg
-- Up-to-date: /home/roy/biped_lower/deploy/biped_ws/install/biped_msgs/lib/python3.12/site-packages/biped_msgs/msg/_robot_state.py
-- Up-to-date: /home/roy/biped_lower/deploy/biped_ws/install/biped_msgs/lib/python3.12/site-packages/biped_msgs/msg/_mit_command.py
-- Up-to-date: /home/roy/biped_lower/deploy/biped_ws/install/biped_msgs/lib/python3.12/site-packages/biped_msgs/msg/_motor_state.py
-- Up-to-date: /home/roy/biped_lower/deploy/biped_ws/install/biped_msgs/lib/python3.12/site-packages/biped_msgs/msg/__init__.py
-- Up-to-date: /home/roy/biped_lower/deploy/biped_ws/install/biped_msgs/lib/python3.12/site-packages/biped_msgs/msg/_motor_state_array_s.c
-- Up-to-date: /home/roy/biped_lower/deploy/biped_ws/install/biped_msgs/lib/python3.12/site-packages/biped_msgs/msg/_robot_state_s.c
-- Up-to-date: /home/roy/biped_lower/deploy/biped_ws/install/biped_msgs/lib/python3.12/site-packages/biped_msgs/msg/_mit_command_array.py
-- Up-to-date: /home/roy/biped_lower/deploy/biped_ws/install/biped_msgs/lib/python3.12/site-packages/biped_msgs/msg/_mit_command_s.c
-- Up-to-date: /home/roy/biped_lower/deploy/biped_ws/install/biped_msgs/lib/python3.12/site-packages/biped_msgs/msg/_mit_command_array_s.c
-- Up-to-date: /home/roy/biped_lower/deploy/biped_ws/install/biped_msgs/lib/python3.12/site-packages/biped_msgs/msg/_motor_state_s.c
-- Up-to-date: /home/roy/biped_lower/deploy/biped_ws/install/biped_msgs/lib/python3.12/site-packages/biped_msgs/msg/_motor_state_array.py
-- Up-to-date: /home/roy/biped_lower/deploy/biped_ws/install/biped_msgs/lib/python3.12/site-packages/biped_msgs/_biped_msgs_s.ep.rosidl_typesupport_fastrtps_c.c
-- Up-to-date: /home/roy/biped_lower/deploy/biped_ws/install/biped_msgs/lib/python3.12/site-packages/biped_msgs/__init__.py
-- Up-to-date: /home/roy/biped_lower/deploy/biped_ws/install/biped_msgs/lib/python3.12/site-packages/biped_msgs/biped_msgs_s__rosidl_typesupport_introspection_c.so
-- Up-to-date: /home/roy/biped_lower/deploy/biped_ws/install/biped_msgs/lib/python3.12/site-packages/biped_msgs/biped_msgs_s__rosidl_typesupport_c.so
-- Up-to-date: /home/roy/biped_lower/deploy/biped_ws/install/biped_msgs/lib/python3.12/site-packages/biped_msgs/_biped_msgs_s.ep.rosidl_typesupport_introspection_c.c
Listing '/home/roy/biped_lower/deploy/biped_ws/install/biped_msgs/lib/python3.12/site-packages/biped_msgs'...
Listing '/home/roy/biped_lower/deploy/biped_ws/install/biped_msgs/lib/python3.12/site-packages/biped_msgs/msg'...
-- Up-to-date: /home/roy/biped_lower/deploy/biped_ws/install/biped_msgs/lib/python3.12/site-packages/biped_msgs/biped_msgs_s__rosidl_typesupport_fastrtps_c.so
-- Up-to-date: /home/roy/biped_lower/deploy/biped_ws/install/biped_msgs/lib/python3.12/site-packages/biped_msgs/biped_msgs_s__rosidl_typesupport_introspection_c.so
-- Up-to-date: /home/roy/biped_lower/deploy/biped_ws/install/biped_msgs/lib/python3.12/site-packages/biped_msgs/biped_msgs_s__rosidl_typesupport_c.so
-- Up-to-date: /home/roy/biped_lower/deploy/biped_ws/install/biped_msgs/lib/libbiped_msgs__rosidl_generator_py.so
-- Up-to-date: /home/roy/biped_lower/deploy/biped_ws/install/biped_msgs/share/biped_msgs/msg/MITCommand.idl
-- Up-to-date: /home/roy/biped_lower/deploy/biped_ws/install/biped_msgs/share/biped_msgs/msg/MITCommandArray.idl
-- Up-to-date: /home/roy/biped_lower/deploy/biped_ws/install/biped_msgs/share/biped_msgs/msg/MotorState.idl
-- Up-to-date: /home/roy/biped_lower/deploy/biped_ws/install/biped_msgs/share/biped_msgs/msg/MotorStateArray.idl
-- Up-to-date: /home/roy/biped_lower/deploy/biped_ws/install/biped_msgs/share/biped_msgs/msg/RobotState.idl
-- Up-to-date: /home/roy/biped_lower/deploy/biped_ws/install/biped_msgs/share/biped_msgs/msg/MITCommand.msg
-- Up-to-date: /home/roy/biped_lower/deploy/biped_ws/install/biped_msgs/share/biped_msgs/msg/MITCommandArray.msg
-- Up-to-date: /home/roy/biped_lower/deploy/biped_ws/install/biped_msgs/share/biped_msgs/msg/MotorState.msg
-- Up-to-date: /home/roy/biped_lower/deploy/biped_ws/install/biped_msgs/share/biped_msgs/msg/MotorStateArray.msg
-- Up-to-date: /home/roy/biped_lower/deploy/biped_ws/install/biped_msgs/share/biped_msgs/msg/RobotState.msg
-- Up-to-date: /home/roy/biped_lower/deploy/biped_ws/install/biped_msgs/share/ament_index/resource_index/package_run_dependencies/biped_msgs
-- Up-to-date: /home/roy/biped_lower/deploy/biped_ws/install/biped_msgs/share/ament_index/resource_index/parent_prefix_path/biped_msgs
-- Up-to-date: /home/roy/biped_lower/deploy/biped_ws/install/biped_msgs/share/biped_msgs/environment/ament_prefix_path.sh
-- Up-to-date: /home/roy/biped_lower/deploy/biped_ws/install/biped_msgs/share/biped_msgs/environment/ament_prefix_path.dsv
-- Up-to-date: /home/roy/biped_lower/deploy/biped_ws/install/biped_msgs/share/biped_msgs/environment/path.sh
-- Up-to-date: /home/roy/biped_lower/deploy/biped_ws/install/biped_msgs/share/biped_msgs/environment/path.dsv
-- Up-to-date: /home/roy/biped_lower/deploy/biped_ws/install/biped_msgs/share/biped_msgs/local_setup.bash
-- Up-to-date: /home/roy/biped_lower/deploy/biped_ws/install/biped_msgs/share/biped_msgs/local_setup.sh
-- Up-to-date: /home/roy/biped_lower/deploy/biped_ws/install/biped_msgs/share/biped_msgs/local_setup.zsh
-- Up-to-date: /home/roy/biped_lower/deploy/biped_ws/install/biped_msgs/share/biped_msgs/local_setup.dsv
-- Installing: /home/roy/biped_lower/deploy/biped_ws/install/biped_msgs/share/biped_msgs/package.dsv
-- Up-to-date: /home/roy/biped_lower/deploy/biped_ws/install/biped_msgs/share/ament_index/resource_index/packages/biped_msgs
-- Up-to-date: /home/roy/biped_lower/deploy/biped_ws/install/biped_msgs/share/biped_msgs/cmake/export_biped_msgs__rosidl_generator_cExport.cmake
-- Up-to-date: /home/roy/biped_lower/deploy/biped_ws/install/biped_msgs/share/biped_msgs/cmake/export_biped_msgs__rosidl_generator_cExport-noconfig.cmake
-- Up-to-date: /home/roy/biped_lower/deploy/biped_ws/install/biped_msgs/share/biped_msgs/cmake/export_biped_msgs__rosidl_typesupport_fastrtps_cExport.cmake
-- Up-to-date: /home/roy/biped_lower/deploy/biped_ws/install/biped_msgs/share/biped_msgs/cmake/export_biped_msgs__rosidl_typesupport_fastrtps_cExport-noconfig.cmake
-- Up-to-date: /home/roy/biped_lower/deploy/biped_ws/install/biped_msgs/share/biped_msgs/cmake/biped_msgs__rosidl_typesupport_introspection_cExport.cmake
-- Up-to-date: /home/roy/biped_lower/deploy/biped_ws/install/biped_msgs/share/biped_msgs/cmake/biped_msgs__rosidl_typesupport_introspection_cExport-noconfig.cmake
-- Up-to-date: /home/roy/biped_lower/deploy/biped_ws/install/biped_msgs/share/biped_msgs/cmake/biped_msgs__rosidl_typesupport_cExport.cmake
-- Up-to-date: /home/roy/biped_lower/deploy/biped_ws/install/biped_msgs/share/biped_msgs/cmake/biped_msgs__rosidl_typesupport_cExport-noconfig.cmake
-- Up-to-date: /home/roy/biped_lower/deploy/biped_ws/install/biped_msgs/share/biped_msgs/cmake/export_biped_msgs__rosidl_generator_cppExport.cmake
-- Up-to-date: /home/roy/biped_lower/deploy/biped_ws/install/biped_msgs/share/biped_msgs/cmake/export_biped_msgs__rosidl_typesupport_fastrtps_cppExport.cmake
-- Up-to-date: /home/roy/biped_lower/deploy/biped_ws/install/biped_msgs/share/biped_msgs/cmake/export_biped_msgs__rosidl_typesupport_fastrtps_cppExport-noconfig.cmake
-- Up-to-date: /home/roy/biped_lower/deploy/biped_ws/install/biped_msgs/share/biped_msgs/cmake/biped_msgs__rosidl_typesupport_introspection_cppExport.cmake
-- Up-to-date: /home/roy/biped_lower/deploy/biped_ws/install/biped_msgs/share/biped_msgs/cmake/biped_msgs__rosidl_typesupport_introspection_cppExport-noconfig.cmake
-- Up-to-date: /home/roy/biped_lower/deploy/biped_ws/install/biped_msgs/share/biped_msgs/cmake/biped_msgs__rosidl_typesupport_cppExport.cmake
-- Up-to-date: /home/roy/biped_lower/deploy/biped_ws/install/biped_msgs/share/biped_msgs/cmake/biped_msgs__rosidl_typesupport_cppExport-noconfig.cmake
-- Up-to-date: /home/roy/biped_lower/deploy/biped_ws/install/biped_msgs/share/biped_msgs/cmake/export_biped_msgs__rosidl_generator_pyExport.cmake
-- Up-to-date: /home/roy/biped_lower/deploy/biped_ws/install/biped_msgs/share/biped_msgs/cmake/export_biped_msgs__rosidl_generator_pyExport-noconfig.cmake
-- Up-to-date: /home/roy/biped_lower/deploy/biped_ws/install/biped_msgs/share/biped_msgs/cmake/rosidl_cmake-extras.cmake
-- Up-to-date: /home/roy/biped_lower/deploy/biped_ws/install/biped_msgs/share/biped_msgs/cmake/ament_cmake_export_dependencies-extras.cmake
-- Up-to-date: /home/roy/biped_lower/deploy/biped_ws/install/biped_msgs/share/biped_msgs/cmake/ament_cmake_export_include_directories-extras.cmake
-- Up-to-date: /home/roy/biped_lower/deploy/biped_ws/install/biped_msgs/share/biped_msgs/cmake/ament_cmake_export_libraries-extras.cmake
-- Up-to-date: /home/roy/biped_lower/deploy/biped_ws/install/biped_msgs/share/biped_msgs/cmake/ament_cmake_export_targets-extras.cmake
-- Up-to-date: /home/roy/biped_lower/deploy/biped_ws/install/biped_msgs/share/biped_msgs/cmake/rosidl_cmake_export_typesupport_targets-extras.cmake
-- Up-to-date: /home/roy/biped_lower/deploy/biped_ws/install/biped_msgs/share/biped_msgs/cmake/rosidl_cmake_export_typesupport_libraries-extras.cmake
-- Up-to-date: /home/roy/biped_lower/deploy/biped_ws/install/biped_msgs/share/biped_msgs/cmake/biped_msgsConfig.cmake
-- Up-to-date: /home/roy/biped_lower/deploy/biped_ws/install/biped_msgs/share/biped_msgs/cmake/biped_msgsConfig-version.cmake
-- Up-to-date: /home/roy/biped_lower/deploy/biped_ws/install/biped_msgs/share/biped_msgs/package.xml
