running develop
running egg_info
creating biped_control.egg-info
writing biped_control.egg-info/PKG-INFO
writing dependency_links to biped_control.egg-info/dependency_links.txt
writing entry points to biped_control.egg-info/entry_points.txt
writing requirements to biped_control.egg-info/requires.txt
writing top-level names to biped_control.egg-info/top_level.txt
writing manifest file 'biped_control.egg-info/SOURCES.txt'
reading manifest file 'biped_control.egg-info/SOURCES.txt'
writing manifest file 'biped_control.egg-info/SOURCES.txt'
running build_ext
Creating /home/roy/biped_lower/deploy/biped_ws/install/biped_control/lib/python3.12/site-packages/biped-control.egg-link (link to .)
Installing policy_node script to /home/roy/biped_lower/deploy/biped_ws/install/biped_control/lib/biped_control
Installing safety_node script to /home/roy/biped_lower/deploy/biped_ws/install/biped_control/lib/biped_control
Installing state_machine_node script to /home/roy/biped_lower/deploy/biped_ws/install/biped_control/lib/biped_control

Installed /home/roy/biped_lower/deploy/biped_ws/build/biped_control
running symlink_data
creating /home/roy/biped_lower/deploy/biped_ws/install/biped_control/share/ament_index
creating /home/roy/biped_lower/deploy/biped_ws/install/biped_control/share/ament_index/resource_index
creating /home/roy/biped_lower/deploy/biped_ws/install/biped_control/share/ament_index/resource_index/packages
symbolically linking /home/roy/biped_lower/deploy/biped_ws/build/biped_control/resource/biped_control -> /home/roy/biped_lower/deploy/biped_ws/install/biped_control/share/ament_index/resource_index/packages
symbolically linking /home/roy/biped_lower/deploy/biped_ws/build/biped_control/package.xml -> /home/roy/biped_lower/deploy/biped_ws/install/biped_control/share/biped_control
