[2.092s] Invoking command in '/home/roy/biped_lower/deploy/biped_ws/build/biped_control': CMAKE_PREFIX_PATH=/home/roy/biped_lower/deploy/biped_ws/install/biped_msgs LD_LIBRARY_PATH=/home/roy/biped_lower/deploy/biped_ws/install/biped_msgs/lib:${LD_LIBRARY_PATH} PKG_CONFIG_PATH=/home/roy/biped_lower/deploy/biped_ws/install/biped_msgs/lib/aarch64-linux-gnu/pkgconfig:/home/roy/biped_lower/deploy/biped_ws/install/biped_msgs/lib/pkgconfig PYTHONPATH=/home/roy/biped_lower/deploy/biped_ws/build/biped_control/prefix_override:/usr/lib/python3/dist-packages/colcon_core/task/python/colcon_distutils_commands:/home/roy/biped_lower/deploy/biped_ws/install/biped_control/lib/python3.12/site-packages:/home/roy/biped_lower/deploy/biped_ws/install/biped_msgs/lib/python3.12/site-packages:${PYTHONPATH} ROS_PACKAGE_PATH=/home/roy/biped_lower/deploy/biped_ws/install/biped_msgs/share /usr/bin/python3 -W ignore:setup.py install is deprecated -W ignore:easy_install command is deprecated setup.py develop --editable --build-directory /home/roy/biped_lower/deploy/biped_ws/build/biped_control/build --no-deps symlink_data
[2.679s] running develop
[3.269s] running egg_info
[3.269s] creating biped_control.egg-info
[3.269s] writing biped_control.egg-info/PKG-INFO
[3.269s] writing dependency_links to biped_control.egg-info/dependency_links.txt
[3.269s] writing entry points to biped_control.egg-info/entry_points.txt
[3.269s] writing requirements to biped_control.egg-info/requires.txt
[3.269s] writing top-level names to biped_control.egg-info/top_level.txt
[3.269s] writing manifest file 'biped_control.egg-info/SOURCES.txt'
[3.270s] reading manifest file 'biped_control.egg-info/SOURCES.txt'
[3.270s] writing manifest file 'biped_control.egg-info/SOURCES.txt'
[3.270s] running build_ext
[3.270s] Creating /home/roy/biped_lower/deploy/biped_ws/install/biped_control/lib/python3.12/site-packages/biped-control.egg-link (link to .)
[3.270s] Installing policy_node script to /home/roy/biped_lower/deploy/biped_ws/install/biped_control/lib/biped_control
[3.270s] Installing safety_node script to /home/roy/biped_lower/deploy/biped_ws/install/biped_control/lib/biped_control
[3.270s] Installing state_machine_node script to /home/roy/biped_lower/deploy/biped_ws/install/biped_control/lib/biped_control
[3.270s] 
[3.271s] Installed /home/roy/biped_lower/deploy/biped_ws/build/biped_control
[3.271s] running symlink_data
[3.271s] creating /home/roy/biped_lower/deploy/biped_ws/install/biped_control/share/ament_index
[3.271s] creating /home/roy/biped_lower/deploy/biped_ws/install/biped_control/share/ament_index/resource_index
[3.271s] creating /home/roy/biped_lower/deploy/biped_ws/install/biped_control/share/ament_index/resource_index/packages
[3.271s] symbolically linking /home/roy/biped_lower/deploy/biped_ws/build/biped_control/resource/biped_control -> /home/roy/biped_lower/deploy/biped_ws/install/biped_control/share/ament_index/resource_index/packages
[3.271s] symbolically linking /home/roy/biped_lower/deploy/biped_ws/build/biped_control/package.xml -> /home/roy/biped_lower/deploy/biped_ws/install/biped_control/share/biped_control
[3.277s] Invoked command in '/home/roy/biped_lower/deploy/biped_ws/build/biped_control' returned '0': CMAKE_PREFIX_PATH=/home/roy/biped_lower/deploy/biped_ws/install/biped_msgs LD_LIBRARY_PATH=/home/roy/biped_lower/deploy/biped_ws/install/biped_msgs/lib:${LD_LIBRARY_PATH} PKG_CONFIG_PATH=/home/roy/biped_lower/deploy/biped_ws/install/biped_msgs/lib/aarch64-linux-gnu/pkgconfig:/home/roy/biped_lower/deploy/biped_ws/install/biped_msgs/lib/pkgconfig PYTHONPATH=/home/roy/biped_lower/deploy/biped_ws/build/biped_control/prefix_override:/usr/lib/python3/dist-packages/colcon_core/task/python/colcon_distutils_commands:/home/roy/biped_lower/deploy/biped_ws/install/biped_control/lib/python3.12/site-packages:/home/roy/biped_lower/deploy/biped_ws/install/biped_msgs/lib/python3.12/site-packages:${PYTHONPATH} ROS_PACKAGE_PATH=/home/roy/biped_lower/deploy/biped_ws/install/biped_msgs/share /usr/bin/python3 -W ignore:setup.py install is deprecated -W ignore:easy_install command is deprecated setup.py develop --editable --build-directory /home/roy/biped_lower/deploy/biped_ws/build/biped_control/build --no-deps symlink_data
