[0.149s] DEBUG:colcon:Command line arguments: ['/usr/bin/colcon', 'build', '--symlink-install']
[0.149s] DEBUG:colcon:Parsed command line arguments: Namespace(log_base=None, log_level=None, verb_name='build', build_base='build', install_base='install', merge_install=False, symlink_install=True, test_result_base=None, continue_on_error=False, executor='parallel', parallel_workers=4, event_handlers=None, ignore_user_meta=False, metas=['./colcon.meta'], base_paths=['.'], packages_ignore=None, packages_ignore_regex=None, paths=None, packages_up_to=None, packages_up_to_regex=None, packages_above=None, packages_above_and_dependencies=None, packages_above_depth=None, packages_select_by_dep=None, packages_skip_by_dep=None, packages_skip_up_to=None, packages_select_build_failed=False, packages_skip_build_finished=False, packages_select_test_failures=False, packages_skip_test_passed=False, packages_select=None, packages_skip=None, packages_select_regex=None, packages_skip_regex=None, packages_start=None, packages_end=None, allow_overriding=[], cmake_args=None, cmake_target=None, cmake_target_skip_unavailable=False, cmake_clean_cache=False, cmake_clean_first=False, cmake_force_configure=False, ament_cmake_args=None, catkin_cmake_args=None, catkin_skip_building_tests=False, verb_parser=<colcon_defaults.argument_parser.defaults.DefaultArgumentsDecorator object at 0xffff9ff9c9b0>, verb_extension=<colcon_core.verb.build.BuildVerb object at 0xffffa01450a0>, main=<bound method BuildVerb.main of <colcon_core.verb.build.BuildVerb object at 0xffffa01450a0>>)
[0.213s] Level 1:colcon.colcon_core.package_discovery:discover_packages(colcon_meta) check parameters
[0.214s] Level 1:colcon.colcon_core.package_discovery:discover_packages(recursive) check parameters
[0.214s] Level 1:colcon.colcon_core.package_discovery:discover_packages(ignore) check parameters
[0.214s] Level 1:colcon.colcon_core.package_discovery:discover_packages(path) check parameters
[0.214s] Level 1:colcon.colcon_core.package_discovery:discover_packages(colcon_meta) discover
[0.214s] Level 1:colcon.colcon_core.package_discovery:discover_packages(recursive) discover
[0.214s] INFO:colcon.colcon_core.package_discovery:Crawling recursively for packages in '/home/roy/biped_lower/deploy/biped_ws'
[0.214s] Level 1:colcon.colcon_core.package_identification:_identify(.) by extensions ['ignore', 'ignore_ament_install']
[0.214s] Level 1:colcon.colcon_core.package_identification:_identify(.) by extension 'ignore'
[0.214s] Level 1:colcon.colcon_core.package_identification:_identify(.) by extension 'ignore_ament_install'
[0.214s] Level 1:colcon.colcon_core.package_identification:_identify(.) by extensions ['colcon_pkg']
[0.214s] Level 1:colcon.colcon_core.package_identification:_identify(.) by extension 'colcon_pkg'
[0.214s] Level 1:colcon.colcon_core.package_identification:_identify(.) by extensions ['colcon_meta']
[0.214s] Level 1:colcon.colcon_core.package_identification:_identify(.) by extension 'colcon_meta'
[0.214s] Level 1:colcon.colcon_core.package_identification:_identify(.) by extensions ['ros']
[0.215s] Level 1:colcon.colcon_core.package_identification:_identify(.) by extension 'ros'
[0.254s] Level 1:colcon.colcon_core.package_identification:_identify(.) by extensions ['cmake', 'python']
[0.254s] Level 1:colcon.colcon_core.package_identification:_identify(.) by extension 'cmake'
[0.254s] Level 1:colcon.colcon_core.package_identification:_identify(.) by extension 'python'
[0.254s] Level 1:colcon.colcon_core.package_identification:_identify(.) by extensions ['python_setup_py']
[0.254s] Level 1:colcon.colcon_core.package_identification:_identify(.) by extension 'python_setup_py'
[0.254s] Level 1:colcon.colcon_core.package_identification:_identify(build) by extensions ['ignore', 'ignore_ament_install']
[0.255s] Level 1:colcon.colcon_core.package_identification:_identify(build) by extension 'ignore'
[0.255s] Level 1:colcon.colcon_core.package_identification:_identify(build) ignored
[0.255s] Level 1:colcon.colcon_core.package_identification:_identify(install) by extensions ['ignore', 'ignore_ament_install']
[0.255s] Level 1:colcon.colcon_core.package_identification:_identify(install) by extension 'ignore'
[0.255s] Level 1:colcon.colcon_core.package_identification:_identify(install) ignored
[0.255s] Level 1:colcon.colcon_core.package_identification:_identify(log) by extensions ['ignore', 'ignore_ament_install']
[0.255s] Level 1:colcon.colcon_core.package_identification:_identify(log) by extension 'ignore'
[0.255s] Level 1:colcon.colcon_core.package_identification:_identify(log) ignored
[0.255s] Level 1:colcon.colcon_core.package_identification:_identify(src) by extensions ['ignore', 'ignore_ament_install']
[0.255s] Level 1:colcon.colcon_core.package_identification:_identify(src) by extension 'ignore'
[0.255s] Level 1:colcon.colcon_core.package_identification:_identify(src) by extension 'ignore_ament_install'
[0.255s] Level 1:colcon.colcon_core.package_identification:_identify(src) by extensions ['colcon_pkg']
[0.256s] Level 1:colcon.colcon_core.package_identification:_identify(src) by extension 'colcon_pkg'
[0.256s] Level 1:colcon.colcon_core.package_identification:_identify(src) by extensions ['colcon_meta']
[0.256s] Level 1:colcon.colcon_core.package_identification:_identify(src) by extension 'colcon_meta'
[0.256s] Level 1:colcon.colcon_core.package_identification:_identify(src) by extensions ['ros']
[0.256s] Level 1:colcon.colcon_core.package_identification:_identify(src) by extension 'ros'
[0.256s] Level 1:colcon.colcon_core.package_identification:_identify(src) by extensions ['cmake', 'python']
[0.256s] Level 1:colcon.colcon_core.package_identification:_identify(src) by extension 'cmake'
[0.256s] Level 1:colcon.colcon_core.package_identification:_identify(src) by extension 'python'
[0.256s] Level 1:colcon.colcon_core.package_identification:_identify(src) by extensions ['python_setup_py']
[0.256s] Level 1:colcon.colcon_core.package_identification:_identify(src) by extension 'python_setup_py'
[0.256s] Level 1:colcon.colcon_core.package_identification:_identify(src/biped_bringup) by extensions ['ignore', 'ignore_ament_install']
[0.256s] Level 1:colcon.colcon_core.package_identification:_identify(src/biped_bringup) by extension 'ignore'
[0.256s] Level 1:colcon.colcon_core.package_identification:_identify(src/biped_bringup) by extension 'ignore_ament_install'
[0.256s] Level 1:colcon.colcon_core.package_identification:_identify(src/biped_bringup) by extensions ['colcon_pkg']
[0.256s] Level 1:colcon.colcon_core.package_identification:_identify(src/biped_bringup) by extension 'colcon_pkg'
[0.256s] Level 1:colcon.colcon_core.package_identification:_identify(src/biped_bringup) by extensions ['colcon_meta']
[0.256s] Level 1:colcon.colcon_core.package_identification:_identify(src/biped_bringup) by extension 'colcon_meta'
[0.256s] Level 1:colcon.colcon_core.package_identification:_identify(src/biped_bringup) by extensions ['ros']
[0.256s] Level 1:colcon.colcon_core.package_identification:_identify(src/biped_bringup) by extension 'ros'
[0.262s] DEBUG:colcon.colcon_core.package_identification:Package 'src/biped_bringup' with type 'ros.ament_python' and name 'biped_bringup'
[0.262s] Level 1:colcon.colcon_core.package_identification:_identify(src/biped_control) by extensions ['ignore', 'ignore_ament_install']
[0.263s] Level 1:colcon.colcon_core.package_identification:_identify(src/biped_control) by extension 'ignore'
[0.263s] Level 1:colcon.colcon_core.package_identification:_identify(src/biped_control) by extension 'ignore_ament_install'
[0.263s] Level 1:colcon.colcon_core.package_identification:_identify(src/biped_control) by extensions ['colcon_pkg']
[0.263s] Level 1:colcon.colcon_core.package_identification:_identify(src/biped_control) by extension 'colcon_pkg'
[0.263s] Level 1:colcon.colcon_core.package_identification:_identify(src/biped_control) by extensions ['colcon_meta']
[0.263s] Level 1:colcon.colcon_core.package_identification:_identify(src/biped_control) by extension 'colcon_meta'
[0.263s] Level 1:colcon.colcon_core.package_identification:_identify(src/biped_control) by extensions ['ros']
[0.263s] Level 1:colcon.colcon_core.package_identification:_identify(src/biped_control) by extension 'ros'
[0.264s] DEBUG:colcon.colcon_core.package_identification:Package 'src/biped_control' with type 'ros.ament_python' and name 'biped_control'
[0.264s] Level 1:colcon.colcon_core.package_identification:_identify(src/biped_driver) by extensions ['ignore', 'ignore_ament_install']
[0.264s] Level 1:colcon.colcon_core.package_identification:_identify(src/biped_driver) by extension 'ignore'
[0.264s] Level 1:colcon.colcon_core.package_identification:_identify(src/biped_driver) by extension 'ignore_ament_install'
[0.264s] Level 1:colcon.colcon_core.package_identification:_identify(src/biped_driver) by extensions ['colcon_pkg']
[0.264s] Level 1:colcon.colcon_core.package_identification:_identify(src/biped_driver) by extension 'colcon_pkg'
[0.264s] Level 1:colcon.colcon_core.package_identification:_identify(src/biped_driver) by extensions ['colcon_meta']
[0.264s] Level 1:colcon.colcon_core.package_identification:_identify(src/biped_driver) by extension 'colcon_meta'
[0.264s] Level 1:colcon.colcon_core.package_identification:_identify(src/biped_driver) by extensions ['ros']
[0.264s] Level 1:colcon.colcon_core.package_identification:_identify(src/biped_driver) by extension 'ros'
[0.265s] DEBUG:colcon.colcon_core.package_identification:Package 'src/biped_driver' with type 'ros.ament_python' and name 'biped_driver'
[0.265s] Level 1:colcon.colcon_core.package_identification:_identify(src/biped_msgs) by extensions ['ignore', 'ignore_ament_install']
[0.266s] Level 1:colcon.colcon_core.package_identification:_identify(src/biped_msgs) by extension 'ignore'
[0.266s] Level 1:colcon.colcon_core.package_identification:_identify(src/biped_msgs) by extension 'ignore_ament_install'
[0.266s] Level 1:colcon.colcon_core.package_identification:_identify(src/biped_msgs) by extensions ['colcon_pkg']
[0.266s] Level 1:colcon.colcon_core.package_identification:_identify(src/biped_msgs) by extension 'colcon_pkg'
[0.266s] Level 1:colcon.colcon_core.package_identification:_identify(src/biped_msgs) by extensions ['colcon_meta']
[0.266s] Level 1:colcon.colcon_core.package_identification:_identify(src/biped_msgs) by extension 'colcon_meta'
[0.266s] Level 1:colcon.colcon_core.package_identification:_identify(src/biped_msgs) by extensions ['ros']
[0.266s] Level 1:colcon.colcon_core.package_identification:_identify(src/biped_msgs) by extension 'ros'
[0.267s] DEBUG:colcon.colcon_core.package_identification:Package 'src/biped_msgs' with type 'ros.catkin' and name 'biped_msgs'
[0.267s] Level 1:colcon.colcon_core.package_identification:_identify(src/biped_teleop) by extensions ['ignore', 'ignore_ament_install']
[0.267s] Level 1:colcon.colcon_core.package_identification:_identify(src/biped_teleop) by extension 'ignore'
[0.267s] Level 1:colcon.colcon_core.package_identification:_identify(src/biped_teleop) by extension 'ignore_ament_install'
[0.267s] Level 1:colcon.colcon_core.package_identification:_identify(src/biped_teleop) by extensions ['colcon_pkg']
[0.267s] Level 1:colcon.colcon_core.package_identification:_identify(src/biped_teleop) by extension 'colcon_pkg'
[0.267s] Level 1:colcon.colcon_core.package_identification:_identify(src/biped_teleop) by extensions ['colcon_meta']
[0.267s] Level 1:colcon.colcon_core.package_identification:_identify(src/biped_teleop) by extension 'colcon_meta'
[0.268s] Level 1:colcon.colcon_core.package_identification:_identify(src/biped_teleop) by extensions ['ros']
[0.268s] Level 1:colcon.colcon_core.package_identification:_identify(src/biped_teleop) by extension 'ros'
[0.268s] DEBUG:colcon.colcon_core.package_identification:Package 'src/biped_teleop' with type 'ros.ament_python' and name 'biped_teleop'
[0.268s] Level 1:colcon.colcon_core.package_identification:_identify(src/biped_tools) by extensions ['ignore', 'ignore_ament_install']
[0.268s] Level 1:colcon.colcon_core.package_identification:_identify(src/biped_tools) by extension 'ignore'
[0.268s] Level 1:colcon.colcon_core.package_identification:_identify(src/biped_tools) by extension 'ignore_ament_install'
[0.269s] Level 1:colcon.colcon_core.package_identification:_identify(src/biped_tools) by extensions ['colcon_pkg']
[0.269s] Level 1:colcon.colcon_core.package_identification:_identify(src/biped_tools) by extension 'colcon_pkg'
[0.269s] Level 1:colcon.colcon_core.package_identification:_identify(src/biped_tools) by extensions ['colcon_meta']
[0.269s] Level 1:colcon.colcon_core.package_identification:_identify(src/biped_tools) by extension 'colcon_meta'
[0.269s] Level 1:colcon.colcon_core.package_identification:_identify(src/biped_tools) by extensions ['ros']
[0.269s] Level 1:colcon.colcon_core.package_identification:_identify(src/biped_tools) by extension 'ros'
[0.270s] DEBUG:colcon.colcon_core.package_identification:Package 'src/biped_tools' with type 'ros.ament_python' and name 'biped_tools'
[0.270s] Level 1:colcon.colcon_core.package_discovery:discover_packages(recursive) using defaults
[0.270s] Level 1:colcon.colcon_core.package_discovery:discover_packages(ignore) discover
[0.270s] Level 1:colcon.colcon_core.package_discovery:discover_packages(ignore) using defaults
[0.270s] Level 1:colcon.colcon_core.package_discovery:discover_packages(path) discover
[0.270s] Level 1:colcon.colcon_core.package_discovery:discover_packages(path) using defaults
[0.297s] Level 1:colcon.colcon_core.package_discovery:discover_packages(prefix_path) check parameters
[0.297s] Level 1:colcon.colcon_core.package_discovery:discover_packages(prefix_path) discover
[0.300s] DEBUG:colcon.colcon_installed_package_information.package_discovery:Found 197 installed packages in /opt/ros/jazzy
[0.301s] Level 1:colcon.colcon_core.package_discovery:discover_packages(prefix_path) using defaults
[0.342s] Level 5:colcon.colcon_core.verb:set package 'biped_msgs' build argument 'cmake_args' from command line to 'None'
[0.342s] Level 5:colcon.colcon_core.verb:set package 'biped_msgs' build argument 'cmake_target' from command line to 'None'
[0.342s] Level 5:colcon.colcon_core.verb:set package 'biped_msgs' build argument 'cmake_target_skip_unavailable' from command line to 'False'
[0.342s] Level 5:colcon.colcon_core.verb:set package 'biped_msgs' build argument 'cmake_clean_cache' from command line to 'False'
[0.342s] Level 5:colcon.colcon_core.verb:set package 'biped_msgs' build argument 'cmake_clean_first' from command line to 'False'
[0.343s] Level 5:colcon.colcon_core.verb:set package 'biped_msgs' build argument 'cmake_force_configure' from command line to 'False'
[0.343s] Level 5:colcon.colcon_core.verb:set package 'biped_msgs' build argument 'ament_cmake_args' from command line to 'None'
[0.343s] Level 5:colcon.colcon_core.verb:set package 'biped_msgs' build argument 'catkin_cmake_args' from command line to 'None'
[0.343s] Level 5:colcon.colcon_core.verb:set package 'biped_msgs' build argument 'catkin_skip_building_tests' from command line to 'False'
[0.343s] DEBUG:colcon.colcon_core.verb:Building package 'biped_msgs' with the following arguments: {'ament_cmake_args': None, 'build_base': '/home/roy/biped_lower/deploy/biped_ws/build/biped_msgs', 'catkin_cmake_args': None, 'catkin_skip_building_tests': False, 'cmake_args': None, 'cmake_clean_cache': False, 'cmake_clean_first': False, 'cmake_force_configure': False, 'cmake_target': None, 'cmake_target_skip_unavailable': False, 'install_base': '/home/roy/biped_lower/deploy/biped_ws/install/biped_msgs', 'merge_install': False, 'path': '/home/roy/biped_lower/deploy/biped_ws/src/biped_msgs', 'symlink_install': True, 'test_result_base': None}
[0.343s] Level 5:colcon.colcon_core.verb:set package 'biped_teleop' build argument 'cmake_args' from command line to 'None'
[0.343s] Level 5:colcon.colcon_core.verb:set package 'biped_teleop' build argument 'cmake_target' from command line to 'None'
[0.343s] Level 5:colcon.colcon_core.verb:set package 'biped_teleop' build argument 'cmake_target_skip_unavailable' from command line to 'False'
[0.343s] Level 5:colcon.colcon_core.verb:set package 'biped_teleop' build argument 'cmake_clean_cache' from command line to 'False'
[0.343s] Level 5:colcon.colcon_core.verb:set package 'biped_teleop' build argument 'cmake_clean_first' from command line to 'False'
[0.343s] Level 5:colcon.colcon_core.verb:set package 'biped_teleop' build argument 'cmake_force_configure' from command line to 'False'
[0.343s] Level 5:colcon.colcon_core.verb:set package 'biped_teleop' build argument 'ament_cmake_args' from command line to 'None'
[0.343s] Level 5:colcon.colcon_core.verb:set package 'biped_teleop' build argument 'catkin_cmake_args' from command line to 'None'
[0.343s] Level 5:colcon.colcon_core.verb:set package 'biped_teleop' build argument 'catkin_skip_building_tests' from command line to 'False'
[0.343s] DEBUG:colcon.colcon_core.verb:Building package 'biped_teleop' with the following arguments: {'ament_cmake_args': None, 'build_base': '/home/roy/biped_lower/deploy/biped_ws/build/biped_teleop', 'catkin_cmake_args': None, 'catkin_skip_building_tests': False, 'cmake_args': None, 'cmake_clean_cache': False, 'cmake_clean_first': False, 'cmake_force_configure': False, 'cmake_target': None, 'cmake_target_skip_unavailable': False, 'install_base': '/home/roy/biped_lower/deploy/biped_ws/install/biped_teleop', 'merge_install': False, 'path': '/home/roy/biped_lower/deploy/biped_ws/src/biped_teleop', 'symlink_install': True, 'test_result_base': None}
[0.344s] Level 5:colcon.colcon_core.verb:set package 'biped_control' build argument 'cmake_args' from command line to 'None'
[0.344s] Level 5:colcon.colcon_core.verb:set package 'biped_control' build argument 'cmake_target' from command line to 'None'
[0.344s] Level 5:colcon.colcon_core.verb:set package 'biped_control' build argument 'cmake_target_skip_unavailable' from command line to 'False'
[0.344s] Level 5:colcon.colcon_core.verb:set package 'biped_control' build argument 'cmake_clean_cache' from command line to 'False'
[0.344s] Level 5:colcon.colcon_core.verb:set package 'biped_control' build argument 'cmake_clean_first' from command line to 'False'
[0.344s] Level 5:colcon.colcon_core.verb:set package 'biped_control' build argument 'cmake_force_configure' from command line to 'False'
[0.344s] Level 5:colcon.colcon_core.verb:set package 'biped_control' build argument 'ament_cmake_args' from command line to 'None'
[0.344s] Level 5:colcon.colcon_core.verb:set package 'biped_control' build argument 'catkin_cmake_args' from command line to 'None'
[0.344s] Level 5:colcon.colcon_core.verb:set package 'biped_control' build argument 'catkin_skip_building_tests' from command line to 'False'
[0.344s] DEBUG:colcon.colcon_core.verb:Building package 'biped_control' with the following arguments: {'ament_cmake_args': None, 'build_base': '/home/roy/biped_lower/deploy/biped_ws/build/biped_control', 'catkin_cmake_args': None, 'catkin_skip_building_tests': False, 'cmake_args': None, 'cmake_clean_cache': False, 'cmake_clean_first': False, 'cmake_force_configure': False, 'cmake_target': None, 'cmake_target_skip_unavailable': False, 'install_base': '/home/roy/biped_lower/deploy/biped_ws/install/biped_control', 'merge_install': False, 'path': '/home/roy/biped_lower/deploy/biped_ws/src/biped_control', 'symlink_install': True, 'test_result_base': None}
[0.344s] Level 5:colcon.colcon_core.verb:set package 'biped_driver' build argument 'cmake_args' from command line to 'None'
[0.344s] Level 5:colcon.colcon_core.verb:set package 'biped_driver' build argument 'cmake_target' from command line to 'None'
[0.344s] Level 5:colcon.colcon_core.verb:set package 'biped_driver' build argument 'cmake_target_skip_unavailable' from command line to 'False'
[0.344s] Level 5:colcon.colcon_core.verb:set package 'biped_driver' build argument 'cmake_clean_cache' from command line to 'False'
[0.344s] Level 5:colcon.colcon_core.verb:set package 'biped_driver' build argument 'cmake_clean_first' from command line to 'False'
[0.344s] Level 5:colcon.colcon_core.verb:set package 'biped_driver' build argument 'cmake_force_configure' from command line to 'False'
[0.344s] Level 5:colcon.colcon_core.verb:set package 'biped_driver' build argument 'ament_cmake_args' from command line to 'None'
[0.344s] Level 5:colcon.colcon_core.verb:set package 'biped_driver' build argument 'catkin_cmake_args' from command line to 'None'
[0.345s] Level 5:colcon.colcon_core.verb:set package 'biped_driver' build argument 'catkin_skip_building_tests' from command line to 'False'
[0.345s] DEBUG:colcon.colcon_core.verb:Building package 'biped_driver' with the following arguments: {'ament_cmake_args': None, 'build_base': '/home/roy/biped_lower/deploy/biped_ws/build/biped_driver', 'catkin_cmake_args': None, 'catkin_skip_building_tests': False, 'cmake_args': None, 'cmake_clean_cache': False, 'cmake_clean_first': False, 'cmake_force_configure': False, 'cmake_target': None, 'cmake_target_skip_unavailable': False, 'install_base': '/home/roy/biped_lower/deploy/biped_ws/install/biped_driver', 'merge_install': False, 'path': '/home/roy/biped_lower/deploy/biped_ws/src/biped_driver', 'symlink_install': True, 'test_result_base': None}
[0.345s] Level 5:colcon.colcon_core.verb:set package 'biped_tools' build argument 'cmake_args' from command line to 'None'
[0.345s] Level 5:colcon.colcon_core.verb:set package 'biped_tools' build argument 'cmake_target' from command line to 'None'
[0.345s] Level 5:colcon.colcon_core.verb:set package 'biped_tools' build argument 'cmake_target_skip_unavailable' from command line to 'False'
[0.345s] Level 5:colcon.colcon_core.verb:set package 'biped_tools' build argument 'cmake_clean_cache' from command line to 'False'
[0.345s] Level 5:colcon.colcon_core.verb:set package 'biped_tools' build argument 'cmake_clean_first' from command line to 'False'
[0.345s] Level 5:colcon.colcon_core.verb:set package 'biped_tools' build argument 'cmake_force_configure' from command line to 'False'
[0.345s] Level 5:colcon.colcon_core.verb:set package 'biped_tools' build argument 'ament_cmake_args' from command line to 'None'
[0.345s] Level 5:colcon.colcon_core.verb:set package 'biped_tools' build argument 'catkin_cmake_args' from command line to 'None'
[0.345s] Level 5:colcon.colcon_core.verb:set package 'biped_tools' build argument 'catkin_skip_building_tests' from command line to 'False'
[0.345s] DEBUG:colcon.colcon_core.verb:Building package 'biped_tools' with the following arguments: {'ament_cmake_args': None, 'build_base': '/home/roy/biped_lower/deploy/biped_ws/build/biped_tools', 'catkin_cmake_args': None, 'catkin_skip_building_tests': False, 'cmake_args': None, 'cmake_clean_cache': False, 'cmake_clean_first': False, 'cmake_force_configure': False, 'cmake_target': None, 'cmake_target_skip_unavailable': False, 'install_base': '/home/roy/biped_lower/deploy/biped_ws/install/biped_tools', 'merge_install': False, 'path': '/home/roy/biped_lower/deploy/biped_ws/src/biped_tools', 'symlink_install': True, 'test_result_base': None}
[0.345s] Level 5:colcon.colcon_core.verb:set package 'biped_bringup' build argument 'cmake_args' from command line to 'None'
[0.345s] Level 5:colcon.colcon_core.verb:set package 'biped_bringup' build argument 'cmake_target' from command line to 'None'
[0.345s] Level 5:colcon.colcon_core.verb:set package 'biped_bringup' build argument 'cmake_target_skip_unavailable' from command line to 'False'
[0.345s] Level 5:colcon.colcon_core.verb:set package 'biped_bringup' build argument 'cmake_clean_cache' from command line to 'False'
[0.345s] Level 5:colcon.colcon_core.verb:set package 'biped_bringup' build argument 'cmake_clean_first' from command line to 'False'
[0.345s] Level 5:colcon.colcon_core.verb:set package 'biped_bringup' build argument 'cmake_force_configure' from command line to 'False'
[0.346s] Level 5:colcon.colcon_core.verb:set package 'biped_bringup' build argument 'ament_cmake_args' from command line to 'None'
[0.346s] Level 5:colcon.colcon_core.verb:set package 'biped_bringup' build argument 'catkin_cmake_args' from command line to 'None'
[0.346s] Level 5:colcon.colcon_core.verb:set package 'biped_bringup' build argument 'catkin_skip_building_tests' from command line to 'False'
[0.346s] DEBUG:colcon.colcon_core.verb:Building package 'biped_bringup' with the following arguments: {'ament_cmake_args': None, 'build_base': '/home/roy/biped_lower/deploy/biped_ws/build/biped_bringup', 'catkin_cmake_args': None, 'catkin_skip_building_tests': False, 'cmake_args': None, 'cmake_clean_cache': False, 'cmake_clean_first': False, 'cmake_force_configure': False, 'cmake_target': None, 'cmake_target_skip_unavailable': False, 'install_base': '/home/roy/biped_lower/deploy/biped_ws/install/biped_bringup', 'merge_install': False, 'path': '/home/roy/biped_lower/deploy/biped_ws/src/biped_bringup', 'symlink_install': True, 'test_result_base': None}
[0.346s] INFO:colcon.colcon_core.executor:Executing jobs using 'parallel' executor
[0.347s] DEBUG:colcon.colcon_parallel_executor.executor.parallel:run_until_complete
[0.348s] INFO:colcon.colcon_ros.task.catkin.build:Building ROS package in '/home/roy/biped_lower/deploy/biped_ws/src/biped_msgs' with build type 'catkin'
[0.348s] INFO:colcon.colcon_cmake.task.cmake.build:Building CMake package in '/home/roy/biped_lower/deploy/biped_ws/src/biped_msgs'
[0.354s] INFO:colcon.colcon_core.plugin_system:Skipping extension 'colcon_core.shell.bat': Not used on non-Windows systems
[0.355s] INFO:colcon.colcon_core.shell:Skip shell extension 'powershell' for command environment: Not usable outside of PowerShell
[0.355s] DEBUG:colcon.colcon_core.shell:Skip shell extension 'dsv' for command environment
[0.359s] INFO:colcon.colcon_ros.task.ament_python.build:Building ROS package in '/home/roy/biped_lower/deploy/biped_ws/src/biped_teleop' with build type 'ament_python'
[0.359s] Level 1:colcon.colcon_core.shell:create_environment_hook('biped_teleop', 'ament_prefix_path')
[0.360s] INFO:colcon.colcon_core.shell:Creating environment hook '/home/roy/biped_lower/deploy/biped_ws/install/biped_teleop/share/biped_teleop/hook/ament_prefix_path.ps1'
[0.361s] INFO:colcon.colcon_core.shell:Creating environment descriptor '/home/roy/biped_lower/deploy/biped_ws/install/biped_teleop/share/biped_teleop/hook/ament_prefix_path.dsv'
[0.361s] INFO:colcon.colcon_core.shell:Creating environment hook '/home/roy/biped_lower/deploy/biped_ws/install/biped_teleop/share/biped_teleop/hook/ament_prefix_path.sh'
[0.363s] INFO:colcon.colcon_core.shell:Skip shell extension 'powershell' for command environment: Not usable outside of PowerShell
[0.363s] DEBUG:colcon.colcon_core.shell:Skip shell extension 'dsv' for command environment
[0.372s] DEBUG:colcon.colcon_core.event_handler.log_command:Invoking command in '/home/roy/biped_lower/deploy/biped_ws/build/biped_msgs': /usr/bin/cmake /home/roy/biped_lower/deploy/biped_ws/src/biped_msgs -DCATKIN_INSTALL_INTO_PREFIX_ROOT=0 -DCATKIN_SYMLINK_INSTALL=ON -DCMAKE_INSTALL_PREFIX=/home/roy/biped_lower/deploy/biped_ws/install/biped_msgs
[0.814s] INFO:colcon.colcon_core.task.python.build:Building Python package in '/home/roy/biped_lower/deploy/biped_ws/src/biped_teleop'
[0.815s] INFO:colcon.colcon_core.shell:Skip shell extension 'powershell' for command environment: Not usable outside of PowerShell
[0.815s] DEBUG:colcon.colcon_core.shell:Skip shell extension 'dsv' for command environment
[1.935s] DEBUG:colcon.colcon_core.event_handler.log_command:Invoking command in '/home/roy/biped_lower/deploy/biped_ws/build/biped_teleop': PYTHONPATH=/home/roy/biped_lower/deploy/biped_ws/build/biped_teleop/prefix_override:/usr/lib/python3/dist-packages/colcon_core/task/python/colcon_distutils_commands:/home/roy/biped_lower/deploy/biped_ws/install/biped_teleop/lib/python3.12/site-packages:${PYTHONPATH} /usr/bin/python3 -W ignore:setup.py install is deprecated -W ignore:easy_install command is deprecated setup.py develop --editable --build-directory /home/roy/biped_lower/deploy/biped_ws/build/biped_teleop/build --no-deps symlink_data
[2.970s] Level 1:colcon.colcon_core.shell:create_environment_hook('biped_teleop', 'pythonpath_develop')
[2.971s] INFO:colcon.colcon_core.shell:Creating environment hook '/home/roy/biped_lower/deploy/biped_ws/build/biped_teleop/share/biped_teleop/hook/pythonpath_develop.ps1'
[2.972s] DEBUG:colcon.colcon_core.event_handler.log_command:Invoked command in '/home/roy/biped_lower/deploy/biped_ws/build/biped_teleop' returned '0': PYTHONPATH=/home/roy/biped_lower/deploy/biped_ws/build/biped_teleop/prefix_override:/usr/lib/python3/dist-packages/colcon_core/task/python/colcon_distutils_commands:/home/roy/biped_lower/deploy/biped_ws/install/biped_teleop/lib/python3.12/site-packages:${PYTHONPATH} /usr/bin/python3 -W ignore:setup.py install is deprecated -W ignore:easy_install command is deprecated setup.py develop --editable --build-directory /home/roy/biped_lower/deploy/biped_ws/build/biped_teleop/build --no-deps symlink_data
[2.973s] INFO:colcon.colcon_core.shell:Creating environment descriptor '/home/roy/biped_lower/deploy/biped_ws/build/biped_teleop/share/biped_teleop/hook/pythonpath_develop.dsv'
[2.973s] INFO:colcon.colcon_core.shell:Creating environment hook '/home/roy/biped_lower/deploy/biped_ws/build/biped_teleop/share/biped_teleop/hook/pythonpath_develop.sh'
[2.977s] Level 1:colcon.colcon_core.environment:checking '/home/roy/biped_lower/deploy/biped_ws/install/biped_teleop' for CMake module files
[2.978s] Level 1:colcon.colcon_core.environment:checking '/home/roy/biped_lower/deploy/biped_ws/install/biped_teleop' for CMake config files
[2.979s] Level 1:colcon.colcon_core.environment:checking '/home/roy/biped_lower/deploy/biped_ws/install/biped_teleop/lib'
[2.979s] Level 1:colcon.colcon_core.environment:checking '/home/roy/biped_lower/deploy/biped_ws/install/biped_teleop/bin'
[2.979s] Level 1:colcon.colcon_core.environment:checking '/home/roy/biped_lower/deploy/biped_ws/install/biped_teleop/lib/pkgconfig/biped_teleop.pc'
[2.980s] Level 1:colcon.colcon_core.environment:checking '/home/roy/biped_lower/deploy/biped_ws/install/biped_teleop/lib/python3.12/site-packages'
[2.980s] Level 1:colcon.colcon_core.shell:create_environment_hook('biped_teleop', 'pythonpath')
[2.980s] INFO:colcon.colcon_core.shell:Creating environment hook '/home/roy/biped_lower/deploy/biped_ws/install/biped_teleop/share/biped_teleop/hook/pythonpath.ps1'
[2.981s] INFO:colcon.colcon_core.shell:Creating environment descriptor '/home/roy/biped_lower/deploy/biped_ws/install/biped_teleop/share/biped_teleop/hook/pythonpath.dsv'
[2.981s] INFO:colcon.colcon_core.shell:Creating environment hook '/home/roy/biped_lower/deploy/biped_ws/install/biped_teleop/share/biped_teleop/hook/pythonpath.sh'
[2.982s] Level 1:colcon.colcon_core.environment:checking '/home/roy/biped_lower/deploy/biped_ws/install/biped_teleop/bin'
[2.982s] Level 1:colcon.colcon_core.environment:create_environment_scripts_only(biped_teleop)
[2.983s] INFO:colcon.colcon_core.shell:Creating package script '/home/roy/biped_lower/deploy/biped_ws/install/biped_teleop/share/biped_teleop/package.ps1'
[2.984s] INFO:colcon.colcon_core.shell:Creating package descriptor '/home/roy/biped_lower/deploy/biped_ws/install/biped_teleop/share/biped_teleop/package.dsv'
[2.985s] INFO:colcon.colcon_core.shell:Creating package script '/home/roy/biped_lower/deploy/biped_ws/install/biped_teleop/share/biped_teleop/package.sh'
[2.987s] INFO:colcon.colcon_core.shell:Creating package script '/home/roy/biped_lower/deploy/biped_ws/install/biped_teleop/share/biped_teleop/package.bash'
[2.988s] INFO:colcon.colcon_core.shell:Creating package script '/home/roy/biped_lower/deploy/biped_ws/install/biped_teleop/share/biped_teleop/package.zsh'
[2.989s] Level 1:colcon.colcon_core.environment:create_file_with_runtime_dependencies(/home/roy/biped_lower/deploy/biped_ws/install/biped_teleop/share/colcon-core/packages/biped_teleop)
[7.003s] DEBUG:colcon.colcon_core.event_handler.log_command:Invoked command in '/home/roy/biped_lower/deploy/biped_ws/build/biped_msgs' returned '0': /usr/bin/cmake /home/roy/biped_lower/deploy/biped_ws/src/biped_msgs -DCATKIN_INSTALL_INTO_PREFIX_ROOT=0 -DCATKIN_SYMLINK_INSTALL=ON -DCMAKE_INSTALL_PREFIX=/home/roy/biped_lower/deploy/biped_ws/install/biped_msgs
[7.004s] DEBUG:colcon.colcon_core.event_handler.log_command:Invoking command in '/home/roy/biped_lower/deploy/biped_ws/build/biped_msgs': /usr/bin/cmake --build /home/roy/biped_lower/deploy/biped_ws/build/biped_msgs -- -j4 -l4
[38.821s] DEBUG:colcon.colcon_core.event_handler.log_command:Invoked command in '/home/roy/biped_lower/deploy/biped_ws/build/biped_msgs' returned '0': /usr/bin/cmake --build /home/roy/biped_lower/deploy/biped_ws/build/biped_msgs -- -j4 -l4
[38.841s] DEBUG:colcon.colcon_core.event_handler.log_command:Invoking command in '/home/roy/biped_lower/deploy/biped_ws/build/biped_msgs': /usr/bin/cmake --install /home/roy/biped_lower/deploy/biped_ws/build/biped_msgs
[39.024s] Level 1:colcon.colcon_core.shell:create_environment_hook('biped_msgs', 'ros_package_path')
[39.025s] INFO:colcon.colcon_core.shell:Creating environment hook '/home/roy/biped_lower/deploy/biped_ws/install/biped_msgs/share/biped_msgs/hook/ros_package_path.ps1'
[39.026s] INFO:colcon.colcon_core.shell:Creating environment descriptor '/home/roy/biped_lower/deploy/biped_ws/install/biped_msgs/share/biped_msgs/hook/ros_package_path.dsv'
[39.026s] INFO:colcon.colcon_core.shell:Creating environment hook '/home/roy/biped_lower/deploy/biped_ws/install/biped_msgs/share/biped_msgs/hook/ros_package_path.sh'
[39.027s] DEBUG:colcon.colcon_core.event_handler.log_command:Invoked command in '/home/roy/biped_lower/deploy/biped_ws/build/biped_msgs' returned '0': /usr/bin/cmake --install /home/roy/biped_lower/deploy/biped_ws/build/biped_msgs
[39.028s] Level 1:colcon.colcon_ros.task.catkin:checking '/home/roy/biped_lower/deploy/biped_ws/install/biped_msgs/lib/python3.12/site-packages'
[39.029s] Level 1:colcon.colcon_core.shell:create_environment_hook('biped_msgs', 'catkin_pythonpath')
[39.030s] INFO:colcon.colcon_core.shell:Creating environment hook '/home/roy/biped_lower/deploy/biped_ws/install/biped_msgs/share/biped_msgs/hook/catkin_pythonpath.ps1'
[39.030s] INFO:colcon.colcon_core.shell:Creating environment descriptor '/home/roy/biped_lower/deploy/biped_ws/install/biped_msgs/share/biped_msgs/hook/catkin_pythonpath.dsv'
[39.031s] INFO:colcon.colcon_core.shell:Creating environment hook '/home/roy/biped_lower/deploy/biped_ws/install/biped_msgs/share/biped_msgs/hook/catkin_pythonpath.sh'
[39.032s] Level 1:colcon.colcon_core.shell:create_environment_hook('biped_msgs', 'pkg_config_path')
[39.032s] INFO:colcon.colcon_core.shell:Creating environment hook '/home/roy/biped_lower/deploy/biped_ws/install/biped_msgs/share/biped_msgs/hook/pkg_config_path.ps1'
[39.032s] INFO:colcon.colcon_core.shell:Creating environment descriptor '/home/roy/biped_lower/deploy/biped_ws/install/biped_msgs/share/biped_msgs/hook/pkg_config_path.dsv'
[39.033s] INFO:colcon.colcon_core.shell:Creating environment hook '/home/roy/biped_lower/deploy/biped_ws/install/biped_msgs/share/biped_msgs/hook/pkg_config_path.sh'
[39.036s] Level 1:colcon.colcon_core.shell:create_environment_hook('biped_msgs', 'pkg_config_path_multiarch')
[39.036s] INFO:colcon.colcon_core.shell:Creating environment hook '/home/roy/biped_lower/deploy/biped_ws/install/biped_msgs/share/biped_msgs/hook/pkg_config_path_multiarch.ps1'
[39.037s] INFO:colcon.colcon_core.shell:Creating environment descriptor '/home/roy/biped_lower/deploy/biped_ws/install/biped_msgs/share/biped_msgs/hook/pkg_config_path_multiarch.dsv'
[39.037s] INFO:colcon.colcon_core.shell:Creating environment hook '/home/roy/biped_lower/deploy/biped_ws/install/biped_msgs/share/biped_msgs/hook/pkg_config_path_multiarch.sh'
[39.039s] Level 1:colcon.colcon_core.environment:create_environment_scripts_only(biped_msgs)
[39.039s] Level 1:colcon.colcon_core.environment:checking '/home/roy/biped_lower/deploy/biped_ws/install/biped_msgs' for CMake module files
[39.040s] Level 1:colcon.colcon_core.environment:checking '/home/roy/biped_lower/deploy/biped_ws/install/biped_msgs' for CMake config files
[39.041s] Level 1:colcon.colcon_core.shell:create_environment_hook('biped_msgs', 'cmake_prefix_path')
[39.041s] INFO:colcon.colcon_core.shell:Creating environment hook '/home/roy/biped_lower/deploy/biped_ws/install/biped_msgs/share/biped_msgs/hook/cmake_prefix_path.ps1'
[39.042s] INFO:colcon.colcon_core.shell:Creating environment descriptor '/home/roy/biped_lower/deploy/biped_ws/install/biped_msgs/share/biped_msgs/hook/cmake_prefix_path.dsv'
[39.042s] INFO:colcon.colcon_core.shell:Creating environment hook '/home/roy/biped_lower/deploy/biped_ws/install/biped_msgs/share/biped_msgs/hook/cmake_prefix_path.sh'
[39.043s] Level 1:colcon.colcon_core.environment:checking '/home/roy/biped_lower/deploy/biped_ws/install/biped_msgs/lib'
[39.043s] Level 1:colcon.colcon_core.shell:create_environment_hook('biped_msgs', 'ld_library_path_lib')
[39.043s] INFO:colcon.colcon_core.shell:Creating environment hook '/home/roy/biped_lower/deploy/biped_ws/install/biped_msgs/share/biped_msgs/hook/ld_library_path_lib.ps1'
[39.044s] INFO:colcon.colcon_core.shell:Creating environment descriptor '/home/roy/biped_lower/deploy/biped_ws/install/biped_msgs/share/biped_msgs/hook/ld_library_path_lib.dsv'
[39.044s] INFO:colcon.colcon_core.shell:Creating environment hook '/home/roy/biped_lower/deploy/biped_ws/install/biped_msgs/share/biped_msgs/hook/ld_library_path_lib.sh'
[39.045s] Level 1:colcon.colcon_core.environment:checking '/home/roy/biped_lower/deploy/biped_ws/install/biped_msgs/bin'
[39.045s] Level 1:colcon.colcon_core.environment:checking '/home/roy/biped_lower/deploy/biped_ws/install/biped_msgs/lib/pkgconfig/biped_msgs.pc'
[39.045s] Level 1:colcon.colcon_core.environment:checking '/home/roy/biped_lower/deploy/biped_ws/install/biped_msgs/lib/python3.12/site-packages'
[39.046s] Level 1:colcon.colcon_core.shell:create_environment_hook('biped_msgs', 'pythonpath')
[39.046s] INFO:colcon.colcon_core.shell:Creating environment hook '/home/roy/biped_lower/deploy/biped_ws/install/biped_msgs/share/biped_msgs/hook/pythonpath.ps1'
[39.046s] INFO:colcon.colcon_core.shell:Creating environment descriptor '/home/roy/biped_lower/deploy/biped_ws/install/biped_msgs/share/biped_msgs/hook/pythonpath.dsv'
[39.048s] INFO:colcon.colcon_core.shell:Creating environment hook '/home/roy/biped_lower/deploy/biped_ws/install/biped_msgs/share/biped_msgs/hook/pythonpath.sh'
[39.050s] Level 1:colcon.colcon_core.environment:checking '/home/roy/biped_lower/deploy/biped_ws/install/biped_msgs/bin'
[39.050s] INFO:colcon.colcon_core.shell:Creating package script '/home/roy/biped_lower/deploy/biped_ws/install/biped_msgs/share/biped_msgs/package.ps1'
[39.051s] INFO:colcon.colcon_core.shell:Creating package descriptor '/home/roy/biped_lower/deploy/biped_ws/install/biped_msgs/share/biped_msgs/package.dsv'
[39.052s] INFO:colcon.colcon_core.shell:Creating package script '/home/roy/biped_lower/deploy/biped_ws/install/biped_msgs/share/biped_msgs/package.sh'
[39.053s] INFO:colcon.colcon_core.shell:Creating package script '/home/roy/biped_lower/deploy/biped_ws/install/biped_msgs/share/biped_msgs/package.bash'
[39.053s] INFO:colcon.colcon_core.shell:Creating package script '/home/roy/biped_lower/deploy/biped_ws/install/biped_msgs/share/biped_msgs/package.zsh'
[39.053s] Level 1:colcon.colcon_core.environment:create_file_with_runtime_dependencies(/home/roy/biped_lower/deploy/biped_ws/install/biped_msgs/share/colcon-core/packages/biped_msgs)
[39.054s] INFO:colcon.colcon_ros.task.ament_python.build:Building ROS package in '/home/roy/biped_lower/deploy/biped_ws/src/biped_driver' with build type 'ament_python'
[39.054s] Level 1:colcon.colcon_core.shell:create_environment_hook('biped_driver', 'ament_prefix_path')
[39.054s] INFO:colcon.colcon_core.shell:Creating environment hook '/home/roy/biped_lower/deploy/biped_ws/install/biped_driver/share/biped_driver/hook/ament_prefix_path.ps1'
[39.056s] INFO:colcon.colcon_core.shell:Creating environment descriptor '/home/roy/biped_lower/deploy/biped_ws/install/biped_driver/share/biped_driver/hook/ament_prefix_path.dsv'
[39.057s] INFO:colcon.colcon_core.shell:Creating environment hook '/home/roy/biped_lower/deploy/biped_ws/install/biped_driver/share/biped_driver/hook/ament_prefix_path.sh'
[39.058s] INFO:colcon.colcon_core.shell:Skip shell extension 'powershell' for command environment: Not usable outside of PowerShell
[39.058s] DEBUG:colcon.colcon_core.shell:Skip shell extension 'dsv' for command environment
[39.061s] INFO:colcon.colcon_ros.task.ament_python.build:Building ROS package in '/home/roy/biped_lower/deploy/biped_ws/src/biped_control' with build type 'ament_python'
[39.062s] Level 1:colcon.colcon_core.shell:create_environment_hook('biped_control', 'ament_prefix_path')
[39.062s] INFO:colcon.colcon_core.shell:Creating environment hook '/home/roy/biped_lower/deploy/biped_ws/install/biped_control/share/biped_control/hook/ament_prefix_path.ps1'
[39.074s] INFO:colcon.colcon_core.shell:Creating environment descriptor '/home/roy/biped_lower/deploy/biped_ws/install/biped_control/share/biped_control/hook/ament_prefix_path.dsv'
[39.074s] INFO:colcon.colcon_core.shell:Creating environment hook '/home/roy/biped_lower/deploy/biped_ws/install/biped_control/share/biped_control/hook/ament_prefix_path.sh'
[39.084s] INFO:colcon.colcon_core.shell:Skip shell extension 'powershell' for command environment: Not usable outside of PowerShell
[39.084s] DEBUG:colcon.colcon_core.shell:Skip shell extension 'dsv' for command environment
[39.429s] INFO:colcon.colcon_core.task.python.build:Building Python package in '/home/roy/biped_lower/deploy/biped_ws/src/biped_control'
[39.429s] INFO:colcon.colcon_core.shell:Skip shell extension 'powershell' for command environment: Not usable outside of PowerShell
[39.429s] DEBUG:colcon.colcon_core.shell:Skip shell extension 'dsv' for command environment
[39.820s] INFO:colcon.colcon_core.task.python.build:Building Python package in '/home/roy/biped_lower/deploy/biped_ws/src/biped_driver'
[39.820s] INFO:colcon.colcon_core.shell:Skip shell extension 'powershell' for command environment: Not usable outside of PowerShell
[39.820s] DEBUG:colcon.colcon_core.shell:Skip shell extension 'dsv' for command environment
[40.782s] DEBUG:colcon.colcon_core.event_handler.log_command:Invoking command in '/home/roy/biped_lower/deploy/biped_ws/build/biped_driver': CMAKE_PREFIX_PATH=/home/roy/biped_lower/deploy/biped_ws/install/biped_msgs LD_LIBRARY_PATH=/home/roy/biped_lower/deploy/biped_ws/install/biped_msgs/lib:${LD_LIBRARY_PATH} PKG_CONFIG_PATH=/home/roy/biped_lower/deploy/biped_ws/install/biped_msgs/lib/aarch64-linux-gnu/pkgconfig:/home/roy/biped_lower/deploy/biped_ws/install/biped_msgs/lib/pkgconfig PYTHONPATH=/home/roy/biped_lower/deploy/biped_ws/build/biped_driver/prefix_override:/usr/lib/python3/dist-packages/colcon_core/task/python/colcon_distutils_commands:/home/roy/biped_lower/deploy/biped_ws/install/biped_driver/lib/python3.12/site-packages:/home/roy/biped_lower/deploy/biped_ws/install/biped_msgs/lib/python3.12/site-packages:${PYTHONPATH} ROS_PACKAGE_PATH=/home/roy/biped_lower/deploy/biped_ws/install/biped_msgs/share /usr/bin/python3 -W ignore:setup.py install is deprecated -W ignore:easy_install command is deprecated setup.py develop --editable --build-directory /home/roy/biped_lower/deploy/biped_ws/build/biped_driver/build --no-deps symlink_data
[41.170s] DEBUG:colcon.colcon_core.event_handler.log_command:Invoking command in '/home/roy/biped_lower/deploy/biped_ws/build/biped_control': CMAKE_PREFIX_PATH=/home/roy/biped_lower/deploy/biped_ws/install/biped_msgs LD_LIBRARY_PATH=/home/roy/biped_lower/deploy/biped_ws/install/biped_msgs/lib:${LD_LIBRARY_PATH} PKG_CONFIG_PATH=/home/roy/biped_lower/deploy/biped_ws/install/biped_msgs/lib/aarch64-linux-gnu/pkgconfig:/home/roy/biped_lower/deploy/biped_ws/install/biped_msgs/lib/pkgconfig PYTHONPATH=/home/roy/biped_lower/deploy/biped_ws/build/biped_control/prefix_override:/usr/lib/python3/dist-packages/colcon_core/task/python/colcon_distutils_commands:/home/roy/biped_lower/deploy/biped_ws/install/biped_control/lib/python3.12/site-packages:/home/roy/biped_lower/deploy/biped_ws/install/biped_msgs/lib/python3.12/site-packages:${PYTHONPATH} ROS_PACKAGE_PATH=/home/roy/biped_lower/deploy/biped_ws/install/biped_msgs/share /usr/bin/python3 -W ignore:setup.py install is deprecated -W ignore:easy_install command is deprecated setup.py develop --editable --build-directory /home/roy/biped_lower/deploy/biped_ws/build/biped_control/build --no-deps symlink_data
[41.834s] Level 1:colcon.colcon_core.shell:create_environment_hook('biped_driver', 'pythonpath_develop')
[41.834s] INFO:colcon.colcon_core.shell:Creating environment hook '/home/roy/biped_lower/deploy/biped_ws/build/biped_driver/share/biped_driver/hook/pythonpath_develop.ps1'
[41.835s] INFO:colcon.colcon_core.shell:Creating environment descriptor '/home/roy/biped_lower/deploy/biped_ws/build/biped_driver/share/biped_driver/hook/pythonpath_develop.dsv'
[41.836s] INFO:colcon.colcon_core.shell:Creating environment hook '/home/roy/biped_lower/deploy/biped_ws/build/biped_driver/share/biped_driver/hook/pythonpath_develop.sh'
[41.836s] Level 1:colcon.colcon_core.environment:checking '/home/roy/biped_lower/deploy/biped_ws/install/biped_driver' for CMake module files
[41.837s] DEBUG:colcon.colcon_core.event_handler.log_command:Invoked command in '/home/roy/biped_lower/deploy/biped_ws/build/biped_driver' returned '0': CMAKE_PREFIX_PATH=/home/roy/biped_lower/deploy/biped_ws/install/biped_msgs LD_LIBRARY_PATH=/home/roy/biped_lower/deploy/biped_ws/install/biped_msgs/lib:${LD_LIBRARY_PATH} PKG_CONFIG_PATH=/home/roy/biped_lower/deploy/biped_ws/install/biped_msgs/lib/aarch64-linux-gnu/pkgconfig:/home/roy/biped_lower/deploy/biped_ws/install/biped_msgs/lib/pkgconfig PYTHONPATH=/home/roy/biped_lower/deploy/biped_ws/build/biped_driver/prefix_override:/usr/lib/python3/dist-packages/colcon_core/task/python/colcon_distutils_commands:/home/roy/biped_lower/deploy/biped_ws/install/biped_driver/lib/python3.12/site-packages:/home/roy/biped_lower/deploy/biped_ws/install/biped_msgs/lib/python3.12/site-packages:${PYTHONPATH} ROS_PACKAGE_PATH=/home/roy/biped_lower/deploy/biped_ws/install/biped_msgs/share /usr/bin/python3 -W ignore:setup.py install is deprecated -W ignore:easy_install command is deprecated setup.py develop --editable --build-directory /home/roy/biped_lower/deploy/biped_ws/build/biped_driver/build --no-deps symlink_data
[41.841s] Level 1:colcon.colcon_core.environment:checking '/home/roy/biped_lower/deploy/biped_ws/install/biped_driver' for CMake config files
[41.849s] Level 1:colcon.colcon_core.environment:checking '/home/roy/biped_lower/deploy/biped_ws/install/biped_driver/lib'
[41.849s] Level 1:colcon.colcon_core.environment:checking '/home/roy/biped_lower/deploy/biped_ws/install/biped_driver/bin'
[41.849s] Level 1:colcon.colcon_core.environment:checking '/home/roy/biped_lower/deploy/biped_ws/install/biped_driver/lib/pkgconfig/biped_driver.pc'
[41.850s] Level 1:colcon.colcon_core.environment:checking '/home/roy/biped_lower/deploy/biped_ws/install/biped_driver/lib/python3.12/site-packages'
[41.850s] Level 1:colcon.colcon_core.shell:create_environment_hook('biped_driver', 'pythonpath')
[41.850s] INFO:colcon.colcon_core.shell:Creating environment hook '/home/roy/biped_lower/deploy/biped_ws/install/biped_driver/share/biped_driver/hook/pythonpath.ps1'
[41.851s] INFO:colcon.colcon_core.shell:Creating environment descriptor '/home/roy/biped_lower/deploy/biped_ws/install/biped_driver/share/biped_driver/hook/pythonpath.dsv'
[41.851s] INFO:colcon.colcon_core.shell:Creating environment hook '/home/roy/biped_lower/deploy/biped_ws/install/biped_driver/share/biped_driver/hook/pythonpath.sh'
[41.852s] Level 1:colcon.colcon_core.environment:checking '/home/roy/biped_lower/deploy/biped_ws/install/biped_driver/bin'
[41.852s] Level 1:colcon.colcon_core.environment:create_environment_scripts_only(biped_driver)
[41.853s] INFO:colcon.colcon_core.shell:Creating package script '/home/roy/biped_lower/deploy/biped_ws/install/biped_driver/share/biped_driver/package.ps1'
[41.854s] INFO:colcon.colcon_core.shell:Creating package descriptor '/home/roy/biped_lower/deploy/biped_ws/install/biped_driver/share/biped_driver/package.dsv'
[41.854s] INFO:colcon.colcon_core.shell:Creating package script '/home/roy/biped_lower/deploy/biped_ws/install/biped_driver/share/biped_driver/package.sh'
[41.855s] INFO:colcon.colcon_core.shell:Creating package script '/home/roy/biped_lower/deploy/biped_ws/install/biped_driver/share/biped_driver/package.bash'
[41.855s] INFO:colcon.colcon_core.shell:Creating package script '/home/roy/biped_lower/deploy/biped_ws/install/biped_driver/share/biped_driver/package.zsh'
[41.855s] Level 1:colcon.colcon_core.environment:create_file_with_runtime_dependencies(/home/roy/biped_lower/deploy/biped_ws/install/biped_driver/share/colcon-core/packages/biped_driver)
[41.856s] INFO:colcon.colcon_ros.task.ament_python.build:Building ROS package in '/home/roy/biped_lower/deploy/biped_ws/src/biped_tools' with build type 'ament_python'
[41.856s] Level 1:colcon.colcon_core.shell:create_environment_hook('biped_tools', 'ament_prefix_path')
[41.856s] INFO:colcon.colcon_core.shell:Creating environment hook '/home/roy/biped_lower/deploy/biped_ws/install/biped_tools/share/biped_tools/hook/ament_prefix_path.ps1'
[41.857s] INFO:colcon.colcon_core.shell:Creating environment descriptor '/home/roy/biped_lower/deploy/biped_ws/install/biped_tools/share/biped_tools/hook/ament_prefix_path.dsv'
[41.857s] INFO:colcon.colcon_core.shell:Creating environment hook '/home/roy/biped_lower/deploy/biped_ws/install/biped_tools/share/biped_tools/hook/ament_prefix_path.sh'
[41.858s] INFO:colcon.colcon_core.shell:Skip shell extension 'powershell' for command environment: Not usable outside of PowerShell
[41.858s] DEBUG:colcon.colcon_core.shell:Skip shell extension 'dsv' for command environment
[42.335s] INFO:colcon.colcon_core.task.python.build:Building Python package in '/home/roy/biped_lower/deploy/biped_ws/src/biped_tools'
[42.335s] INFO:colcon.colcon_core.shell:Skip shell extension 'powershell' for command environment: Not usable outside of PowerShell
[42.335s] DEBUG:colcon.colcon_core.shell:Skip shell extension 'dsv' for command environment
[42.352s] Level 1:colcon.colcon_core.shell:create_environment_hook('biped_control', 'pythonpath_develop')
[42.352s] INFO:colcon.colcon_core.shell:Creating environment hook '/home/roy/biped_lower/deploy/biped_ws/build/biped_control/share/biped_control/hook/pythonpath_develop.ps1'
[42.353s] INFO:colcon.colcon_core.shell:Creating environment descriptor '/home/roy/biped_lower/deploy/biped_ws/build/biped_control/share/biped_control/hook/pythonpath_develop.dsv'
[42.353s] INFO:colcon.colcon_core.shell:Creating environment hook '/home/roy/biped_lower/deploy/biped_ws/build/biped_control/share/biped_control/hook/pythonpath_develop.sh'
[42.354s] Level 1:colcon.colcon_core.environment:checking '/home/roy/biped_lower/deploy/biped_ws/install/biped_control' for CMake module files
[42.355s] DEBUG:colcon.colcon_core.event_handler.log_command:Invoked command in '/home/roy/biped_lower/deploy/biped_ws/build/biped_control' returned '0': CMAKE_PREFIX_PATH=/home/roy/biped_lower/deploy/biped_ws/install/biped_msgs LD_LIBRARY_PATH=/home/roy/biped_lower/deploy/biped_ws/install/biped_msgs/lib:${LD_LIBRARY_PATH} PKG_CONFIG_PATH=/home/roy/biped_lower/deploy/biped_ws/install/biped_msgs/lib/aarch64-linux-gnu/pkgconfig:/home/roy/biped_lower/deploy/biped_ws/install/biped_msgs/lib/pkgconfig PYTHONPATH=/home/roy/biped_lower/deploy/biped_ws/build/biped_control/prefix_override:/usr/lib/python3/dist-packages/colcon_core/task/python/colcon_distutils_commands:/home/roy/biped_lower/deploy/biped_ws/install/biped_control/lib/python3.12/site-packages:/home/roy/biped_lower/deploy/biped_ws/install/biped_msgs/lib/python3.12/site-packages:${PYTHONPATH} ROS_PACKAGE_PATH=/home/roy/biped_lower/deploy/biped_ws/install/biped_msgs/share /usr/bin/python3 -W ignore:setup.py install is deprecated -W ignore:easy_install command is deprecated setup.py develop --editable --build-directory /home/roy/biped_lower/deploy/biped_ws/build/biped_control/build --no-deps symlink_data
[42.355s] Level 1:colcon.colcon_core.environment:checking '/home/roy/biped_lower/deploy/biped_ws/install/biped_control' for CMake config files
[42.356s] Level 1:colcon.colcon_core.environment:checking '/home/roy/biped_lower/deploy/biped_ws/install/biped_control/lib'
[42.356s] Level 1:colcon.colcon_core.environment:checking '/home/roy/biped_lower/deploy/biped_ws/install/biped_control/bin'
[42.356s] Level 1:colcon.colcon_core.environment:checking '/home/roy/biped_lower/deploy/biped_ws/install/biped_control/lib/pkgconfig/biped_control.pc'
[42.356s] Level 1:colcon.colcon_core.environment:checking '/home/roy/biped_lower/deploy/biped_ws/install/biped_control/lib/python3.12/site-packages'
[42.356s] Level 1:colcon.colcon_core.shell:create_environment_hook('biped_control', 'pythonpath')
[42.356s] INFO:colcon.colcon_core.shell:Creating environment hook '/home/roy/biped_lower/deploy/biped_ws/install/biped_control/share/biped_control/hook/pythonpath.ps1'
[42.357s] INFO:colcon.colcon_core.shell:Creating environment descriptor '/home/roy/biped_lower/deploy/biped_ws/install/biped_control/share/biped_control/hook/pythonpath.dsv'
[42.357s] INFO:colcon.colcon_core.shell:Creating environment hook '/home/roy/biped_lower/deploy/biped_ws/install/biped_control/share/biped_control/hook/pythonpath.sh'
[42.358s] Level 1:colcon.colcon_core.environment:checking '/home/roy/biped_lower/deploy/biped_ws/install/biped_control/bin'
[42.358s] Level 1:colcon.colcon_core.environment:create_environment_scripts_only(biped_control)
[42.359s] INFO:colcon.colcon_core.shell:Creating package script '/home/roy/biped_lower/deploy/biped_ws/install/biped_control/share/biped_control/package.ps1'
[42.361s] INFO:colcon.colcon_core.shell:Creating package descriptor '/home/roy/biped_lower/deploy/biped_ws/install/biped_control/share/biped_control/package.dsv'
[42.362s] INFO:colcon.colcon_core.shell:Creating package script '/home/roy/biped_lower/deploy/biped_ws/install/biped_control/share/biped_control/package.sh'
[42.362s] INFO:colcon.colcon_core.shell:Creating package script '/home/roy/biped_lower/deploy/biped_ws/install/biped_control/share/biped_control/package.bash'
[42.363s] INFO:colcon.colcon_core.shell:Creating package script '/home/roy/biped_lower/deploy/biped_ws/install/biped_control/share/biped_control/package.zsh'
[42.363s] Level 1:colcon.colcon_core.environment:create_file_with_runtime_dependencies(/home/roy/biped_lower/deploy/biped_ws/install/biped_control/share/colcon-core/packages/biped_control)
[43.353s] DEBUG:colcon.colcon_core.event_handler.log_command:Invoking command in '/home/roy/biped_lower/deploy/biped_ws/build/biped_tools': AMENT_PREFIX_PATH=/home/roy/biped_lower/deploy/biped_ws/install/biped_driver:${AMENT_PREFIX_PATH} CMAKE_PREFIX_PATH=/home/roy/biped_lower/deploy/biped_ws/install/biped_msgs LD_LIBRARY_PATH=/home/roy/biped_lower/deploy/biped_ws/install/biped_msgs/lib:${LD_LIBRARY_PATH} PKG_CONFIG_PATH=/home/roy/biped_lower/deploy/biped_ws/install/biped_msgs/lib/aarch64-linux-gnu/pkgconfig:/home/roy/biped_lower/deploy/biped_ws/install/biped_msgs/lib/pkgconfig PYTHONPATH=/home/roy/biped_lower/deploy/biped_ws/build/biped_tools/prefix_override:/usr/lib/python3/dist-packages/colcon_core/task/python/colcon_distutils_commands:/home/roy/biped_lower/deploy/biped_ws/install/biped_tools/lib/python3.12/site-packages:/home/roy/biped_lower/deploy/biped_ws/build/biped_driver:/home/roy/biped_lower/deploy/biped_ws/install/biped_driver/lib/python3.12/site-packages:/home/roy/biped_lower/deploy/biped_ws/install/biped_msgs/lib/python3.12/site-packages:${PYTHONPATH} ROS_PACKAGE_PATH=/home/roy/biped_lower/deploy/biped_ws/install/biped_msgs/share /usr/bin/python3 -W ignore:setup.py install is deprecated -W ignore:easy_install command is deprecated setup.py develop --editable --build-directory /home/roy/biped_lower/deploy/biped_ws/build/biped_tools/build --no-deps symlink_data
[44.236s] Level 1:colcon.colcon_core.shell:create_environment_hook('biped_tools', 'pythonpath_develop')
[44.237s] INFO:colcon.colcon_core.shell:Creating environment hook '/home/roy/biped_lower/deploy/biped_ws/build/biped_tools/share/biped_tools/hook/pythonpath_develop.ps1'
[44.238s] INFO:colcon.colcon_core.shell:Creating environment descriptor '/home/roy/biped_lower/deploy/biped_ws/build/biped_tools/share/biped_tools/hook/pythonpath_develop.dsv'
[44.239s] DEBUG:colcon.colcon_core.event_handler.log_command:Invoked command in '/home/roy/biped_lower/deploy/biped_ws/build/biped_tools' returned '0': AMENT_PREFIX_PATH=/home/roy/biped_lower/deploy/biped_ws/install/biped_driver:${AMENT_PREFIX_PATH} CMAKE_PREFIX_PATH=/home/roy/biped_lower/deploy/biped_ws/install/biped_msgs LD_LIBRARY_PATH=/home/roy/biped_lower/deploy/biped_ws/install/biped_msgs/lib:${LD_LIBRARY_PATH} PKG_CONFIG_PATH=/home/roy/biped_lower/deploy/biped_ws/install/biped_msgs/lib/aarch64-linux-gnu/pkgconfig:/home/roy/biped_lower/deploy/biped_ws/install/biped_msgs/lib/pkgconfig PYTHONPATH=/home/roy/biped_lower/deploy/biped_ws/build/biped_tools/prefix_override:/usr/lib/python3/dist-packages/colcon_core/task/python/colcon_distutils_commands:/home/roy/biped_lower/deploy/biped_ws/install/biped_tools/lib/python3.12/site-packages:/home/roy/biped_lower/deploy/biped_ws/build/biped_driver:/home/roy/biped_lower/deploy/biped_ws/install/biped_driver/lib/python3.12/site-packages:/home/roy/biped_lower/deploy/biped_ws/install/biped_msgs/lib/python3.12/site-packages:${PYTHONPATH} ROS_PACKAGE_PATH=/home/roy/biped_lower/deploy/biped_ws/install/biped_msgs/share /usr/bin/python3 -W ignore:setup.py install is deprecated -W ignore:easy_install command is deprecated setup.py develop --editable --build-directory /home/roy/biped_lower/deploy/biped_ws/build/biped_tools/build --no-deps symlink_data
[44.240s] INFO:colcon.colcon_core.shell:Creating environment hook '/home/roy/biped_lower/deploy/biped_ws/build/biped_tools/share/biped_tools/hook/pythonpath_develop.sh'
[44.242s] Level 1:colcon.colcon_core.environment:checking '/home/roy/biped_lower/deploy/biped_ws/install/biped_tools' for CMake module files
[44.243s] Level 1:colcon.colcon_core.environment:checking '/home/roy/biped_lower/deploy/biped_ws/install/biped_tools' for CMake config files
[44.243s] Level 1:colcon.colcon_core.environment:checking '/home/roy/biped_lower/deploy/biped_ws/install/biped_tools/lib'
[44.243s] Level 1:colcon.colcon_core.environment:checking '/home/roy/biped_lower/deploy/biped_ws/install/biped_tools/bin'
[44.244s] Level 1:colcon.colcon_core.environment:checking '/home/roy/biped_lower/deploy/biped_ws/install/biped_tools/lib/pkgconfig/biped_tools.pc'
[44.244s] Level 1:colcon.colcon_core.environment:checking '/home/roy/biped_lower/deploy/biped_ws/install/biped_tools/lib/python3.12/site-packages'
[44.244s] Level 1:colcon.colcon_core.shell:create_environment_hook('biped_tools', 'pythonpath')
[44.244s] INFO:colcon.colcon_core.shell:Creating environment hook '/home/roy/biped_lower/deploy/biped_ws/install/biped_tools/share/biped_tools/hook/pythonpath.ps1'
[44.245s] INFO:colcon.colcon_core.shell:Creating environment descriptor '/home/roy/biped_lower/deploy/biped_ws/install/biped_tools/share/biped_tools/hook/pythonpath.dsv'
[44.245s] INFO:colcon.colcon_core.shell:Creating environment hook '/home/roy/biped_lower/deploy/biped_ws/install/biped_tools/share/biped_tools/hook/pythonpath.sh'
[44.246s] Level 1:colcon.colcon_core.environment:checking '/home/roy/biped_lower/deploy/biped_ws/install/biped_tools/bin'
[44.246s] Level 1:colcon.colcon_core.environment:create_environment_scripts_only(biped_tools)
[44.247s] INFO:colcon.colcon_core.shell:Creating package script '/home/roy/biped_lower/deploy/biped_ws/install/biped_tools/share/biped_tools/package.ps1'
[44.247s] INFO:colcon.colcon_core.shell:Creating package descriptor '/home/roy/biped_lower/deploy/biped_ws/install/biped_tools/share/biped_tools/package.dsv'
[44.248s] INFO:colcon.colcon_core.shell:Creating package script '/home/roy/biped_lower/deploy/biped_ws/install/biped_tools/share/biped_tools/package.sh'
[44.248s] INFO:colcon.colcon_core.shell:Creating package script '/home/roy/biped_lower/deploy/biped_ws/install/biped_tools/share/biped_tools/package.bash'
[44.249s] INFO:colcon.colcon_core.shell:Creating package script '/home/roy/biped_lower/deploy/biped_ws/install/biped_tools/share/biped_tools/package.zsh'
[44.249s] Level 1:colcon.colcon_core.environment:create_file_with_runtime_dependencies(/home/roy/biped_lower/deploy/biped_ws/install/biped_tools/share/colcon-core/packages/biped_tools)
[44.249s] INFO:colcon.colcon_ros.task.ament_python.build:Building ROS package in '/home/roy/biped_lower/deploy/biped_ws/src/biped_bringup' with build type 'ament_python'
[44.250s] Level 1:colcon.colcon_core.shell:create_environment_hook('biped_bringup', 'ament_prefix_path')
[44.250s] INFO:colcon.colcon_core.shell:Creating environment hook '/home/roy/biped_lower/deploy/biped_ws/install/biped_bringup/share/biped_bringup/hook/ament_prefix_path.ps1'
[44.251s] INFO:colcon.colcon_core.shell:Creating environment descriptor '/home/roy/biped_lower/deploy/biped_ws/install/biped_bringup/share/biped_bringup/hook/ament_prefix_path.dsv'
[44.251s] INFO:colcon.colcon_core.shell:Creating environment hook '/home/roy/biped_lower/deploy/biped_ws/install/biped_bringup/share/biped_bringup/hook/ament_prefix_path.sh'
[44.252s] INFO:colcon.colcon_core.shell:Skip shell extension 'powershell' for command environment: Not usable outside of PowerShell
[44.252s] DEBUG:colcon.colcon_core.shell:Skip shell extension 'dsv' for command environment
[44.647s] INFO:colcon.colcon_core.task.python.build:Building Python package in '/home/roy/biped_lower/deploy/biped_ws/src/biped_bringup'
[44.648s] INFO:colcon.colcon_core.shell:Skip shell extension 'powershell' for command environment: Not usable outside of PowerShell
[44.648s] DEBUG:colcon.colcon_core.shell:Skip shell extension 'dsv' for command environment
[45.641s] DEBUG:colcon.colcon_core.event_handler.log_command:Invoking command in '/home/roy/biped_lower/deploy/biped_ws/build/biped_bringup': AMENT_PREFIX_PATH=/home/roy/biped_lower/deploy/biped_ws/install/biped_tools:/home/roy/biped_lower/deploy/biped_ws/install/biped_driver:/home/roy/biped_lower/deploy/biped_ws/install/biped_control:/home/roy/biped_lower/deploy/biped_ws/install/biped_teleop:${AMENT_PREFIX_PATH} CMAKE_PREFIX_PATH=/home/roy/biped_lower/deploy/biped_ws/install/biped_msgs LD_LIBRARY_PATH=/home/roy/biped_lower/deploy/biped_ws/install/biped_msgs/lib:${LD_LIBRARY_PATH} PKG_CONFIG_PATH=/home/roy/biped_lower/deploy/biped_ws/install/biped_msgs/lib/aarch64-linux-gnu/pkgconfig:/home/roy/biped_lower/deploy/biped_ws/install/biped_msgs/lib/pkgconfig PYTHONPATH=/home/roy/biped_lower/deploy/biped_ws/build/biped_bringup/prefix_override:/usr/lib/python3/dist-packages/colcon_core/task/python/colcon_distutils_commands:/home/roy/biped_lower/deploy/biped_ws/install/biped_bringup/lib/python3.12/site-packages:/home/roy/biped_lower/deploy/biped_ws/build/biped_tools:/home/roy/biped_lower/deploy/biped_ws/install/biped_tools/lib/python3.12/site-packages:/home/roy/biped_lower/deploy/biped_ws/build/biped_driver:/home/roy/biped_lower/deploy/biped_ws/install/biped_driver/lib/python3.12/site-packages:/home/roy/biped_lower/deploy/biped_ws/build/biped_control:/home/roy/biped_lower/deploy/biped_ws/install/biped_control/lib/python3.12/site-packages:/home/roy/biped_lower/deploy/biped_ws/build/biped_teleop:/home/roy/biped_lower/deploy/biped_ws/install/biped_teleop/lib/python3.12/site-packages:/home/roy/biped_lower/deploy/biped_ws/install/biped_msgs/lib/python3.12/site-packages:${PYTHONPATH} ROS_PACKAGE_PATH=/home/roy/biped_lower/deploy/biped_ws/install/biped_msgs/share /usr/bin/python3 -W ignore:setup.py install is deprecated -W ignore:easy_install command is deprecated setup.py develop --editable --build-directory /home/roy/biped_lower/deploy/biped_ws/build/biped_bringup/build --no-deps symlink_data
[46.646s] Level 1:colcon.colcon_core.shell:create_environment_hook('biped_bringup', 'pythonpath_develop')
[46.646s] INFO:colcon.colcon_core.shell:Creating environment hook '/home/roy/biped_lower/deploy/biped_ws/build/biped_bringup/share/biped_bringup/hook/pythonpath_develop.ps1'
[46.647s] DEBUG:colcon.colcon_core.event_handler.log_command:Invoked command in '/home/roy/biped_lower/deploy/biped_ws/build/biped_bringup' returned '0': AMENT_PREFIX_PATH=/home/roy/biped_lower/deploy/biped_ws/install/biped_tools:/home/roy/biped_lower/deploy/biped_ws/install/biped_driver:/home/roy/biped_lower/deploy/biped_ws/install/biped_control:/home/roy/biped_lower/deploy/biped_ws/install/biped_teleop:${AMENT_PREFIX_PATH} CMAKE_PREFIX_PATH=/home/roy/biped_lower/deploy/biped_ws/install/biped_msgs LD_LIBRARY_PATH=/home/roy/biped_lower/deploy/biped_ws/install/biped_msgs/lib:${LD_LIBRARY_PATH} PKG_CONFIG_PATH=/home/roy/biped_lower/deploy/biped_ws/install/biped_msgs/lib/aarch64-linux-gnu/pkgconfig:/home/roy/biped_lower/deploy/biped_ws/install/biped_msgs/lib/pkgconfig PYTHONPATH=/home/roy/biped_lower/deploy/biped_ws/build/biped_bringup/prefix_override:/usr/lib/python3/dist-packages/colcon_core/task/python/colcon_distutils_commands:/home/roy/biped_lower/deploy/biped_ws/install/biped_bringup/lib/python3.12/site-packages:/home/roy/biped_lower/deploy/biped_ws/build/biped_tools:/home/roy/biped_lower/deploy/biped_ws/install/biped_tools/lib/python3.12/site-packages:/home/roy/biped_lower/deploy/biped_ws/build/biped_driver:/home/roy/biped_lower/deploy/biped_ws/install/biped_driver/lib/python3.12/site-packages:/home/roy/biped_lower/deploy/biped_ws/build/biped_control:/home/roy/biped_lower/deploy/biped_ws/install/biped_control/lib/python3.12/site-packages:/home/roy/biped_lower/deploy/biped_ws/build/biped_teleop:/home/roy/biped_lower/deploy/biped_ws/install/biped_teleop/lib/python3.12/site-packages:/home/roy/biped_lower/deploy/biped_ws/install/biped_msgs/lib/python3.12/site-packages:${PYTHONPATH} ROS_PACKAGE_PATH=/home/roy/biped_lower/deploy/biped_ws/install/biped_msgs/share /usr/bin/python3 -W ignore:setup.py install is deprecated -W ignore:easy_install command is deprecated setup.py develop --editable --build-directory /home/roy/biped_lower/deploy/biped_ws/build/biped_bringup/build --no-deps symlink_data
[46.647s] INFO:colcon.colcon_core.shell:Creating environment descriptor '/home/roy/biped_lower/deploy/biped_ws/build/biped_bringup/share/biped_bringup/hook/pythonpath_develop.dsv'
[46.648s] INFO:colcon.colcon_core.shell:Creating environment hook '/home/roy/biped_lower/deploy/biped_ws/build/biped_bringup/share/biped_bringup/hook/pythonpath_develop.sh'
[46.648s] Level 1:colcon.colcon_core.environment:checking '/home/roy/biped_lower/deploy/biped_ws/install/biped_bringup' for CMake module files
[46.649s] Level 1:colcon.colcon_core.environment:checking '/home/roy/biped_lower/deploy/biped_ws/install/biped_bringup' for CMake config files
[46.650s] Level 1:colcon.colcon_core.environment:checking '/home/roy/biped_lower/deploy/biped_ws/install/biped_bringup/lib'
[46.650s] Level 1:colcon.colcon_core.environment:checking '/home/roy/biped_lower/deploy/biped_ws/install/biped_bringup/bin'
[46.650s] Level 1:colcon.colcon_core.environment:checking '/home/roy/biped_lower/deploy/biped_ws/install/biped_bringup/lib/pkgconfig/biped_bringup.pc'
[46.650s] Level 1:colcon.colcon_core.environment:checking '/home/roy/biped_lower/deploy/biped_ws/install/biped_bringup/lib/python3.12/site-packages'
[46.650s] Level 1:colcon.colcon_core.shell:create_environment_hook('biped_bringup', 'pythonpath')
[46.651s] INFO:colcon.colcon_core.shell:Creating environment hook '/home/roy/biped_lower/deploy/biped_ws/install/biped_bringup/share/biped_bringup/hook/pythonpath.ps1'
[46.651s] INFO:colcon.colcon_core.shell:Creating environment descriptor '/home/roy/biped_lower/deploy/biped_ws/install/biped_bringup/share/biped_bringup/hook/pythonpath.dsv'
[46.651s] INFO:colcon.colcon_core.shell:Creating environment hook '/home/roy/biped_lower/deploy/biped_ws/install/biped_bringup/share/biped_bringup/hook/pythonpath.sh'
[46.652s] Level 1:colcon.colcon_core.environment:checking '/home/roy/biped_lower/deploy/biped_ws/install/biped_bringup/bin'
[46.652s] Level 1:colcon.colcon_core.environment:create_environment_scripts_only(biped_bringup)
[46.653s] INFO:colcon.colcon_core.shell:Creating package script '/home/roy/biped_lower/deploy/biped_ws/install/biped_bringup/share/biped_bringup/package.ps1'
[46.653s] INFO:colcon.colcon_core.shell:Creating package descriptor '/home/roy/biped_lower/deploy/biped_ws/install/biped_bringup/share/biped_bringup/package.dsv'
[46.654s] INFO:colcon.colcon_core.shell:Creating package script '/home/roy/biped_lower/deploy/biped_ws/install/biped_bringup/share/biped_bringup/package.sh'
[46.654s] INFO:colcon.colcon_core.shell:Creating package script '/home/roy/biped_lower/deploy/biped_ws/install/biped_bringup/share/biped_bringup/package.bash'
[46.655s] INFO:colcon.colcon_core.shell:Creating package script '/home/roy/biped_lower/deploy/biped_ws/install/biped_bringup/share/biped_bringup/package.zsh'
[46.655s] Level 1:colcon.colcon_core.environment:create_file_with_runtime_dependencies(/home/roy/biped_lower/deploy/biped_ws/install/biped_bringup/share/colcon-core/packages/biped_bringup)
[46.655s] DEBUG:colcon.colcon_parallel_executor.executor.parallel:closing loop
[46.656s] DEBUG:colcon.colcon_parallel_executor.executor.parallel:loop closed
[46.656s] DEBUG:colcon.colcon_parallel_executor.executor.parallel:run_until_complete finished with '0'
[46.656s] DEBUG:colcon.colcon_core.event_reactor:joining thread
[46.666s] INFO:colcon.colcon_core.plugin_system:Skipping extension 'colcon_notification.desktop_notification.notify_send': Could not find 'notify-send'
[46.666s] INFO:colcon.colcon_core.plugin_system:Skipping extension 'colcon_notification.desktop_notification.terminal_notifier': Not used on non-Darwin systems
[46.666s] INFO:colcon.colcon_core.plugin_system:Skipping extension 'colcon_notification.desktop_notification.win32': Not used on non-Windows systems
[46.666s] INFO:colcon.colcon_notification.desktop_notification:Sending desktop notification using 'notify2'
[46.667s] DEBUG:colcon.colcon_notification.desktop_notification.notify2:Failed to initialize notify2: org.freedesktop.DBus.Error.ServiceUnknown: The name org.freedesktop.Notifications was not provided by any .service files
[46.667s] DEBUG:colcon.colcon_core.event_reactor:joined thread
[46.668s] INFO:colcon.colcon_core.shell:Creating prefix script '/home/roy/biped_lower/deploy/biped_ws/install/local_setup.ps1'
[46.669s] INFO:colcon.colcon_core.shell:Creating prefix util module '/home/roy/biped_lower/deploy/biped_ws/install/_local_setup_util_ps1.py'
[46.670s] INFO:colcon.colcon_core.shell:Creating prefix chain script '/home/roy/biped_lower/deploy/biped_ws/install/setup.ps1'
[46.671s] INFO:colcon.colcon_core.shell:Creating prefix script '/home/roy/biped_lower/deploy/biped_ws/install/local_setup.sh'
[46.672s] INFO:colcon.colcon_core.shell:Creating prefix util module '/home/roy/biped_lower/deploy/biped_ws/install/_local_setup_util_sh.py'
[46.672s] INFO:colcon.colcon_core.shell:Creating prefix chain script '/home/roy/biped_lower/deploy/biped_ws/install/setup.sh'
[46.673s] INFO:colcon.colcon_core.shell:Creating prefix script '/home/roy/biped_lower/deploy/biped_ws/install/local_setup.bash'
[46.674s] INFO:colcon.colcon_core.shell:Creating prefix chain script '/home/roy/biped_lower/deploy/biped_ws/install/setup.bash'
[46.675s] INFO:colcon.colcon_core.shell:Creating prefix script '/home/roy/biped_lower/deploy/biped_ws/install/local_setup.zsh'
[46.675s] INFO:colcon.colcon_core.shell:Creating prefix chain script '/home/roy/biped_lower/deploy/biped_ws/install/setup.zsh'
