[1.494s] Invoking command in '/home/roy/biped_lower/deploy/biped_ws/build/biped_tools': AMENT_PREFIX_PATH=/home/roy/biped_lower/deploy/biped_ws/install/biped_driver:${AMENT_PREFIX_PATH} CMAKE_PREFIX_PATH=/home/roy/biped_lower/deploy/biped_ws/install/biped_msgs LD_LIBRARY_PATH=/home/roy/biped_lower/deploy/biped_ws/install/biped_msgs/lib:${LD_LIBRARY_PATH} PKG_CONFIG_PATH=/home/roy/biped_lower/deploy/biped_ws/install/biped_msgs/lib/aarch64-linux-gnu/pkgconfig:/home/roy/biped_lower/deploy/biped_ws/install/biped_msgs/lib/pkgconfig PYTHONPATH=/home/roy/biped_lower/deploy/biped_ws/build/biped_tools/prefix_override:/usr/lib/python3/dist-packages/colcon_core/task/python/colcon_distutils_commands:/home/roy/biped_lower/deploy/biped_ws/install/biped_tools/lib/python3.12/site-packages:/home/roy/biped_lower/deploy/biped_ws/build/biped_driver:/home/roy/biped_lower/deploy/biped_ws/install/biped_driver/lib/python3.12/site-packages:/home/roy/biped_lower/deploy/biped_ws/install/biped_msgs/lib/python3.12/site-packages:${PYTHONPATH} ROS_PACKAGE_PATH=/home/roy/biped_lower/deploy/biped_ws/install/biped_msgs/share /usr/bin/python3 -W ignore:setup.py install is deprecated -W ignore:easy_install command is deprecated setup.py develop --editable --build-directory /home/roy/biped_lower/deploy/biped_ws/build/biped_tools/build --no-deps symlink_data
[1.957s] running develop
[2.182s] running egg_info
[2.183s] creating biped_tools.egg-info
[2.205s] writing biped_tools.egg-info/PKG-INFO
[2.205s] writing dependency_links to biped_tools.egg-info/dependency_links.txt
[2.206s] writing entry points to biped_tools.egg-info/entry_points.txt
[2.206s] writing requirements to biped_tools.egg-info/requires.txt
[2.206s] writing top-level names to biped_tools.egg-info/top_level.txt
[2.206s] writing manifest file 'biped_tools.egg-info/SOURCES.txt'
[2.248s] reading manifest file 'biped_tools.egg-info/SOURCES.txt'
[2.251s] writing manifest file 'biped_tools.egg-info/SOURCES.txt'
[2.273s] running build_ext
[2.274s] Creating /home/roy/biped_lower/deploy/biped_ws/install/biped_tools/lib/python3.12/site-packages/biped-tools.egg-link (link to .)
[2.275s] Installing calibrate_node script to /home/roy/biped_lower/deploy/biped_ws/install/biped_tools/lib/biped_tools
[2.277s] Installing export_onnx script to /home/roy/biped_lower/deploy/biped_ws/install/biped_tools/lib/biped_tools
[2.278s] 
[2.278s] Installed /home/roy/biped_lower/deploy/biped_ws/build/biped_tools
[2.278s] running symlink_data
[2.278s] creating /home/roy/biped_lower/deploy/biped_ws/install/biped_tools/share/ament_index
[2.279s] creating /home/roy/biped_lower/deploy/biped_ws/install/biped_tools/share/ament_index/resource_index
[2.279s] creating /home/roy/biped_lower/deploy/biped_ws/install/biped_tools/share/ament_index/resource_index/packages
[2.279s] symbolically linking /home/roy/biped_lower/deploy/biped_ws/build/biped_tools/resource/biped_tools -> /home/roy/biped_lower/deploy/biped_ws/install/biped_tools/share/ament_index/resource_index/packages
[2.279s] symbolically linking /home/roy/biped_lower/deploy/biped_ws/build/biped_tools/package.xml -> /home/roy/biped_lower/deploy/biped_ws/install/biped_tools/share/biped_tools
[2.380s] Invoked command in '/home/roy/biped_lower/deploy/biped_ws/build/biped_tools' returned '0': AMENT_PREFIX_PATH=/home/roy/biped_lower/deploy/biped_ws/install/biped_driver:${AMENT_PREFIX_PATH} CMAKE_PREFIX_PATH=/home/roy/biped_lower/deploy/biped_ws/install/biped_msgs LD_LIBRARY_PATH=/home/roy/biped_lower/deploy/biped_ws/install/biped_msgs/lib:${LD_LIBRARY_PATH} PKG_CONFIG_PATH=/home/roy/biped_lower/deploy/biped_ws/install/biped_msgs/lib/aarch64-linux-gnu/pkgconfig:/home/roy/biped_lower/deploy/biped_ws/install/biped_msgs/lib/pkgconfig PYTHONPATH=/home/roy/biped_lower/deploy/biped_ws/build/biped_tools/prefix_override:/usr/lib/python3/dist-packages/colcon_core/task/python/colcon_distutils_commands:/home/roy/biped_lower/deploy/biped_ws/install/biped_tools/lib/python3.12/site-packages:/home/roy/biped_lower/deploy/biped_ws/build/biped_driver:/home/roy/biped_lower/deploy/biped_ws/install/biped_driver/lib/python3.12/site-packages:/home/roy/biped_lower/deploy/biped_ws/install/biped_msgs/lib/python3.12/site-packages:${PYTHONPATH} ROS_PACKAGE_PATH=/home/roy/biped_lower/deploy/biped_ws/install/biped_msgs/share /usr/bin/python3 -W ignore:setup.py install is deprecated -W ignore:easy_install command is deprecated setup.py develop --editable --build-directory /home/roy/biped_lower/deploy/biped_ws/build/biped_tools/build --no-deps symlink_data
