running develop
running egg_info
creating biped_bringup.egg-info
writing biped_bringup.egg-info/PKG-INFO
writing dependency_links to biped_bringup.egg-info/dependency_links.txt
writing requirements to biped_bringup.egg-info/requires.txt
writing top-level names to biped_bringup.egg-info/top_level.txt
writing manifest file 'biped_bringup.egg-info/SOURCES.txt'
reading manifest file 'biped_bringup.egg-info/SOURCES.txt'
writing manifest file 'biped_bringup.egg-info/SOURCES.txt'
running build_ext
Creating /home/roy/biped_lower/deploy/biped_ws/install/biped_bringup/lib/python3.12/site-packages/biped-bringup.egg-link (link to .)

Installed /home/roy/biped_lower/deploy/biped_ws/build/biped_bringup
running symlink_data
creating /home/roy/biped_lower/deploy/biped_ws/install/biped_bringup/share/ament_index
creating /home/roy/biped_lower/deploy/biped_ws/install/biped_bringup/share/ament_index/resource_index
creating /home/roy/biped_lower/deploy/biped_ws/install/biped_bringup/share/ament_index/resource_index/packages
symbolically linking /home/roy/biped_lower/deploy/biped_ws/build/biped_bringup/resource/biped_bringup -> /home/roy/biped_lower/deploy/biped_ws/install/biped_bringup/share/ament_index/resource_index/packages
symbolically linking /home/roy/biped_lower/deploy/biped_ws/build/biped_bringup/package.xml -> /home/roy/biped_lower/deploy/biped_ws/install/biped_bringup/share/biped_bringup
creating /home/roy/biped_lower/deploy/biped_ws/install/biped_bringup/share/biped_bringup/launch
symbolically linking /home/roy/biped_lower/deploy/biped_ws/build/biped_bringup/launch/hardware.launch.py -> /home/roy/biped_lower/deploy/biped_ws/install/biped_bringup/share/biped_bringup/launch
symbolically linking /home/roy/biped_lower/deploy/biped_ws/build/biped_bringup/launch/calibrate.launch.py -> /home/roy/biped_lower/deploy/biped_ws/install/biped_bringup/share/biped_bringup/launch
symbolically linking /home/roy/biped_lower/deploy/biped_ws/build/biped_bringup/launch/bringup.launch.py -> /home/roy/biped_lower/deploy/biped_ws/install/biped_bringup/share/biped_bringup/launch
symbolically linking /home/roy/biped_lower/deploy/biped_ws/build/biped_bringup/launch/record.launch.py -> /home/roy/biped_lower/deploy/biped_ws/install/biped_bringup/share/biped_bringup/launch
creating /home/roy/biped_lower/deploy/biped_ws/install/biped_bringup/share/biped_bringup/config
symbolically linking /home/roy/biped_lower/deploy/biped_ws/build/biped_bringup/config/robot.yaml -> /home/roy/biped_lower/deploy/biped_ws/install/biped_bringup/share/biped_bringup/config
