[1.390s] Invoking command in '/home/roy/biped_lower/deploy/biped_ws/build/biped_bringup': AMENT_PREFIX_PATH=/home/roy/biped_lower/deploy/biped_ws/install/biped_tools:/home/roy/biped_lower/deploy/biped_ws/install/biped_driver:/home/roy/biped_lower/deploy/biped_ws/install/biped_control:/home/roy/biped_lower/deploy/biped_ws/install/biped_teleop:${AMENT_PREFIX_PATH} CMAKE_PREFIX_PATH=/home/roy/biped_lower/deploy/biped_ws/install/biped_msgs LD_LIBRARY_PATH=/home/roy/biped_lower/deploy/biped_ws/install/biped_msgs/lib:${LD_LIBRARY_PATH} PKG_CONFIG_PATH=/home/roy/biped_lower/deploy/biped_ws/install/biped_msgs/lib/aarch64-linux-gnu/pkgconfig:/home/roy/biped_lower/deploy/biped_ws/install/biped_msgs/lib/pkgconfig PYTHONPATH=/home/roy/biped_lower/deploy/biped_ws/build/biped_bringup/prefix_override:/usr/lib/python3/dist-packages/colcon_core/task/python/colcon_distutils_commands:/home/roy/biped_lower/deploy/biped_ws/install/biped_bringup/lib/python3.12/site-packages:/home/roy/biped_lower/deploy/biped_ws/build/biped_tools:/home/roy/biped_lower/deploy/biped_ws/install/biped_tools/lib/python3.12/site-packages:/home/roy/biped_lower/deploy/biped_ws/build/biped_driver:/home/roy/biped_lower/deploy/biped_ws/install/biped_driver/lib/python3.12/site-packages:/home/roy/biped_lower/deploy/biped_ws/build/biped_control:/home/roy/biped_lower/deploy/biped_ws/install/biped_control/lib/python3.12/site-packages:/home/roy/biped_lower/deploy/biped_ws/build/biped_teleop:/home/roy/biped_lower/deploy/biped_ws/install/biped_teleop/lib/python3.12/site-packages:/home/roy/biped_lower/deploy/biped_ws/install/biped_msgs/lib/python3.12/site-packages:${PYTHONPATH} ROS_PACKAGE_PATH=/home/roy/biped_lower/deploy/biped_ws/install/biped_msgs/share /usr/bin/python3 -W ignore:setup.py install is deprecated -W ignore:easy_install command is deprecated setup.py develop --editable --build-directory /home/roy/biped_lower/deploy/biped_ws/build/biped_bringup/build --no-deps symlink_data
[1.933s] running develop
[2.190s] running egg_info
[2.190s] creating biped_bringup.egg-info
[2.213s] writing biped_bringup.egg-info/PKG-INFO
[2.213s] writing dependency_links to biped_bringup.egg-info/dependency_links.txt
[2.213s] writing requirements to biped_bringup.egg-info/requires.txt
[2.214s] writing top-level names to biped_bringup.egg-info/top_level.txt
[2.214s] writing manifest file 'biped_bringup.egg-info/SOURCES.txt'
[2.236s] reading manifest file 'biped_bringup.egg-info/SOURCES.txt'
[2.236s] writing manifest file 'biped_bringup.egg-info/SOURCES.txt'
[2.263s] running build_ext
[2.286s] Creating /home/roy/biped_lower/deploy/biped_ws/install/biped_bringup/lib/python3.12/site-packages/biped-bringup.egg-link (link to .)
[2.288s] 
[2.289s] Installed /home/roy/biped_lower/deploy/biped_ws/build/biped_bringup
[2.290s] running symlink_data
[2.292s] creating /home/roy/biped_lower/deploy/biped_ws/install/biped_bringup/share/ament_index
[2.293s] creating /home/roy/biped_lower/deploy/biped_ws/install/biped_bringup/share/ament_index/resource_index
[2.295s] creating /home/roy/biped_lower/deploy/biped_ws/install/biped_bringup/share/ament_index/resource_index/packages
[2.298s] symbolically linking /home/roy/biped_lower/deploy/biped_ws/build/biped_bringup/resource/biped_bringup -> /home/roy/biped_lower/deploy/biped_ws/install/biped_bringup/share/ament_index/resource_index/packages
[2.300s] symbolically linking /home/roy/biped_lower/deploy/biped_ws/build/biped_bringup/package.xml -> /home/roy/biped_lower/deploy/biped_ws/install/biped_bringup/share/biped_bringup
[2.302s] creating /home/roy/biped_lower/deploy/biped_ws/install/biped_bringup/share/biped_bringup/launch
[2.305s] symbolically linking /home/roy/biped_lower/deploy/biped_ws/build/biped_bringup/launch/hardware.launch.py -> /home/roy/biped_lower/deploy/biped_ws/install/biped_bringup/share/biped_bringup/launch
[2.308s] symbolically linking /home/roy/biped_lower/deploy/biped_ws/build/biped_bringup/launch/calibrate.launch.py -> /home/roy/biped_lower/deploy/biped_ws/install/biped_bringup/share/biped_bringup/launch
[2.309s] symbolically linking /home/roy/biped_lower/deploy/biped_ws/build/biped_bringup/launch/bringup.launch.py -> /home/roy/biped_lower/deploy/biped_ws/install/biped_bringup/share/biped_bringup/launch
[2.311s] symbolically linking /home/roy/biped_lower/deploy/biped_ws/build/biped_bringup/launch/record.launch.py -> /home/roy/biped_lower/deploy/biped_ws/install/biped_bringup/share/biped_bringup/launch
[2.312s] creating /home/roy/biped_lower/deploy/biped_ws/install/biped_bringup/share/biped_bringup/config
[2.315s] symbolically linking /home/roy/biped_lower/deploy/biped_ws/build/biped_bringup/config/robot.yaml -> /home/roy/biped_lower/deploy/biped_ws/install/biped_bringup/share/biped_bringup/config
[2.396s] Invoked command in '/home/roy/biped_lower/deploy/biped_ws/build/biped_bringup' returned '0': AMENT_PREFIX_PATH=/home/roy/biped_lower/deploy/biped_ws/install/biped_tools:/home/roy/biped_lower/deploy/biped_ws/install/biped_driver:/home/roy/biped_lower/deploy/biped_ws/install/biped_control:/home/roy/biped_lower/deploy/biped_ws/install/biped_teleop:${AMENT_PREFIX_PATH} CMAKE_PREFIX_PATH=/home/roy/biped_lower/deploy/biped_ws/install/biped_msgs LD_LIBRARY_PATH=/home/roy/biped_lower/deploy/biped_ws/install/biped_msgs/lib:${LD_LIBRARY_PATH} PKG_CONFIG_PATH=/home/roy/biped_lower/deploy/biped_ws/install/biped_msgs/lib/aarch64-linux-gnu/pkgconfig:/home/roy/biped_lower/deploy/biped_ws/install/biped_msgs/lib/pkgconfig PYTHONPATH=/home/roy/biped_lower/deploy/biped_ws/build/biped_bringup/prefix_override:/usr/lib/python3/dist-packages/colcon_core/task/python/colcon_distutils_commands:/home/roy/biped_lower/deploy/biped_ws/install/biped_bringup/lib/python3.12/site-packages:/home/roy/biped_lower/deploy/biped_ws/build/biped_tools:/home/roy/biped_lower/deploy/biped_ws/install/biped_tools/lib/python3.12/site-packages:/home/roy/biped_lower/deploy/biped_ws/build/biped_driver:/home/roy/biped_lower/deploy/biped_ws/install/biped_driver/lib/python3.12/site-packages:/home/roy/biped_lower/deploy/biped_ws/build/biped_control:/home/roy/biped_lower/deploy/biped_ws/install/biped_control/lib/python3.12/site-packages:/home/roy/biped_lower/deploy/biped_ws/build/biped_teleop:/home/roy/biped_lower/deploy/biped_ws/install/biped_teleop/lib/python3.12/site-packages:/home/roy/biped_lower/deploy/biped_ws/install/biped_msgs/lib/python3.12/site-packages:${PYTHONPATH} ROS_PACKAGE_PATH=/home/roy/biped_lower/deploy/biped_ws/install/biped_msgs/share /usr/bin/python3 -W ignore:setup.py install is deprecated -W ignore:easy_install command is deprecated setup.py develop --editable --build-directory /home/roy/biped_lower/deploy/biped_ws/build/biped_bringup/build --no-deps symlink_data
